<?xml version="1.0" encoding="utf-8" standalone="no"?>
<!--This file represents the results of running a test suite-->
<test-results name="/Users/brian/dev/dev/rcl/dbg/RCL.Test.dll" total="67" failures="0" not-run="4" date="2017-12-21" time="16:10:54">
  <environment nunit-version="2.4.8.0" clr-version="4.0.30319.42000" os-version="Unix 15.6.0.0" platform="Unix" cwd="/Users/brian/dev/src/rcl" machine-name="inh" user="brian" user-domain="inh" />
  <culture-info current-culture="en-US" current-uiculture="en-US" />
  <test-suite name="/Users/brian/dev/dev/rcl/dbg/RCL.Test.dll" success="True" time="2.225" asserts="0">
    <results>
      <test-suite name="RCL" success="True" time="2.224" asserts="0">
        <results>
          <test-suite name="Test" success="True" time="2.217" asserts="0">
            <results>
              <test-suite name="CoreTest3" success="True" time="2.213" asserts="0">
                <results>
                  <test-case name="RCL.Test.CoreTest3.TestBinaryContainers" executed="True" success="True" time="0.061" asserts="0" />
                  <test-case name="RCL.Test.CoreTest3.TestBinaryCube" executed="True" success="True" time="0.023" asserts="0" />
                  <test-case name="RCL.Test.CoreTest3.TestBinaryFixed" executed="True" success="True" time="0.019" asserts="0" />
                  <test-case name="RCL.Test.CoreTest3.TestBinaryReference" executed="True" success="True" time="0.002" asserts="0" />
                  <test-case name="RCL.Test.CoreTest3.TestBinaryString" executed="True" success="True" time="0.001" asserts="0" />
                  <test-case name="RCL.Test.CoreTest3.TestBinarySymbol" executed="True" success="True" time="0.004" asserts="0" />
                  <test-case name="RCL.Test.CoreTest3.TestBotWithChildFibers" executed="True" success="True" time="0.011" asserts="0" />
                  <test-case name="RCL.Test.CoreTest3.TestCompare0" executed="True" success="True" time="0.008" asserts="0" />
                  <test-case name="RCL.Test.CoreTest3.TestCompare1" executed="True" success="True" time="0.001" asserts="0" />
                  <test-case name="RCL.Test.CoreTest3.TestCompare2" executed="True" success="True" time="0.001" asserts="0" />
                  <test-case name="RCL.Test.CoreTest3.TestCompare3" executed="True" success="True" time="0.001" asserts="0" />
                  <test-case name="RCL.Test.CoreTest3.TestCompare4" executed="True" success="True" time="0.001" asserts="0" />
                  <test-case name="RCL.Test.CoreTest3.TestCompare5" executed="True" success="True" time="0.001" asserts="0" />
                  <test-case name="RCL.Test.CoreTest3.TestCompare6" executed="True" success="True" time="0.001" asserts="0" />
                  <test-case name="RCL.Test.CoreTest3.TestCompare7" executed="True" success="True" time="0.001" asserts="0" />
                  <test-case name="RCL.Test.CoreTest3.TestExec" executed="False">
                    <reason>
                      <message><![CDATA[]]></message>
                    </reason>
                  </test-case>
                  <test-case name="RCL.Test.CoreTest3.TestExec2" executed="False">
                    <reason>
                      <message><![CDATA[]]></message>
                    </reason>
                  </test-case>
                  <test-case name="RCL.Test.CoreTest3.TestFiberWithChildFibers" executed="True" success="True" time="0.001" asserts="0" />
                  <test-case name="RCL.Test.CoreTest3.TestFile" executed="True" success="True" time="0.003" asserts="0" />
                  <test-case name="RCL.Test.CoreTest3.TestFileAndPath" executed="True" success="True" time="0.001" asserts="0" />
                  <test-case name="RCL.Test.CoreTest3.TestFormatLog" executed="True" success="True" time="0.001" asserts="0" />
                  <test-case name="RCL.Test.CoreTest3.TestFormatPretty" executed="True" success="True" time="0.003" asserts="0" />
                  <test-case name="RCL.Test.CoreTest3.TestFormatPretty1" executed="True" success="True" time="0.001" asserts="0" />
                  <test-case name="RCL.Test.CoreTest3.TestFormatText" executed="True" success="True" time="0.001" asserts="0" />
                  <test-case name="RCL.Test.CoreTest3.TestGetm" executed="True" success="True" time="0.003" asserts="0" />
                  <test-case name="RCL.Test.CoreTest3.TestGetm1" executed="True" success="True" time="0.001" asserts="0" />
                  <test-case name="RCL.Test.CoreTest3.TestGetm2" executed="True" success="True" time="0.001" asserts="0" />
                  <test-case name="RCL.Test.CoreTest3.TestKillAfterThrow" executed="True" success="True" time="0.001" asserts="0" />
                  <test-case name="RCL.Test.CoreTest3.TestModule" executed="True" success="True" time="0.009" asserts="0" />
                  <test-case name="RCL.Test.CoreTest3.TestModule1" executed="True" success="True" time="0.001" asserts="0" />
                  <test-case name="RCL.Test.CoreTest3.TestModule2" executed="True" success="True" time="0.001" asserts="0" />
                  <test-case name="RCL.Test.CoreTest3.TestOpenSendReceiveCloseCube" executed="False">
                    <reason>
                      <message><![CDATA[]]></message>
                    </reason>
                  </test-case>
                  <test-case name="RCL.Test.CoreTest3.TestParseCSV" executed="True" success="True" time="0.003" asserts="0" />
                  <test-case name="RCL.Test.CoreTest3.TestParseDefault" executed="True" success="True" time="0.002" asserts="0" />
                  <test-case name="RCL.Test.CoreTest3.TestParseJSON" executed="True" success="True" time="0.007" asserts="0" />
                  <test-case name="RCL.Test.CoreTest3.TestParseXML" executed="True" success="True" time="0.005" asserts="0" />
                  <test-case name="RCL.Test.CoreTest3.TestParseXML1" executed="True" success="True" time="0.004" asserts="0" />
                  <test-case name="RCL.Test.CoreTest3.TestParseXML2" executed="True" success="True" time="0.004" asserts="0" />
                  <test-case name="RCL.Test.CoreTest3.TestPath" executed="True" success="True" time="0.002" asserts="0" />
                  <test-case name="RCL.Test.CoreTest3.TestSavebinLoadbinDelete" executed="True" success="True" time="0.002" asserts="0" />
                  <test-case name="RCL.Test.CoreTest3.TestSaveLoadDelete" executed="True" success="True" time="0.001" asserts="0" />
                  <test-case name="RCL.Test.CoreTest3.TestSaveLoadExtraLine" executed="True" success="True" time="0.001" asserts="0" />
                  <test-case name="RCL.Test.CoreTest3.TestSaveLoadUnderline" executed="True" success="True" time="0.001" asserts="0" />
                  <test-case name="RCL.Test.CoreTest3.TestTryAssert" executed="True" success="True" time="0.002" asserts="0" />
                  <test-case name="RCL.Test.CoreTest3.TestTryAsync0" executed="True" success="True" time="0.001" asserts="0" />
                  <test-case name="RCL.Test.CoreTest3.TestTryAsync1" executed="True" success="True" time="0.001" asserts="0" />
                  <test-case name="RCL.Test.CoreTest3.TestTryAsync2" executed="True" success="True" time="0.001" asserts="0" />
                  <test-case name="RCL.Test.CoreTest3.TestTryAsync3" executed="True" success="True" time="0.001" asserts="0" />
                  <test-case name="RCL.Test.CoreTest3.TestTryAsync4" executed="True" success="True" time="0.001" asserts="0" />
                  <test-case name="RCL.Test.CoreTest3.TestTryBadReference" executed="True" success="True" time="0.001" asserts="0" />
                  <test-case name="RCL.Test.CoreTest3.TestTryEval" executed="True" success="True" time="0.001" asserts="0" />
                  <test-case name="RCL.Test.CoreTest3.TestTryEval1" executed="True" success="True" time="0.001" asserts="0" />
                  <test-case name="RCL.Test.CoreTest3.TestTryEval2" executed="True" success="True" time="0.001" asserts="0" />
                  <test-case name="RCL.Test.CoreTest3.TestTryFail" executed="True" success="True" time="0.001" asserts="0" />
                  <test-case name="RCL.Test.CoreTest3.TestTryFail1" executed="True" success="True" time="0.001" asserts="0" />
                  <test-case name="RCL.Test.CoreTest3.TestTryFailAssert" executed="True" success="True" time="0.001" asserts="0" />
                  <test-case name="RCL.Test.CoreTest3.TestTryOk" executed="True" success="True" time="0.001" asserts="0" />
                  <test-case name="RCL.Test.CoreTest3.TestTrySwitchLast" executed="True" success="True" time="0.001" asserts="0" />
                  <test-case name="RCL.Test.CoreTest3.TestTryWaitKill" executed="True" success="True" time="0.012" asserts="0" />
                  <test-case name="RCL.Test.CoreTest3.TestTryWaitKill1" executed="True" success="True" time="0.001" asserts="0" />
                  <test-case name="RCL.Test.CoreTest3.TestTryWaitKill2" executed="True" success="True" time="0.002" asserts="0" />
                  <test-case name="RCL.Test.CoreTest3.TestTryWaitKill3" executed="True" success="True" time="0.001" asserts="0" />
                  <test-case name="RCL.Test.CoreTest3.TestTryWaitKill4" executed="True" success="True" time="0.001" asserts="0" />
                  <test-case name="RCL.Test.CoreTest3.TestTryWaitKill5" executed="True" success="True" time="0.011" asserts="0" />
                  <test-case name="RCL.Test.CoreTest3.TestTryWaitKill6" executed="True" success="True" time="0.002" asserts="0" />
                  <test-case name="RCL.Test.CoreTest3.TestTryWaitx" executed="True" success="True" time="0.774" asserts="0" />
                  <test-case name="RCL.Test.CoreTest3.TestWaitBotNoTimeout" executed="True" success="True" time="0.004" asserts="0" />
                  <test-case name="RCL.Test.CoreTest3.TestWaitBotTimeout" executed="True" success="True" time="0.501" asserts="0" />
                  <test-case name="RCL.Test.CoreTest3.TestWaitFiberNoTimeout" executed="True" success="True" time="0.001" asserts="0" />
                  <test-case name="RCL.Test.CoreTest3.TestWaitFiberTimeout" executed="True" success="True" time="0.508" asserts="0" />
                  <test-case name="RCL.Test.CoreTest3.TestWatchf" executed="False">
                    <reason>
                      <message><![CDATA[]]></message>
                    </reason>
                  </test-case>
                </results>
              </test-suite>
            </results>
          </test-suite>
        </results>
      </test-suite>
    </results>
  </test-suite>
</test-results>