<?xml version="1.0" encoding="utf-8" standalone="no"?>
<!--This file represents the results of running a test suite-->
<test-results name="/Users/brian/dev/src/rcl/RCL.Kernel/bin/Debug/RCL.Kernel.dll" total="0" failures="0" not-run="0" date="2017-09-13" time="17:58:38">
  <environment nunit-version="2.4.8.0" clr-version="4.0.30319.42000" os-version="Unix 15.6.0.0" platform="Unix" cwd="/Users/brian/dev/src/rcl" machine-name="Brians-iMac" user="brian" user-domain="Brians-iMac" />
  <culture-info current-culture="en-US" current-uiculture="en-US" />
  <test-suite name="/Users/brian/dev/src/rcl/RCL.Kernel/bin/Debug/RCL.Kernel.dll" success="True" time="0.001" asserts="0">
    <results />
  </test-suite>
</test-results>