<?xml version="1.0" encoding="utf-8" standalone="no"?>
<!--This file represents the results of running a test suite-->
<test-results name="/Users/brian/dev/src/rcl/RCL.Test/bin/Debug/RCL.Test.dll" total="1499" failures="0" not-run="42" date="2016-09-09" time="18:18:32">
  <environment nunit-version="2.4.8.0" clr-version="4.0.30319.42000" os-version="Unix 15.6.0.0" platform="Unix" cwd="/Users/brian/dev/src/rcl" machine-name="Brians-iMac" user="brian" user-domain="Brians-iMac" />
  <culture-info current-culture="en-US" current-uiculture="en-US" />
  <test-suite name="/Users/brian/dev/src/rcl/RCL.Test/bin/Debug/RCL.Test.dll" success="True" time="4.851" asserts="0">
    <results>
      <test-suite name="nicTest" success="True" time="0.222" asserts="0">
        <results>
          <test-suite name="diff_match_patchTest" success="True" time="0.218" asserts="0">
            <results>
              <test-case name="nicTest.diff_match_patchTest.diff_bisectTest" executed="True" success="True" time="0.005" asserts="2" />
              <test-case name="nicTest.diff_match_patchTest.diff_charsToLinesTest" executed="True" success="True" time="0.001" asserts="4" />
              <test-case name="nicTest.diff_match_patchTest.diff_cleanupEfficiencyTest" executed="True" success="True" time="0.001" asserts="6" />
              <test-case name="nicTest.diff_match_patchTest.diff_cleanupMergeTest" executed="True" success="True" time="0.001" asserts="12" />
              <test-case name="nicTest.diff_match_patchTest.diff_cleanupSemanticLosslessTest" executed="True" success="True" time="0.005" asserts="8" />
              <test-case name="nicTest.diff_match_patchTest.diff_cleanupSemanticTest" executed="True" success="True" time="0.002" asserts="11" />
              <test-case name="nicTest.diff_match_patchTest.diff_commonOverlapTest" executed="True" success="True" time="0.000" asserts="5" />
              <test-case name="nicTest.diff_match_patchTest.diff_commonPrefixTest" executed="True" success="True" time="0.000" asserts="3" />
              <test-case name="nicTest.diff_match_patchTest.diff_commonSuffixTest" executed="True" success="True" time="0.000" asserts="3" />
              <test-case name="nicTest.diff_match_patchTest.diff_deltaTest" executed="True" success="True" time="0.050" asserts="9" />
              <test-case name="nicTest.diff_match_patchTest.diff_halfmatchTest" executed="True" success="True" time="0.001" asserts="11" />
              <test-case name="nicTest.diff_match_patchTest.diff_levenshteinTest" executed="True" success="True" time="0.000" asserts="3" />
              <test-case name="nicTest.diff_match_patchTest.diff_linesToCharsTest" executed="True" success="True" time="0.001" asserts="14" />
              <test-case name="nicTest.diff_match_patchTest.diff_mainTest" executed="True" success="True" time="0.112" asserts="18" />
              <test-case name="nicTest.diff_match_patchTest.diff_prettyHtmlTest" executed="True" success="True" time="0.000" asserts="1" />
              <test-case name="nicTest.diff_match_patchTest.diff_textTest" executed="True" success="True" time="0.000" asserts="2" />
              <test-case name="nicTest.diff_match_patchTest.diff_xIndexTest" executed="True" success="True" time="0.000" asserts="2" />
              <test-case name="nicTest.diff_match_patchTest.match_alphabetTest" executed="True" success="True" time="0.002" asserts="2" />
              <test-case name="nicTest.diff_match_patchTest.match_bitapTest" executed="True" success="True" time="0.001" asserts="17" />
              <test-case name="nicTest.diff_match_patchTest.match_mainTest" executed="True" success="True" time="0.000" asserts="7" />
              <test-case name="nicTest.diff_match_patchTest.patch_addContextTest" executed="True" success="True" time="0.004" asserts="4" />
              <test-case name="nicTest.diff_match_patchTest.patch_addPaddingTest" executed="True" success="True" time="0.002" asserts="6" />
              <test-case name="nicTest.diff_match_patchTest.patch_applyTest" executed="True" success="True" time="0.003" asserts="13" />
              <test-case name="nicTest.diff_match_patchTest.patch_fromTextTest" executed="True" success="True" time="0.000" asserts="5" />
              <test-case name="nicTest.diff_match_patchTest.patch_makeTest" executed="True" success="True" time="0.001" asserts="9" />
              <test-case name="nicTest.diff_match_patchTest.patch_patchObjTest" executed="True" success="True" time="0.000" asserts="1" />
              <test-case name="nicTest.diff_match_patchTest.patch_splitMaxTest" executed="True" success="True" time="0.001" asserts="4" />
              <test-case name="nicTest.diff_match_patchTest.patch_toTextTest" executed="True" success="True" time="0.000" asserts="2" />
            </results>
          </test-suite>
        </results>
      </test-suite>
      <test-suite name="RCL" success="True" time="4.550" asserts="0">
        <results>
          <test-suite name="Test" success="True" time="4.549" asserts="0">
            <results>
              <test-suite name="BlockTest" success="True" time="0.081" asserts="0">
                <results>
                  <test-case name="RCL.Test.BlockTest.TestBlock" executed="True" success="True" time="0.003" asserts="8" />
                  <test-case name="RCL.Test.BlockTest.TestMacroCtor" executed="True" success="True" time="0.001" asserts="0" />
                  <test-case name="RCL.Test.BlockTest.TestMinimalOperator" executed="True" success="True" time="0.008" asserts="2" />
                  <test-case name="RCL.Test.BlockTest.TestNestedOperator" executed="True" success="True" time="0.001" asserts="2" />
                  <test-case name="RCL.Test.BlockTest.TestReferencesInBlock" executed="True" success="True" time="0.002" asserts="3" />
                  <test-case name="RCL.Test.BlockTest.TestScalarsLeft" executed="True" success="True" time="0.001" asserts="10" />
                  <test-case name="RCL.Test.BlockTest.TestScalarsRight" executed="True" success="True" time="0.001" asserts="8" />
                  <test-case name="RCL.Test.BlockTest.TestTwoSidedNestedOperator" executed="True" success="True" time="0.001" asserts="2" />
                  <test-case name="RCL.Test.BlockTest.TestYieldFromBlock" executed="True" success="True" time="0.000" asserts="7" />
                </results>
              </test-suite>
              <test-suite name="CoreTest1" success="True" time="0.212" asserts="0">
                <results>
                  <test-case name="RCL.Test.CoreTest1.TestAndBB" executed="True" success="True" time="0.006" asserts="2" />
                  <test-case name="RCL.Test.CoreTest1.TestAndXX" executed="True" success="True" time="0.001" asserts="2" />
                  <test-case name="RCL.Test.CoreTest1.TestAvgD" executed="True" success="True" time="0.001" asserts="2" />
                  <test-case name="RCL.Test.CoreTest1.TestAvgL" executed="True" success="True" time="0.001" asserts="2" />
                  <test-case name="RCL.Test.CoreTest1.TestAvgM" executed="True" success="True" time="0.002" asserts="2" />
                  <test-case name="RCL.Test.CoreTest1.TestAvgX" executed="True" success="True" time="0.000" asserts="2" />
                  <test-case name="RCL.Test.CoreTest1.TestBooleanB0" executed="True" success="True" time="0.001" asserts="2" />
                  <test-case name="RCL.Test.CoreTest1.TestBooleanB1" executed="True" success="True" time="0.011" asserts="2" />
                  <test-case name="RCL.Test.CoreTest1.TestBooleanD" executed="True" success="True" time="0.000" asserts="2" />
                  <test-case name="RCL.Test.CoreTest1.TestBooleanK" executed="True" success="True" time="0.000" asserts="2" />
                  <test-case name="RCL.Test.CoreTest1.TestBooleanL" executed="True" success="True" time="0.000" asserts="2" />
                  <test-case name="RCL.Test.CoreTest1.TestBooleanM" executed="True" success="True" time="0.001" asserts="2" />
                  <test-case name="RCL.Test.CoreTest1.TestBooleanS" executed="True" success="True" time="0.001" asserts="2" />
                  <test-case name="RCL.Test.CoreTest1.TestBooleanX" executed="True" success="True" time="0.000" asserts="2" />
                  <test-case name="RCL.Test.CoreTest1.TestByteB" executed="True" success="True" time="0.000" asserts="2" />
                  <test-case name="RCL.Test.CoreTest1.TestByteD" executed="True" success="True" time="0.000" asserts="2" />
                  <test-case name="RCL.Test.CoreTest1.TestByteK" executed="True" success="True" time="0.000" asserts="2" />
                  <test-case name="RCL.Test.CoreTest1.TestByteL0" executed="True" success="True" time="0.000" asserts="2" />
                  <test-case name="RCL.Test.CoreTest1.TestByteM" executed="True" success="True" time="0.001" asserts="2" />
                  <test-case name="RCL.Test.CoreTest1.TestByteS" executed="True" success="True" time="0.000" asserts="2" />
                  <test-case name="RCL.Test.CoreTest1.TestByteX" executed="True" success="True" time="0.000" asserts="2" />
                  <test-case name="RCL.Test.CoreTest1.TestByteX1" executed="True" success="True" time="0.003" asserts="2" />
                  <test-case name="RCL.Test.CoreTest1.TestCountB" executed="True" success="True" time="0.001" asserts="2" />
                  <test-case name="RCL.Test.CoreTest1.TestCountD" executed="True" success="True" time="0.000" asserts="2" />
                  <test-case name="RCL.Test.CoreTest1.TestCountK0" executed="True" success="True" time="0.000" asserts="2" />
                  <test-case name="RCL.Test.CoreTest1.TestCountK1" executed="True" success="True" time="0.000" asserts="2" />
                  <test-case name="RCL.Test.CoreTest1.TestCountL" executed="True" success="True" time="0.000" asserts="2" />
                  <test-case name="RCL.Test.CoreTest1.TestCountM" executed="True" success="True" time="0.000" asserts="2" />
                  <test-case name="RCL.Test.CoreTest1.TestCountN" executed="True" success="True" time="0.000" asserts="2" />
                  <test-case name="RCL.Test.CoreTest1.TestCountS" executed="True" success="True" time="0.000" asserts="2" />
                  <test-case name="RCL.Test.CoreTest1.TestCountT" executed="True" success="True" time="0.007" asserts="2" />
                  <test-case name="RCL.Test.CoreTest1.TestCountU" executed="True" success="True" time="0.003" asserts="2" />
                  <test-case name="RCL.Test.CoreTest1.TestCountX" executed="True" success="True" time="0.000" asserts="2" />
                  <test-case name="RCL.Test.CoreTest1.TestCountY" executed="True" success="True" time="0.000" asserts="2" />
                  <test-case name="RCL.Test.CoreTest1.TestDateT" executed="True" success="True" time="0.006" asserts="2" />
                  <test-case name="RCL.Test.CoreTest1.TestDatetimeT" executed="True" success="True" time="0.000" asserts="2" />
                  <test-case name="RCL.Test.CoreTest1.TestDatetimeTU" executed="True" success="True" time="0.002" asserts="2" />
                  <test-case name="RCL.Test.CoreTest1.TestDateTU" executed="True" success="True" time="0.000" asserts="2" />
                  <test-case name="RCL.Test.CoreTest1.TestDayT" executed="True" success="True" time="0.003" asserts="2" />
                  <test-case name="RCL.Test.CoreTest1.TestDaytimeT" executed="True" success="True" time="0.000" asserts="2" />
                  <test-case name="RCL.Test.CoreTest1.TestDaytimeTU" executed="True" success="True" time="0.000" asserts="2" />
                  <test-case name="RCL.Test.CoreTest1.TestDayTU" executed="True" success="True" time="0.001" asserts="2" />
                  <test-case name="RCL.Test.CoreTest1.TestDecimalB" executed="True" success="True" time="0.000" asserts="2" />
                  <test-case name="RCL.Test.CoreTest1.TestDecimalD" executed="True" success="True" time="0.001" asserts="2" />
                  <test-case name="RCL.Test.CoreTest1.TestDecimalK" executed="True" success="True" time="0.000" asserts="2" />
                  <test-case name="RCL.Test.CoreTest1.TestDecimalL" executed="True" success="True" time="0.000" asserts="2" />
                  <test-case name="RCL.Test.CoreTest1.TestDecimalM0" executed="True" success="True" time="0.000" asserts="2" />
                  <test-case name="RCL.Test.CoreTest1.TestDecimalM1" executed="True" success="True" time="0.003" asserts="2" />
                  <test-case name="RCL.Test.CoreTest1.TestDecimalS" executed="True" success="True" time="0.000" asserts="2" />
                  <test-case name="RCL.Test.CoreTest1.TestDecimalX" executed="True" success="True" time="0.000" asserts="2" />
                  <test-case name="RCL.Test.CoreTest1.TestDivideDD" executed="True" success="True" time="0.000" asserts="2" />
                  <test-case name="RCL.Test.CoreTest1.TestDivideDL" executed="True" success="True" time="0.001" asserts="2" />
                  <test-case name="RCL.Test.CoreTest1.TestDivideDM" executed="True" success="True" time="0.002" asserts="0" />
                  <test-case name="RCL.Test.CoreTest1.TestDivideDX" executed="True" success="True" time="0.001" asserts="2" />
                  <test-case name="RCL.Test.CoreTest1.TestDivideLD" executed="True" success="True" time="0.001" asserts="2" />
                  <test-case name="RCL.Test.CoreTest1.TestDivideLL" executed="True" success="True" time="0.001" asserts="2" />
                  <test-case name="RCL.Test.CoreTest1.TestDivideLM" executed="True" success="True" time="0.001" asserts="2" />
                  <test-case name="RCL.Test.CoreTest1.TestDivideLX" executed="True" success="True" time="0.001" asserts="2" />
                  <test-case name="RCL.Test.CoreTest1.TestDivideMD" executed="True" success="True" time="0.000" asserts="0" />
                  <test-case name="RCL.Test.CoreTest1.TestDivideML" executed="True" success="True" time="0.001" asserts="2" />
                  <test-case name="RCL.Test.CoreTest1.TestDivideMM" executed="True" success="True" time="0.001" asserts="2" />
                  <test-case name="RCL.Test.CoreTest1.TestDivideMX" executed="True" success="True" time="0.001" asserts="2" />
                  <test-case name="RCL.Test.CoreTest1.TestDivideXD" executed="True" success="True" time="0.001" asserts="2" />
                  <test-case name="RCL.Test.CoreTest1.TestDivideXL" executed="True" success="True" time="0.001" asserts="2" />
                  <test-case name="RCL.Test.CoreTest1.TestDivideXM" executed="True" success="True" time="0.001" asserts="2" />
                  <test-case name="RCL.Test.CoreTest1.TestDivideXX" executed="True" success="True" time="0.000" asserts="2" />
                  <test-case name="RCL.Test.CoreTest1.TestDoubleB" executed="True" success="True" time="0.000" asserts="2" />
                  <test-case name="RCL.Test.CoreTest1.TestDoubleD0" executed="True" success="True" time="0.000" asserts="2" />
                  <test-case name="RCL.Test.CoreTest1.TestDoubleD1" executed="True" success="True" time="0.002" asserts="2" />
                  <test-case name="RCL.Test.CoreTest1.TestDoubleK" executed="True" success="True" time="0.000" asserts="2" />
                  <test-case name="RCL.Test.CoreTest1.TestDoubleL" executed="True" success="True" time="0.000" asserts="2" />
                  <test-case name="RCL.Test.CoreTest1.TestDoubleM" executed="True" success="True" time="0.000" asserts="2" />
                  <test-case name="RCL.Test.CoreTest1.TestDoubleS" executed="True" success="True" time="0.000" asserts="2" />
                  <test-case name="RCL.Test.CoreTest1.TestDoubleS1" executed="True" success="True" time="0.000" asserts="2" />
                  <test-case name="RCL.Test.CoreTest1.TestDoubleX" executed="True" success="True" time="0.000" asserts="2" />
                  <test-case name="RCL.Test.CoreTest1.TestEqBB" executed="True" success="True" time="0.000" asserts="2" />
                  <test-case name="RCL.Test.CoreTest1.TestEqDD" executed="True" success="True" time="0.001" asserts="2" />
                  <test-case name="RCL.Test.CoreTest1.TestEqDL" executed="True" success="True" time="0.001" asserts="2" />
                  <test-case name="RCL.Test.CoreTest1.TestEqDM" executed="True" success="True" time="0.000" asserts="0" />
                  <test-case name="RCL.Test.CoreTest1.TestEqDX" executed="True" success="True" time="0.001" asserts="2" />
                  <test-case name="RCL.Test.CoreTest1.TestEqLD" executed="True" success="True" time="0.001" asserts="2" />
                  <test-case name="RCL.Test.CoreTest1.TestEqLL" executed="True" success="True" time="0.001" asserts="2" />
                  <test-case name="RCL.Test.CoreTest1.TestEqLM" executed="True" success="True" time="0.001" asserts="2" />
                  <test-case name="RCL.Test.CoreTest1.TestEqLX" executed="True" success="True" time="0.001" asserts="2" />
                  <test-case name="RCL.Test.CoreTest1.TestEqMD" executed="True" success="True" time="0.000" asserts="0" />
                  <test-case name="RCL.Test.CoreTest1.TestEqML" executed="True" success="True" time="0.001" asserts="2" />
                  <test-case name="RCL.Test.CoreTest1.TestEqMM" executed="True" success="True" time="0.001" asserts="2" />
                  <test-case name="RCL.Test.CoreTest1.TestEqMX" executed="True" success="True" time="0.001" asserts="2" />
                  <test-case name="RCL.Test.CoreTest1.TestEqSS" executed="True" success="True" time="0.000" asserts="2" />
                  <test-case name="RCL.Test.CoreTest1.TestEqualsYY" executed="True" success="True" time="0.001" asserts="2" />
                  <test-case name="RCL.Test.CoreTest1.TestEqualsYY1" executed="True" success="True" time="0.000" asserts="2" />
                  <test-case name="RCL.Test.CoreTest1.TestEqXD" executed="True" success="True" time="0.001" asserts="2" />
                  <test-case name="RCL.Test.CoreTest1.TestEqXL" executed="True" success="True" time="0.001" asserts="2" />
                  <test-case name="RCL.Test.CoreTest1.TestEqXM" executed="True" success="True" time="0.001" asserts="2" />
                  <test-case name="RCL.Test.CoreTest1.TestEqXX" executed="True" success="True" time="0.000" asserts="2" />
                  <test-case name="RCL.Test.CoreTest1.TestEqYY" executed="True" success="True" time="0.001" asserts="2" />
                  <test-case name="RCL.Test.CoreTest1.TestEqYY1" executed="True" success="True" time="0.000" asserts="2" />
                  <test-case name="RCL.Test.CoreTest1.TestGtDD" executed="True" success="True" time="0.000" asserts="2" />
                  <test-case name="RCL.Test.CoreTest1.TestGtDL" executed="True" success="True" time="0.000" asserts="2" />
                  <test-case name="RCL.Test.CoreTest1.TestGtDM" executed="True" success="True" time="0.000" asserts="0" />
                  <test-case name="RCL.Test.CoreTest1.TestGtDX" executed="True" success="True" time="0.000" asserts="2" />
                  <test-case name="RCL.Test.CoreTest1.TestGteDD" executed="True" success="True" time="0.000" asserts="2" />
                  <test-case name="RCL.Test.CoreTest1.TestGteDL" executed="True" success="True" time="0.000" asserts="2" />
                  <test-case name="RCL.Test.CoreTest1.TestGteDM" executed="True" success="True" time="0.000" asserts="0" />
                  <test-case name="RCL.Test.CoreTest1.TestGteDX" executed="True" success="True" time="0.000" asserts="2" />
                  <test-case name="RCL.Test.CoreTest1.TestGteLD" executed="True" success="True" time="0.000" asserts="2" />
                  <test-case name="RCL.Test.CoreTest1.TestGteLL" executed="True" success="True" time="0.000" asserts="2" />
                  <test-case name="RCL.Test.CoreTest1.TestGteLM" executed="True" success="True" time="0.000" asserts="2" />
                  <test-case name="RCL.Test.CoreTest1.TestGteLX" executed="True" success="True" time="0.000" asserts="2" />
                  <test-case name="RCL.Test.CoreTest1.TestGteMD" executed="True" success="True" time="0.000" asserts="0" />
                  <test-case name="RCL.Test.CoreTest1.TestGteML" executed="True" success="True" time="0.000" asserts="2" />
                  <test-case name="RCL.Test.CoreTest1.TestGteMM" executed="True" success="True" time="0.000" asserts="2" />
                  <test-case name="RCL.Test.CoreTest1.TestGteMX" executed="True" success="True" time="0.000" asserts="2" />
                  <test-case name="RCL.Test.CoreTest1.TestGteXD" executed="True" success="True" time="0.000" asserts="2" />
                  <test-case name="RCL.Test.CoreTest1.TestGteXL" executed="True" success="True" time="0.000" asserts="2" />
                  <test-case name="RCL.Test.CoreTest1.TestGteXM" executed="True" success="True" time="0.000" asserts="2" />
                  <test-case name="RCL.Test.CoreTest1.TestGteXX" executed="True" success="True" time="0.000" asserts="2" />
                  <test-case name="RCL.Test.CoreTest1.TestGtLD" executed="True" success="True" time="0.000" asserts="2" />
                  <test-case name="RCL.Test.CoreTest1.TestGtLL" executed="True" success="True" time="0.000" asserts="2" />
                  <test-case name="RCL.Test.CoreTest1.TestGtLM" executed="True" success="True" time="0.000" asserts="2" />
                  <test-case name="RCL.Test.CoreTest1.TestGtLX" executed="True" success="True" time="0.000" asserts="2" />
                  <test-case name="RCL.Test.CoreTest1.TestGtMD" executed="True" success="True" time="0.000" asserts="0" />
                  <test-case name="RCL.Test.CoreTest1.TestGtML" executed="True" success="True" time="0.000" asserts="2" />
                  <test-case name="RCL.Test.CoreTest1.TestGtMM" executed="True" success="True" time="0.000" asserts="2" />
                  <test-case name="RCL.Test.CoreTest1.TestGtMX" executed="True" success="True" time="0.000" asserts="2" />
                  <test-case name="RCL.Test.CoreTest1.TestGtXD" executed="True" success="True" time="0.000" asserts="2" />
                  <test-case name="RCL.Test.CoreTest1.TestGtXL" executed="True" success="True" time="0.000" asserts="2" />
                  <test-case name="RCL.Test.CoreTest1.TestGtXM" executed="True" success="True" time="0.000" asserts="2" />
                  <test-case name="RCL.Test.CoreTest1.TestGtXX" executed="True" success="True" time="0.000" asserts="2" />
                  <test-case name="RCL.Test.CoreTest1.TestHighD" executed="True" success="True" time="0.000" asserts="2" />
                  <test-case name="RCL.Test.CoreTest1.TestHighL" executed="True" success="True" time="0.001" asserts="2" />
                  <test-case name="RCL.Test.CoreTest1.TestHighM" executed="True" success="True" time="0.001" asserts="2" />
                  <test-case name="RCL.Test.CoreTest1.TestHighX" executed="True" success="True" time="0.000" asserts="2" />
                  <test-case name="RCL.Test.CoreTest1.TestHourT" executed="True" success="True" time="0.000" asserts="2" />
                  <test-case name="RCL.Test.CoreTest1.TestHourTU" executed="True" success="True" time="0.000" asserts="2" />
                  <test-case name="RCL.Test.CoreTest1.TestLengthS" executed="True" success="True" time="0.000" asserts="2" />
                  <test-case name="RCL.Test.CoreTest1.TestLengthY" executed="True" success="True" time="0.000" asserts="2" />
                  <test-case name="RCL.Test.CoreTest1.TestLongB" executed="True" success="True" time="0.000" asserts="2" />
                  <test-case name="RCL.Test.CoreTest1.TestLongD" executed="True" success="True" time="0.000" asserts="2" />
                  <test-case name="RCL.Test.CoreTest1.TestLongK" executed="True" success="True" time="0.000" asserts="2" />
                  <test-case name="RCL.Test.CoreTest1.TestLongL0" executed="True" success="True" time="0.000" asserts="2" />
                  <test-case name="RCL.Test.CoreTest1.TestLongL1" executed="True" success="True" time="0.001" asserts="2" />
                  <test-case name="RCL.Test.CoreTest1.TestLongM" executed="True" success="True" time="0.000" asserts="2" />
                  <test-case name="RCL.Test.CoreTest1.TestLongS" executed="True" success="True" time="0.000" asserts="2" />
                  <test-case name="RCL.Test.CoreTest1.TestLongT0" executed="True" success="True" time="0.000" asserts="2" />
                  <test-case name="RCL.Test.CoreTest1.TestLongT1" executed="True" success="True" time="0.000" asserts="2" />
                  <test-case name="RCL.Test.CoreTest1.TestLongT2" executed="True" success="True" time="0.000" asserts="2" />
                  <test-case name="RCL.Test.CoreTest1.TestLongT3" executed="True" success="True" time="0.000" asserts="2" />
                  <test-case name="RCL.Test.CoreTest1.TestLongX" executed="True" success="True" time="0.000" asserts="2" />
                  <test-case name="RCL.Test.CoreTest1.TestLongY" executed="True" success="True" time="0.000" asserts="2" />
                  <test-case name="RCL.Test.CoreTest1.TestLowD" executed="True" success="True" time="0.000" asserts="2" />
                  <test-case name="RCL.Test.CoreTest1.TestLowL" executed="True" success="True" time="0.000" asserts="2" />
                  <test-case name="RCL.Test.CoreTest1.TestLowM" executed="True" success="True" time="0.001" asserts="2" />
                  <test-case name="RCL.Test.CoreTest1.TestLowX" executed="True" success="True" time="0.000" asserts="2" />
                  <test-case name="RCL.Test.CoreTest1.TestLtDD" executed="True" success="True" time="0.000" asserts="2" />
                  <test-case name="RCL.Test.CoreTest1.TestLtDL" executed="True" success="True" time="0.000" asserts="2" />
                  <test-case name="RCL.Test.CoreTest1.TestLtDM" executed="True" success="True" time="0.000" asserts="0" />
                  <test-case name="RCL.Test.CoreTest1.TestLtDX" executed="True" success="True" time="0.000" asserts="2" />
                  <test-case name="RCL.Test.CoreTest1.TestLteDD" executed="True" success="True" time="0.000" asserts="2" />
                  <test-case name="RCL.Test.CoreTest1.TestLteDL" executed="True" success="True" time="0.000" asserts="2" />
                  <test-case name="RCL.Test.CoreTest1.TestLteDM" executed="True" success="True" time="0.001" asserts="0" />
                  <test-case name="RCL.Test.CoreTest1.TestLteDX" executed="True" success="True" time="0.000" asserts="2" />
                  <test-case name="RCL.Test.CoreTest1.TestLteLD" executed="True" success="True" time="0.000" asserts="2" />
                  <test-case name="RCL.Test.CoreTest1.TestLteLL" executed="True" success="True" time="0.000" asserts="2" />
                  <test-case name="RCL.Test.CoreTest1.TestLteLM" executed="True" success="True" time="0.000" asserts="2" />
                  <test-case name="RCL.Test.CoreTest1.TestLteLX" executed="True" success="True" time="0.000" asserts="2" />
                  <test-case name="RCL.Test.CoreTest1.TestLteMD" executed="True" success="True" time="0.000" asserts="0" />
                  <test-case name="RCL.Test.CoreTest1.TestLteML" executed="True" success="True" time="0.000" asserts="2" />
                  <test-case name="RCL.Test.CoreTest1.TestLteMM" executed="True" success="True" time="0.000" asserts="2" />
                  <test-case name="RCL.Test.CoreTest1.TestLteMX" executed="True" success="True" time="0.000" asserts="2" />
                  <test-case name="RCL.Test.CoreTest1.TestLteXD" executed="True" success="True" time="0.000" asserts="2" />
                  <test-case name="RCL.Test.CoreTest1.TestLteXL" executed="True" success="True" time="0.000" asserts="2" />
                  <test-case name="RCL.Test.CoreTest1.TestLteXM" executed="True" success="True" time="0.000" asserts="2" />
                  <test-case name="RCL.Test.CoreTest1.TestLteXX" executed="True" success="True" time="0.000" asserts="2" />
                  <test-case name="RCL.Test.CoreTest1.TestLtLD" executed="True" success="True" time="0.000" asserts="2" />
                  <test-case name="RCL.Test.CoreTest1.TestLtLL" executed="True" success="True" time="0.000" asserts="2" />
                  <test-case name="RCL.Test.CoreTest1.TestLtLM" executed="True" success="True" time="0.000" asserts="2" />
                  <test-case name="RCL.Test.CoreTest1.TestLtLX" executed="True" success="True" time="0.000" asserts="2" />
                  <test-case name="RCL.Test.CoreTest1.TestLtMD" executed="True" success="True" time="0.000" asserts="0" />
                  <test-case name="RCL.Test.CoreTest1.TestLtML" executed="True" success="True" time="0.000" asserts="2" />
                  <test-case name="RCL.Test.CoreTest1.TestLtMM" executed="True" success="True" time="0.000" asserts="2" />
                  <test-case name="RCL.Test.CoreTest1.TestLtMX" executed="True" success="True" time="0.000" asserts="2" />
                  <test-case name="RCL.Test.CoreTest1.TestLtXD" executed="True" success="True" time="0.000" asserts="2" />
                  <test-case name="RCL.Test.CoreTest1.TestLTXL" executed="True" success="True" time="0.000" asserts="2" />
                  <test-case name="RCL.Test.CoreTest1.TestLtXM" executed="True" success="True" time="0.000" asserts="2" />
                  <test-case name="RCL.Test.CoreTest1.TestLtXX" executed="True" success="True" time="0.000" asserts="2" />
                  <test-case name="RCL.Test.CoreTest1.TestMaxDD" executed="True" success="True" time="0.000" asserts="2" />
                  <test-case name="RCL.Test.CoreTest1.TestMaxLL" executed="True" success="True" time="0.000" asserts="2" />
                  <test-case name="RCL.Test.CoreTest1.TestMaxMM" executed="True" success="True" time="0.000" asserts="2" />
                  <test-case name="RCL.Test.CoreTest1.TestMaxXX" executed="True" success="True" time="0.000" asserts="2" />
                  <test-case name="RCL.Test.CoreTest1.TestMinDD" executed="True" success="True" time="0.000" asserts="2" />
                  <test-case name="RCL.Test.CoreTest1.TestMinLL" executed="True" success="True" time="0.000" asserts="2" />
                  <test-case name="RCL.Test.CoreTest1.TestMinMM" executed="True" success="True" time="0.000" asserts="2" />
                  <test-case name="RCL.Test.CoreTest1.TestMinusD" executed="True" success="True" time="0.001" asserts="2" />
                  <test-case name="RCL.Test.CoreTest1.TestMinusDD" executed="True" success="True" time="0.000" asserts="2" />
                  <test-case name="RCL.Test.CoreTest1.TestMinusDL" executed="True" success="True" time="0.000" asserts="2" />
                  <test-case name="RCL.Test.CoreTest1.TestMinusDM" executed="True" success="True" time="0.000" asserts="0" />
                  <test-case name="RCL.Test.CoreTest1.TestMinusDX" executed="True" success="True" time="0.000" asserts="2" />
                  <test-case name="RCL.Test.CoreTest1.TestMinusL" executed="True" success="True" time="0.001" asserts="2" />
                  <test-case name="RCL.Test.CoreTest1.TestMinusLD" executed="True" success="True" time="0.000" asserts="2" />
                  <test-case name="RCL.Test.CoreTest1.TestMinusLL" executed="True" success="True" time="0.000" asserts="2" />
                  <test-case name="RCL.Test.CoreTest1.TestMinusLM" executed="True" success="True" time="0.000" asserts="2" />
                  <test-case name="RCL.Test.CoreTest1.TestMinusLX" executed="True" success="True" time="0.000" asserts="2" />
                  <test-case name="RCL.Test.CoreTest1.TestMinusM" executed="True" success="True" time="0.001" asserts="2" />
                  <test-case name="RCL.Test.CoreTest1.TestMinusMD" executed="True" success="True" time="0.000" asserts="0" />
                  <test-case name="RCL.Test.CoreTest1.TestMinusML" executed="True" success="True" time="0.000" asserts="2" />
                  <test-case name="RCL.Test.CoreTest1.TestMinusMM" executed="True" success="True" time="0.000" asserts="2" />
                  <test-case name="RCL.Test.CoreTest1.TestMinusMX" executed="True" success="True" time="0.000" asserts="2" />
                  <test-case name="RCL.Test.CoreTest1.TestMinusTT0" executed="True" success="True" time="0.001" asserts="2" />
                  <test-case name="RCL.Test.CoreTest1.TestMinusTT1" executed="True" success="True" time="0.000" asserts="2" />
                  <test-case name="RCL.Test.CoreTest1.TestMinusTT2" executed="True" success="True" time="0.000" asserts="2" />
                  <test-case name="RCL.Test.CoreTest1.TestMinusX" executed="True" success="True" time="0.000" asserts="2" />
                  <test-case name="RCL.Test.CoreTest1.TestMinusXD" executed="True" success="True" time="0.000" asserts="2" />
                  <test-case name="RCL.Test.CoreTest1.TestMinusXL" executed="True" success="True" time="0.000" asserts="2" />
                  <test-case name="RCL.Test.CoreTest1.TestMinusXM" executed="True" success="True" time="0.000" asserts="2" />
                  <test-case name="RCL.Test.CoreTest1.TestMinusXX" executed="True" success="True" time="0.000" asserts="2" />
                  <test-case name="RCL.Test.CoreTest1.TestMinusXXWrap" executed="True" success="True" time="0.000" asserts="2" />
                  <test-case name="RCL.Test.CoreTest1.TestMinuteT" executed="True" success="True" time="0.000" asserts="2" />
                  <test-case name="RCL.Test.CoreTest1.TestMinuteTU" executed="True" success="True" time="0.000" asserts="2" />
                  <test-case name="RCL.Test.CoreTest1.TestMinXX" executed="True" success="True" time="0.000" asserts="2" />
                  <test-case name="RCL.Test.CoreTest1.TestMultiplyDD" executed="True" success="True" time="0.000" asserts="2" />
                  <test-case name="RCL.Test.CoreTest1.TestMultiplyDL" executed="True" success="True" time="0.000" asserts="2" />
                  <test-case name="RCL.Test.CoreTest1.TestMultiplyDM" executed="True" success="True" time="0.000" asserts="0" />
                  <test-case name="RCL.Test.CoreTest1.TestMultiplyDX" executed="True" success="True" time="0.000" asserts="2" />
                  <test-case name="RCL.Test.CoreTest1.TestMultiplyLD" executed="True" success="True" time="0.000" asserts="2" />
                  <test-case name="RCL.Test.CoreTest1.TestMultiplyLL" executed="True" success="True" time="0.000" asserts="2" />
                  <test-case name="RCL.Test.CoreTest1.TestMultiplyLM" executed="True" success="True" time="0.000" asserts="2" />
                  <test-case name="RCL.Test.CoreTest1.TestMultiplyLX" executed="True" success="True" time="0.000" asserts="2" />
                  <test-case name="RCL.Test.CoreTest1.TestMultiplyMD" executed="True" success="True" time="0.000" asserts="0" />
                  <test-case name="RCL.Test.CoreTest1.TestMultiplyML" executed="True" success="True" time="0.000" asserts="2" />
                  <test-case name="RCL.Test.CoreTest1.TestMultiplyMM" executed="True" success="True" time="0.000" asserts="2" />
                  <test-case name="RCL.Test.CoreTest1.TestMultiplyMX" executed="True" success="True" time="0.000" asserts="2" />
                  <test-case name="RCL.Test.CoreTest1.TestMultiplyXD" executed="True" success="True" time="0.000" asserts="2" />
                  <test-case name="RCL.Test.CoreTest1.TestMultiplyXL" executed="True" success="True" time="0.000" asserts="2" />
                  <test-case name="RCL.Test.CoreTest1.TestMultiplyXM" executed="True" success="True" time="0.000" asserts="2" />
                  <test-case name="RCL.Test.CoreTest1.TestMultiplyXX" executed="True" success="True" time="0.000" asserts="2" />
                  <test-case name="RCL.Test.CoreTest1.TestNanoT" executed="True" success="True" time="0.001" asserts="2" />
                  <test-case name="RCL.Test.CoreTest1.TestNanoTU" executed="True" success="True" time="0.000" asserts="2" />
                  <test-case name="RCL.Test.CoreTest1.TestNeqBB" executed="True" success="True" time="0.000" asserts="2" />
                  <test-case name="RCL.Test.CoreTest1.TestNeqDD" executed="True" success="True" time="0.000" asserts="2" />
                  <test-case name="RCL.Test.CoreTest1.TestNeqDL" executed="True" success="True" time="0.000" asserts="2" />
                  <test-case name="RCL.Test.CoreTest1.TestNeqDM" executed="True" success="True" time="0.000" asserts="0" />
                  <test-case name="RCL.Test.CoreTest1.TestNeqDX" executed="True" success="True" time="0.000" asserts="2" />
                  <test-case name="RCL.Test.CoreTest1.TestNeqLD" executed="True" success="True" time="0.000" asserts="2" />
                  <test-case name="RCL.Test.CoreTest1.TestNeqLL" executed="True" success="True" time="0.000" asserts="2" />
                  <test-case name="RCL.Test.CoreTest1.TestNeqLM" executed="True" success="True" time="0.000" asserts="2" />
                  <test-case name="RCL.Test.CoreTest1.TestNeqLX" executed="True" success="True" time="0.000" asserts="2" />
                  <test-case name="RCL.Test.CoreTest1.TestNeqMD" executed="True" success="True" time="0.000" asserts="0" />
                  <test-case name="RCL.Test.CoreTest1.TestNeqML" executed="True" success="True" time="0.000" asserts="2" />
                  <test-case name="RCL.Test.CoreTest1.TestNeqMM" executed="True" success="True" time="0.000" asserts="2" />
                  <test-case name="RCL.Test.CoreTest1.TestNeqMX" executed="True" success="True" time="0.000" asserts="2" />
                  <test-case name="RCL.Test.CoreTest1.TestNeqSS" executed="True" success="True" time="0.000" asserts="2" />
                  <test-case name="RCL.Test.CoreTest1.TestNeqXD" executed="True" success="True" time="0.000" asserts="2" />
                  <test-case name="RCL.Test.CoreTest1.TestNeqXL" executed="True" success="True" time="0.000" asserts="2" />
                  <test-case name="RCL.Test.CoreTest1.TestNeqXM" executed="True" success="True" time="0.000" asserts="2" />
                  <test-case name="RCL.Test.CoreTest1.TestNeqXX" executed="True" success="True" time="0.000" asserts="2" />
                  <test-case name="RCL.Test.CoreTest1.TestNeqYY" executed="True" success="True" time="0.000" asserts="2" />
                  <test-case name="RCL.Test.CoreTest1.TestNeqYY1" executed="True" success="True" time="0.000" asserts="2" />
                  <test-case name="RCL.Test.CoreTest1.TestNotBB" executed="True" success="True" time="0.000" asserts="2" />
                  <test-case name="RCL.Test.CoreTest1.TestNotX" executed="True" success="True" time="0.000" asserts="2" />
                  <test-case name="RCL.Test.CoreTest1.TestOrBB" executed="True" success="True" time="0.000" asserts="2" />
                  <test-case name="RCL.Test.CoreTest1.TestOrXX" executed="True" success="True" time="0.000" asserts="2" />
                  <test-case name="RCL.Test.CoreTest1.TestPlusD0" executed="True" success="True" time="0.000" asserts="2" />
                  <test-case name="RCL.Test.CoreTest1.TestPlusD1" executed="True" success="True" time="0.000" asserts="2" />
                  <test-case name="RCL.Test.CoreTest1.TestPlusDD" executed="True" success="True" time="0.000" asserts="2" />
                  <test-case name="RCL.Test.CoreTest1.TestPlusDL" executed="True" success="True" time="0.000" asserts="2" />
                  <test-case name="RCL.Test.CoreTest1.TestPlusDM" executed="True" success="True" time="0.000" asserts="0" />
                  <test-case name="RCL.Test.CoreTest1.TestPlusDX" executed="True" success="True" time="0.000" asserts="2" />
                  <test-case name="RCL.Test.CoreTest1.TestPlusL0" executed="True" success="True" time="0.000" asserts="2" />
                  <test-case name="RCL.Test.CoreTest1.TestPlusL1" executed="True" success="True" time="0.000" asserts="2" />
                  <test-case name="RCL.Test.CoreTest1.TestPlusLD" executed="True" success="True" time="0.000" asserts="2" />
                  <test-case name="RCL.Test.CoreTest1.TestPlusLL" executed="True" success="True" time="0.000" asserts="2" />
                  <test-case name="RCL.Test.CoreTest1.TestPlusLM" executed="True" success="True" time="0.000" asserts="2" />
                  <test-case name="RCL.Test.CoreTest1.TestPlusLX" executed="True" success="True" time="0.000" asserts="2" />
                  <test-case name="RCL.Test.CoreTest1.TestPlusM0" executed="True" success="True" time="0.000" asserts="2" />
                  <test-case name="RCL.Test.CoreTest1.TestPlusM1" executed="True" success="True" time="0.000" asserts="2" />
                  <test-case name="RCL.Test.CoreTest1.TestPlusMD" executed="True" success="True" time="0.000" asserts="0" />
                  <test-case name="RCL.Test.CoreTest1.TestPlusML" executed="True" success="True" time="0.000" asserts="2" />
                  <test-case name="RCL.Test.CoreTest1.TestPlusMM" executed="True" success="True" time="0.000" asserts="2" />
                  <test-case name="RCL.Test.CoreTest1.TestPlusMX" executed="True" success="True" time="0.000" asserts="2" />
                  <test-case name="RCL.Test.CoreTest1.TestPlusSS" executed="True" success="True" time="0.001" asserts="2" />
                  <test-case name="RCL.Test.CoreTest1.TestPlusTT" executed="True" success="True" time="0.000" asserts="2" />
                  <test-case name="RCL.Test.CoreTest1.TestPlusTT1" executed="True" success="True" time="0.000" asserts="2" />
                  <test-case name="RCL.Test.CoreTest1.TestPlusTT2" executed="True" success="True" time="0.000" asserts="2" />
                  <test-case name="RCL.Test.CoreTest1.TestPlusX0" executed="True" success="True" time="0.000" asserts="2" />
                  <test-case name="RCL.Test.CoreTest1.TestPlusX1" executed="True" success="True" time="0.000" asserts="2" />
                  <test-case name="RCL.Test.CoreTest1.TestPlusXD" executed="True" success="True" time="0.000" asserts="2" />
                  <test-case name="RCL.Test.CoreTest1.TestPlusXL" executed="True" success="True" time="0.000" asserts="2" />
                  <test-case name="RCL.Test.CoreTest1.TestPlusXM" executed="True" success="True" time="0.000" asserts="2" />
                  <test-case name="RCL.Test.CoreTest1.TestPlusXX" executed="True" success="True" time="0.000" asserts="2" />
                  <test-case name="RCL.Test.CoreTest1.TestPlusYY" executed="True" success="True" time="0.000" asserts="2" />
                  <test-case name="RCL.Test.CoreTest1.TestPlusYY1" executed="True" success="True" time="0.000" asserts="2" />
                  <test-case name="RCL.Test.CoreTest1.TestReferenceS" executed="True" success="True" time="0.000" asserts="2" />
                  <test-case name="RCL.Test.CoreTest1.TestReferenceY" executed="True" success="True" time="0.000" asserts="2" />
                  <test-case name="RCL.Test.CoreTest1.TestRepeatLB" executed="True" success="True" time="0.000" asserts="2" />
                  <test-case name="RCL.Test.CoreTest1.TestRepeatLD" executed="True" success="True" time="0.000" asserts="2" />
                  <test-case name="RCL.Test.CoreTest1.TestRepeatLL" executed="True" success="True" time="0.000" asserts="2" />
                  <test-case name="RCL.Test.CoreTest1.TestRepeatLM" executed="True" success="True" time="0.000" asserts="2" />
                  <test-case name="RCL.Test.CoreTest1.TestRepeatLN" executed="True" success="True" time="0.001" asserts="2" />
                  <test-case name="RCL.Test.CoreTest1.TestRepeatLS" executed="True" success="True" time="0.000" asserts="2" />
                  <test-case name="RCL.Test.CoreTest1.TestRepeatLT" executed="True" success="True" time="0.000" asserts="2" />
                  <test-case name="RCL.Test.CoreTest1.TestRepeatLX" executed="True" success="True" time="0.000" asserts="2" />
                  <test-case name="RCL.Test.CoreTest1.TestRepeatLY" executed="True" success="True" time="0.000" asserts="2" />
                  <test-case name="RCL.Test.CoreTest1.TestRepeatMulti" executed="True" success="True" time="0.000" asserts="2" />
                  <test-case name="RCL.Test.CoreTest1.TestSecondT" executed="True" success="True" time="0.000" asserts="2" />
                  <test-case name="RCL.Test.CoreTest1.TestSecondTU" executed="True" success="True" time="0.000" asserts="2" />
                  <test-case name="RCL.Test.CoreTest1.TestStringB" executed="True" success="True" time="0.000" asserts="2" />
                  <test-case name="RCL.Test.CoreTest1.TestStringD" executed="True" success="True" time="0.000" asserts="2" />
                  <test-case name="RCL.Test.CoreTest1.TestStringK" executed="True" success="True" time="0.000" asserts="2" />
                  <test-case name="RCL.Test.CoreTest1.TestStringL" executed="True" success="True" time="0.000" asserts="2" />
                  <test-case name="RCL.Test.CoreTest1.TestStringM" executed="True" success="True" time="0.000" asserts="2" />
                  <test-case name="RCL.Test.CoreTest1.TestStringS0" executed="True" success="True" time="0.000" asserts="2" />
                  <test-case name="RCL.Test.CoreTest1.TestStringS1" executed="True" success="True" time="0.003" asserts="2" />
                  <test-case name="RCL.Test.CoreTest1.TestStringT0" executed="True" success="True" time="0.000" asserts="2" />
                  <test-case name="RCL.Test.CoreTest1.TestStringT1" executed="True" success="True" time="0.000" asserts="2" />
                  <test-case name="RCL.Test.CoreTest1.TestStringT2" executed="True" success="True" time="0.000" asserts="2" />
                  <test-case name="RCL.Test.CoreTest1.TestStringT3" executed="True" success="True" time="0.000" asserts="2" />
                  <test-case name="RCL.Test.CoreTest1.TestStringX" executed="True" success="True" time="0.000" asserts="2" />
                  <test-case name="RCL.Test.CoreTest1.TestStringY" executed="True" success="True" time="0.000" asserts="2" />
                  <test-case name="RCL.Test.CoreTest1.TestSumD" executed="True" success="True" time="0.000" asserts="2" />
                  <test-case name="RCL.Test.CoreTest1.TestSumL" executed="True" success="True" time="0.001" asserts="2" />
                  <test-case name="RCL.Test.CoreTest1.TestSumM" executed="True" success="True" time="0.001" asserts="2" />
                  <test-case name="RCL.Test.CoreTest1.TestSumX" executed="True" success="True" time="0.000" asserts="2" />
                  <test-case name="RCL.Test.CoreTest1.TestSymbolB" executed="True" success="True" time="0.000" asserts="2" />
                  <test-case name="RCL.Test.CoreTest1.TestSymbolD" executed="True" success="True" time="0.001" asserts="2" />
                  <test-case name="RCL.Test.CoreTest1.TestSymbolK" executed="True" success="True" time="0.000" asserts="2" />
                  <test-case name="RCL.Test.CoreTest1.TestSymbolL" executed="True" success="True" time="0.000" asserts="2" />
                  <test-case name="RCL.Test.CoreTest1.TestSymbolM" executed="True" success="True" time="0.001" asserts="2" />
                  <test-case name="RCL.Test.CoreTest1.TestSymbolS" executed="True" success="True" time="0.000" asserts="2" />
                  <test-case name="RCL.Test.CoreTest1.TestSymbolS0" executed="True" success="True" time="0.000" asserts="2" />
                  <test-case name="RCL.Test.CoreTest1.TestSymbolS01" executed="True" success="True" time="0.001" asserts="2" />
                  <test-case name="RCL.Test.CoreTest1.TestSymbolS1" executed="True" success="True" time="0.000" asserts="2" />
                  <test-case name="RCL.Test.CoreTest1.TestSymbolS2" executed="True" success="True" time="0.000" asserts="2" />
                  <test-case name="RCL.Test.CoreTest1.TestSymbolS3" executed="True" success="True" time="0.000" asserts="2" />
                  <test-case name="RCL.Test.CoreTest1.TestSymbolS4" executed="True" success="True" time="0.000" asserts="2" />
                  <test-case name="RCL.Test.CoreTest1.TestSymbolS5" executed="True" success="True" time="0.000" asserts="2" />
                  <test-case name="RCL.Test.CoreTest1.TestSymbolX" executed="True" success="True" time="0.000" asserts="2" />
                  <test-case name="RCL.Test.CoreTest1.TestSymbolY0" executed="True" success="True" time="0.000" asserts="2" />
                  <test-case name="RCL.Test.CoreTest1.TestSymbolY1" executed="True" success="True" time="0.001" asserts="2" />
                  <test-case name="RCL.Test.CoreTest1.TestTimeL" executed="True" success="True" time="0.000" asserts="2" />
                  <test-case name="RCL.Test.CoreTest1.TestTimespanT" executed="True" success="True" time="0.000" asserts="2" />
                  <test-case name="RCL.Test.CoreTest1.TestTimespanTU" executed="True" success="True" time="0.000" asserts="2" />
                  <test-case name="RCL.Test.CoreTest1.TestTimestampT" executed="True" success="True" time="0.000" asserts="2" />
                  <test-case name="RCL.Test.CoreTest1.TestTimestampTU" executed="True" success="True" time="0.000" asserts="2" />
                  <test-case name="RCL.Test.CoreTest1.TestTimeYL0" executed="True" success="True" time="0.000" asserts="2" />
                  <test-case name="RCL.Test.CoreTest1.TestTimeYL1" executed="True" success="True" time="0.000" asserts="2" />
                  <test-case name="RCL.Test.CoreTest1.TestTimeYL2" executed="True" success="True" time="0.000" asserts="2" />
                  <test-case name="RCL.Test.CoreTest1.TestTimeYL3" executed="True" success="True" time="0.000" asserts="2" />
                </results>
              </test-suite>
              <test-suite name="CoreTest2" success="True" time="0.620" asserts="0">
                <results>
                  <test-case name="RCL.Test.CoreTest2.TestAbsD" executed="True" success="True" time="0.000" asserts="2" />
                  <test-case name="RCL.Test.CoreTest2.TestAbsL" executed="True" success="True" time="0.000" asserts="2" />
                  <test-case name="RCL.Test.CoreTest2.TestAbsM" executed="True" success="True" time="0.000" asserts="2" />
                  <test-case name="RCL.Test.CoreTest2.TestAppendBB" executed="True" success="True" time="0.000" asserts="2" />
                  <test-case name="RCL.Test.CoreTest2.TestAppendDD" executed="True" success="True" time="0.000" asserts="2" />
                  <test-case name="RCL.Test.CoreTest2.TestAppendK0" executed="True" success="True" time="0.001" asserts="2" />
                  <test-case name="RCL.Test.CoreTest2.TestAppendK1" executed="True" success="True" time="0.000" asserts="2" />
                  <test-case name="RCL.Test.CoreTest2.TestAppendK2" executed="True" success="True" time="0.001" asserts="2" />
                  <test-case name="RCL.Test.CoreTest2.TestAppendK3" executed="True" success="True" time="0.000" asserts="2" />
                  <test-case name="RCL.Test.CoreTest2.TestAppendKK" executed="True" success="True" time="0.000" asserts="2" />
                  <test-case name="RCL.Test.CoreTest2.TestAppendLL" executed="True" success="True" time="0.000" asserts="2" />
                  <test-case name="RCL.Test.CoreTest2.TestAppendMM" executed="True" success="True" time="0.000" asserts="2" />
                  <test-case name="RCL.Test.CoreTest2.TestAppendS" executed="True" success="True" time="0.000" asserts="2" />
                  <test-case name="RCL.Test.CoreTest2.TestAppendSS" executed="True" success="True" time="0.000" asserts="2" />
                  <test-case name="RCL.Test.CoreTest2.TestAppendT" executed="True" success="True" time="0.000" asserts="2" />
                  <test-case name="RCL.Test.CoreTest2.TestAppendXX" executed="True" success="True" time="0.000" asserts="2" />
                  <test-case name="RCL.Test.CoreTest2.TestAppendYY" executed="True" success="True" time="0.000" asserts="2" />
                  <test-case name="RCL.Test.CoreTest2.TestAtBD" executed="True" success="True" time="0.000" asserts="2" />
                  <test-case name="RCL.Test.CoreTest2.TestAtBL" executed="True" success="True" time="0.000" asserts="2" />
                  <test-case name="RCL.Test.CoreTest2.TestAtBM" executed="True" success="True" time="0.000" asserts="2" />
                  <test-case name="RCL.Test.CoreTest2.TestAtBX" executed="True" success="True" time="0.000" asserts="2" />
                  <test-case name="RCL.Test.CoreTest2.TestAtDD" executed="True" success="True" time="0.000" asserts="2" />
                  <test-case name="RCL.Test.CoreTest2.TestAtDL" executed="True" success="True" time="0.000" asserts="2" />
                  <test-case name="RCL.Test.CoreTest2.TestAtDM" executed="True" success="True" time="0.000" asserts="2" />
                  <test-case name="RCL.Test.CoreTest2.TestAtDNeg" executed="True" success="True" time="0.000" asserts="2" />
                  <test-case name="RCL.Test.CoreTest2.TestAtDX" executed="True" success="True" time="0.000" asserts="2" />
                  <test-case name="RCL.Test.CoreTest2.TestAtKD" executed="True" success="True" time="0.000" asserts="2" />
                  <test-case name="RCL.Test.CoreTest2.TestAtKDNeg" executed="True" success="True" time="0.000" asserts="2" />
                  <test-case name="RCL.Test.CoreTest2.TestAtKL" executed="True" success="True" time="0.000" asserts="2" />
                  <test-case name="RCL.Test.CoreTest2.TestAtKLNeg" executed="True" success="True" time="0.000" asserts="2" />
                  <test-case name="RCL.Test.CoreTest2.TestAtKM" executed="True" success="True" time="0.000" asserts="2" />
                  <test-case name="RCL.Test.CoreTest2.TestAtKMNeg" executed="True" success="True" time="0.000" asserts="2" />
                  <test-case name="RCL.Test.CoreTest2.TestAtKS" executed="True" success="True" time="0.000" asserts="2" />
                  <test-case name="RCL.Test.CoreTest2.TestAtKX" executed="True" success="True" time="0.000" asserts="2" />
                  <test-case name="RCL.Test.CoreTest2.TestAtKY" executed="True" success="True" time="0.000" asserts="2" />
                  <test-case name="RCL.Test.CoreTest2.TestAtLD" executed="True" success="True" time="0.000" asserts="2" />
                  <test-case name="RCL.Test.CoreTest2.TestAtLL" executed="True" success="True" time="0.000" asserts="2" />
                  <test-case name="RCL.Test.CoreTest2.TestAtLM" executed="True" success="True" time="0.000" asserts="2" />
                  <test-case name="RCL.Test.CoreTest2.TestAtLNeg" executed="True" success="True" time="0.000" asserts="2" />
                  <test-case name="RCL.Test.CoreTest2.TestAtLX" executed="True" success="True" time="0.000" asserts="2" />
                  <test-case name="RCL.Test.CoreTest2.TestAtMD" executed="True" success="True" time="0.000" asserts="2" />
                  <test-case name="RCL.Test.CoreTest2.TestAtML" executed="True" success="True" time="0.000" asserts="2" />
                  <test-case name="RCL.Test.CoreTest2.TestAtMM" executed="True" success="True" time="0.000" asserts="2" />
                  <test-case name="RCL.Test.CoreTest2.TestAtMNeg" executed="True" success="True" time="0.000" asserts="2" />
                  <test-case name="RCL.Test.CoreTest2.TestAtMX" executed="True" success="True" time="0.000" asserts="2" />
                  <test-case name="RCL.Test.CoreTest2.TestAtSD" executed="True" success="True" time="0.000" asserts="2" />
                  <test-case name="RCL.Test.CoreTest2.TestAtSL" executed="True" success="True" time="0.000" asserts="2" />
                  <test-case name="RCL.Test.CoreTest2.TestAtSM" executed="True" success="True" time="0.000" asserts="2" />
                  <test-case name="RCL.Test.CoreTest2.TestAtSX" executed="True" success="True" time="0.000" asserts="2" />
                  <test-case name="RCL.Test.CoreTest2.TestAtTD" executed="True" success="True" time="0.000" asserts="2" />
                  <test-case name="RCL.Test.CoreTest2.TestAtTL" executed="True" success="True" time="0.002" asserts="2" />
                  <test-case name="RCL.Test.CoreTest2.TestAtTM" executed="True" success="True" time="0.000" asserts="2" />
                  <test-case name="RCL.Test.CoreTest2.TestAtTX" executed="True" success="True" time="0.000" asserts="2" />
                  <test-case name="RCL.Test.CoreTest2.TestAtUD" executed="False">
                    <reason>
                      <message><![CDATA[]]></message>
                    </reason>
                  </test-case>
                  <test-case name="RCL.Test.CoreTest2.TestAtUL" executed="False">
                    <reason>
                      <message><![CDATA[]]></message>
                    </reason>
                  </test-case>
                  <test-case name="RCL.Test.CoreTest2.TestAtUM" executed="False">
                    <reason>
                      <message><![CDATA[]]></message>
                    </reason>
                  </test-case>
                  <test-case name="RCL.Test.CoreTest2.TestAtUS" executed="False">
                    <reason>
                      <message><![CDATA[]]></message>
                    </reason>
                  </test-case>
                  <test-case name="RCL.Test.CoreTest2.TestAtUX" executed="False">
                    <reason>
                      <message><![CDATA[]]></message>
                    </reason>
                  </test-case>
                  <test-case name="RCL.Test.CoreTest2.TestAtUY" executed="False">
                    <reason>
                      <message><![CDATA[]]></message>
                    </reason>
                  </test-case>
                  <test-case name="RCL.Test.CoreTest2.TestAtXD" executed="True" success="True" time="0.000" asserts="2" />
                  <test-case name="RCL.Test.CoreTest2.TestAtXL" executed="True" success="True" time="0.000" asserts="2" />
                  <test-case name="RCL.Test.CoreTest2.TestAtXM" executed="True" success="True" time="0.000" asserts="2" />
                  <test-case name="RCL.Test.CoreTest2.TestAtXX" executed="True" success="True" time="0.000" asserts="2" />
                  <test-case name="RCL.Test.CoreTest2.TestAtYD" executed="True" success="True" time="0.000" asserts="2" />
                  <test-case name="RCL.Test.CoreTest2.TestAtYL" executed="True" success="True" time="0.000" asserts="2" />
                  <test-case name="RCL.Test.CoreTest2.TestAtYM" executed="True" success="True" time="0.000" asserts="2" />
                  <test-case name="RCL.Test.CoreTest2.TestAtYX" executed="True" success="True" time="0.000" asserts="2" />
                  <test-case name="RCL.Test.CoreTest2.TestCut" executed="True" success="True" time="0.000" asserts="2" />
                  <test-case name="RCL.Test.CoreTest2.TestCut1" executed="True" success="True" time="0.000" asserts="2" />
                  <test-case name="RCL.Test.CoreTest2.TestCutleft" executed="True" success="True" time="0.000" asserts="2" />
                  <test-case name="RCL.Test.CoreTest2.TestCutleft1" executed="True" success="True" time="0.000" asserts="2" />
                  <test-case name="RCL.Test.CoreTest2.TestDelimit" executed="True" success="True" time="0.000" asserts="2" />
                  <test-case name="RCL.Test.CoreTest2.TestEachB" executed="True" success="True" time="0.001" asserts="2" />
                  <test-case name="RCL.Test.CoreTest2.TestEachD" executed="True" success="True" time="0.000" asserts="2" />
                  <test-case name="RCL.Test.CoreTest2.TestEachEY" executed="False">
                    <reason>
                      <message><![CDATA[]]></message>
                    </reason>
                  </test-case>
                  <test-case name="RCL.Test.CoreTest2.TestEachK" executed="True" success="True" time="0.001" asserts="2" />
                  <test-case name="RCL.Test.CoreTest2.TestEachKeY" executed="False">
                    <reason>
                      <message><![CDATA[]]></message>
                    </reason>
                  </test-case>
                  <test-case name="RCL.Test.CoreTest2.TestEachL" executed="True" success="True" time="0.000" asserts="2" />
                  <test-case name="RCL.Test.CoreTest2.TestEachM" executed="True" success="True" time="0.001" asserts="2" />
                  <test-case name="RCL.Test.CoreTest2.TestEachS" executed="True" success="True" time="0.001" asserts="2" />
                  <test-case name="RCL.Test.CoreTest2.TestEachT" executed="True" success="True" time="0.000" asserts="2" />
                  <test-case name="RCL.Test.CoreTest2.TestEachX" executed="True" success="True" time="0.000" asserts="2" />
                  <test-case name="RCL.Test.CoreTest2.TestEachY" executed="True" success="True" time="0.000" asserts="2" />
                  <test-case name="RCL.Test.CoreTest2.TestExceptB" executed="True" success="True" time="0.002" asserts="2" />
                  <test-case name="RCL.Test.CoreTest2.TestExceptD" executed="True" success="True" time="0.002" asserts="2" />
                  <test-case name="RCL.Test.CoreTest2.TestExceptK" executed="True" success="True" time="0.000" asserts="2" />
                  <test-case name="RCL.Test.CoreTest2.TestExceptKY" executed="False">
                    <reason>
                      <message><![CDATA[Should work but I want it to do nesting]]></message>
                    </reason>
                  </test-case>
                  <test-case name="RCL.Test.CoreTest2.TestExceptL" executed="True" success="True" time="0.001" asserts="2" />
                  <test-case name="RCL.Test.CoreTest2.TestExceptM" executed="True" success="True" time="0.002" asserts="2" />
                  <test-case name="RCL.Test.CoreTest2.TestExceptS" executed="True" success="True" time="0.001" asserts="2" />
                  <test-case name="RCL.Test.CoreTest2.TestExceptT" executed="True" success="True" time="0.002" asserts="2" />
                  <test-case name="RCL.Test.CoreTest2.TestExceptX" executed="True" success="True" time="0.002" asserts="2" />
                  <test-case name="RCL.Test.CoreTest2.TestExceptY" executed="True" success="True" time="0.000" asserts="2" />
                  <test-case name="RCL.Test.CoreTest2.TestFillB" executed="True" success="True" time="0.001" asserts="2" />
                  <test-case name="RCL.Test.CoreTest2.TestFillD" executed="True" success="True" time="0.001" asserts="2" />
                  <test-case name="RCL.Test.CoreTest2.TestFillL" executed="True" success="True" time="0.001" asserts="2" />
                  <test-case name="RCL.Test.CoreTest2.TestFillM" executed="True" success="True" time="0.001" asserts="2" />
                  <test-case name="RCL.Test.CoreTest2.TestFillS" executed="True" success="True" time="0.001" asserts="2" />
                  <test-case name="RCL.Test.CoreTest2.TestFillT" executed="True" success="True" time="0.001" asserts="2" />
                  <test-case name="RCL.Test.CoreTest2.TestFillX" executed="True" success="True" time="0.000" asserts="2" />
                  <test-case name="RCL.Test.CoreTest2.TestFillY" executed="True" success="True" time="0.000" asserts="2" />
                  <test-case name="RCL.Test.CoreTest2.TestFindB" executed="True" success="True" time="0.000" asserts="2" />
                  <test-case name="RCL.Test.CoreTest2.TestFindBB" executed="True" success="True" time="0.000" asserts="2" />
                  <test-case name="RCL.Test.CoreTest2.TestFindBBEmpty" executed="True" success="True" time="0.000" asserts="2" />
                  <test-case name="RCL.Test.CoreTest2.TestFindBEmpty" executed="True" success="True" time="0.000" asserts="2" />
                  <test-case name="RCL.Test.CoreTest2.TestFindDD" executed="True" success="True" time="0.000" asserts="2" />
                  <test-case name="RCL.Test.CoreTest2.TestFindDDEmpty" executed="True" success="True" time="0.000" asserts="2" />
                  <test-case name="RCL.Test.CoreTest2.TestFindLL" executed="True" success="True" time="0.000" asserts="2" />
                  <test-case name="RCL.Test.CoreTest2.TestFindLLEmpty" executed="True" success="True" time="0.000" asserts="2" />
                  <test-case name="RCL.Test.CoreTest2.TestFindMM" executed="True" success="True" time="0.000" asserts="2" />
                  <test-case name="RCL.Test.CoreTest2.TestFindMMEmpty" executed="True" success="True" time="0.000" asserts="2" />
                  <test-case name="RCL.Test.CoreTest2.TestFindSS" executed="True" success="True" time="0.000" asserts="2" />
                  <test-case name="RCL.Test.CoreTest2.TestFindSSEmpty" executed="True" success="True" time="0.000" asserts="2" />
                  <test-case name="RCL.Test.CoreTest2.TestFindTT" executed="True" success="True" time="0.000" asserts="2" />
                  <test-case name="RCL.Test.CoreTest2.TestFindTTEmpty" executed="True" success="True" time="0.000" asserts="2" />
                  <test-case name="RCL.Test.CoreTest2.TestFindXX" executed="True" success="True" time="0.000" asserts="2" />
                  <test-case name="RCL.Test.CoreTest2.TestFindXXEmpty" executed="True" success="True" time="0.000" asserts="2" />
                  <test-case name="RCL.Test.CoreTest2.TestFindYY" executed="True" success="True" time="0.000" asserts="2" />
                  <test-case name="RCL.Test.CoreTest2.TestFindYYEmpty" executed="True" success="True" time="0.000" asserts="2" />
                  <test-case name="RCL.Test.CoreTest2.TestFirst" executed="True" success="True" time="0.000" asserts="2" />
                  <test-case name="RCL.Test.CoreTest2.TestFlipK0" executed="True" success="True" time="0.001" asserts="2" />
                  <test-case name="RCL.Test.CoreTest2.TestFlipK1" executed="True" success="True" time="0.000" asserts="2" />
                  <test-case name="RCL.Test.CoreTest2.TestFromDB" executed="True" success="True" time="0.001" asserts="2" />
                  <test-case name="RCL.Test.CoreTest2.TestFromDD" executed="True" success="True" time="0.000" asserts="2" />
                  <test-case name="RCL.Test.CoreTest2.TestFromDK" executed="True" success="True" time="0.000" asserts="2" />
                  <test-case name="RCL.Test.CoreTest2.TestFromDKNeg" executed="True" success="True" time="0.000" asserts="2" />
                  <test-case name="RCL.Test.CoreTest2.TestFromDL" executed="True" success="True" time="0.000" asserts="2" />
                  <test-case name="RCL.Test.CoreTest2.TestFromDM" executed="True" success="True" time="0.000" asserts="2" />
                  <test-case name="RCL.Test.CoreTest2.TestFromDNeg" executed="True" success="True" time="0.000" asserts="2" />
                  <test-case name="RCL.Test.CoreTest2.TestFromDS" executed="True" success="True" time="0.000" asserts="2" />
                  <test-case name="RCL.Test.CoreTest2.TestFromDX" executed="True" success="True" time="0.000" asserts="2" />
                  <test-case name="RCL.Test.CoreTest2.TestFromDY" executed="True" success="True" time="0.000" asserts="2" />
                  <test-case name="RCL.Test.CoreTest2.TestFromKS" executed="True" success="True" time="0.000" asserts="2" />
                  <test-case name="RCL.Test.CoreTest2.TestFromKY" executed="True" success="True" time="0.000" asserts="2" />
                  <test-case name="RCL.Test.CoreTest2.TestFromLB" executed="True" success="True" time="0.000" asserts="2" />
                  <test-case name="RCL.Test.CoreTest2.TestFromLD" executed="True" success="True" time="0.000" asserts="2" />
                  <test-case name="RCL.Test.CoreTest2.TestFromLK" executed="True" success="True" time="0.000" asserts="2" />
                  <test-case name="RCL.Test.CoreTest2.TestFromLKNeg" executed="True" success="True" time="0.000" asserts="2" />
                  <test-case name="RCL.Test.CoreTest2.TestFromLL" executed="True" success="True" time="0.000" asserts="2" />
                  <test-case name="RCL.Test.CoreTest2.TestFromLM" executed="True" success="True" time="0.000" asserts="2" />
                  <test-case name="RCL.Test.CoreTest2.TestFromLNeg" executed="True" success="True" time="0.000" asserts="2" />
                  <test-case name="RCL.Test.CoreTest2.TestFromLS" executed="True" success="True" time="0.000" asserts="2" />
                  <test-case name="RCL.Test.CoreTest2.TestFromLX" executed="True" success="True" time="0.000" asserts="2" />
                  <test-case name="RCL.Test.CoreTest2.TestFromLY" executed="True" success="True" time="0.000" asserts="2" />
                  <test-case name="RCL.Test.CoreTest2.TestFromMB" executed="True" success="True" time="0.000" asserts="2" />
                  <test-case name="RCL.Test.CoreTest2.TestFromMD" executed="True" success="True" time="0.000" asserts="2" />
                  <test-case name="RCL.Test.CoreTest2.TestFromMK" executed="True" success="True" time="0.000" asserts="2" />
                  <test-case name="RCL.Test.CoreTest2.TestFromMKNeg" executed="True" success="True" time="0.000" asserts="2" />
                  <test-case name="RCL.Test.CoreTest2.TestFromML" executed="True" success="True" time="0.000" asserts="2" />
                  <test-case name="RCL.Test.CoreTest2.TestFromMM" executed="True" success="True" time="0.000" asserts="2" />
                  <test-case name="RCL.Test.CoreTest2.TestFromMNeg" executed="True" success="True" time="0.000" asserts="2" />
                  <test-case name="RCL.Test.CoreTest2.TestFromMS" executed="True" success="True" time="0.000" asserts="2" />
                  <test-case name="RCL.Test.CoreTest2.TestFromMX" executed="True" success="True" time="0.000" asserts="2" />
                  <test-case name="RCL.Test.CoreTest2.TestFromMY" executed="True" success="True" time="0.000" asserts="2" />
                  <test-case name="RCL.Test.CoreTest2.TestFromTD" executed="True" success="True" time="0.000" asserts="2" />
                  <test-case name="RCL.Test.CoreTest2.TestFromTL" executed="True" success="True" time="0.000" asserts="2" />
                  <test-case name="RCL.Test.CoreTest2.TestFromTM" executed="True" success="True" time="0.000" asserts="2" />
                  <test-case name="RCL.Test.CoreTest2.TestFromTX" executed="True" success="True" time="0.000" asserts="2" />
                  <test-case name="RCL.Test.CoreTest2.TestFromXB" executed="True" success="True" time="0.000" asserts="2" />
                  <test-case name="RCL.Test.CoreTest2.TestFromXD" executed="True" success="True" time="0.000" asserts="2" />
                  <test-case name="RCL.Test.CoreTest2.TestFromXK" executed="True" success="True" time="0.000" asserts="2" />
                  <test-case name="RCL.Test.CoreTest2.TestFromXL" executed="True" success="True" time="0.000" asserts="2" />
                  <test-case name="RCL.Test.CoreTest2.TestFromXM" executed="True" success="True" time="0.000" asserts="2" />
                  <test-case name="RCL.Test.CoreTest2.TestFromXS" executed="True" success="True" time="0.000" asserts="2" />
                  <test-case name="RCL.Test.CoreTest2.TestFromXX" executed="True" success="True" time="0.000" asserts="2" />
                  <test-case name="RCL.Test.CoreTest2.TestFromXY" executed="True" success="True" time="0.000" asserts="2" />
                  <test-case name="RCL.Test.CoreTest2.TestHasL" executed="False">
                    <reason>
                      <message><![CDATA[]]></message>
                    </reason>
                  </test-case>
                  <test-case name="RCL.Test.CoreTest2.TestHasS" executed="True" success="True" time="0.000" asserts="2" />
                  <test-case name="RCL.Test.CoreTest2.TestHasY" executed="True" success="True" time="0.000" asserts="2" />
                  <test-case name="RCL.Test.CoreTest2.TestInB" executed="True" success="True" time="0.001" asserts="2" />
                  <test-case name="RCL.Test.CoreTest2.TestInD" executed="True" success="True" time="0.001" asserts="2" />
                  <test-case name="RCL.Test.CoreTest2.TestIndexOf" executed="True" success="True" time="0.001" asserts="2" />
                  <test-case name="RCL.Test.CoreTest2.TestInL" executed="True" success="True" time="0.001" asserts="2" />
                  <test-case name="RCL.Test.CoreTest2.TestInM" executed="True" success="True" time="0.001" asserts="2" />
                  <test-case name="RCL.Test.CoreTest2.TestInT" executed="True" success="True" time="0.001" asserts="2" />
                  <test-case name="RCL.Test.CoreTest2.TestInterB" executed="True" success="True" time="0.001" asserts="2" />
                  <test-case name="RCL.Test.CoreTest2.TestInterD" executed="True" success="True" time="0.001" asserts="2" />
                  <test-case name="RCL.Test.CoreTest2.TestInterK" executed="True" success="True" time="0.000" asserts="2" />
                  <test-case name="RCL.Test.CoreTest2.TestInterKY" executed="False">
                    <reason>
                      <message><![CDATA[Should work but I want it to do nesting]]></message>
                    </reason>
                  </test-case>
                  <test-case name="RCL.Test.CoreTest2.TestInterL" executed="True" success="True" time="0.001" asserts="2" />
                  <test-case name="RCL.Test.CoreTest2.TestInterM" executed="True" success="True" time="0.001" asserts="2" />
                  <test-case name="RCL.Test.CoreTest2.TestInterS" executed="True" success="True" time="0.001" asserts="2" />
                  <test-case name="RCL.Test.CoreTest2.TestInterT" executed="True" success="True" time="0.001" asserts="2" />
                  <test-case name="RCL.Test.CoreTest2.TestInterX" executed="True" success="True" time="0.001" asserts="2" />
                  <test-case name="RCL.Test.CoreTest2.TestInterY" executed="True" success="True" time="0.000" asserts="2" />
                  <test-case name="RCL.Test.CoreTest2.TestInX" executed="True" success="True" time="0.001" asserts="2" />
                  <test-case name="RCL.Test.CoreTest2.TestInY" executed="True" success="True" time="0.001" asserts="2" />
                  <test-case name="RCL.Test.CoreTest2.TestLast" executed="True" success="True" time="0.000" asserts="2" />
                  <test-case name="RCL.Test.CoreTest2.TestLike1" executed="True" success="True" time="0.001" asserts="2" />
                  <test-case name="RCL.Test.CoreTest2.TestLike1U" executed="True" success="True" time="0.001" asserts="2" />
                  <test-case name="RCL.Test.CoreTest2.TestLike2" executed="True" success="True" time="0.000" asserts="2" />
                  <test-case name="RCL.Test.CoreTest2.TestLike2U" executed="True" success="True" time="0.000" asserts="2" />
                  <test-case name="RCL.Test.CoreTest2.TestLike3" executed="True" success="True" time="0.000" asserts="2" />
                  <test-case name="RCL.Test.CoreTest2.TestLike3U" executed="True" success="True" time="0.001" asserts="2" />
                  <test-case name="RCL.Test.CoreTest2.TestLike4" executed="True" success="True" time="0.000" asserts="2" />
                  <test-case name="RCL.Test.CoreTest2.TestLike5" executed="True" success="True" time="0.000" asserts="2" />
                  <test-case name="RCL.Test.CoreTest2.TestLowerS" executed="True" success="True" time="0.000" asserts="2" />
                  <test-case name="RCL.Test.CoreTest2.TestMapB" executed="True" success="True" time="0.001" asserts="2" />
                  <test-case name="RCL.Test.CoreTest2.TestMapD" executed="True" success="True" time="0.001" asserts="2" />
                  <test-case name="RCL.Test.CoreTest2.TestMapK" executed="False">
                    <reason>
                      <message><![CDATA[]]></message>
                    </reason>
                  </test-case>
                  <test-case name="RCL.Test.CoreTest2.TestMapL" executed="True" success="True" time="0.001" asserts="2" />
                  <test-case name="RCL.Test.CoreTest2.TestMapM" executed="True" success="True" time="0.001" asserts="2" />
                  <test-case name="RCL.Test.CoreTest2.TestMapS" executed="True" success="True" time="0.001" asserts="2" />
                  <test-case name="RCL.Test.CoreTest2.TestMapT" executed="True" success="True" time="0.001" asserts="2" />
                  <test-case name="RCL.Test.CoreTest2.TestMapX" executed="True" success="True" time="0.001" asserts="2" />
                  <test-case name="RCL.Test.CoreTest2.TestMapY" executed="True" success="True" time="0.000" asserts="2" />
                  <test-case name="RCL.Test.CoreTest2.TestNamesK" executed="True" success="True" time="0.000" asserts="2" />
                  <test-case name="RCL.Test.CoreTest2.TestPad" executed="True" success="True" time="0.000" asserts="2" />
                  <test-case name="RCL.Test.CoreTest2.TestPartY0" executed="True" success="True" time="0.000" asserts="2" />
                  <test-case name="RCL.Test.CoreTest2.TestPartY1" executed="True" success="True" time="0.000" asserts="2" />
                  <test-case name="RCL.Test.CoreTest2.TestPrint" executed="True" success="True" time="0.000" asserts="2" />
                  <test-case name="RCL.Test.CoreTest2.TestRandomD" executed="True" success="True" time="0.000" asserts="2" />
                  <test-case name="RCL.Test.CoreTest2.TestRandomL" executed="True" success="True" time="0.001" asserts="2" />
                  <test-case name="RCL.Test.CoreTest2.TestRangeD" executed="True" success="True" time="0.001" asserts="2" />
                  <test-case name="RCL.Test.CoreTest2.TestRangeD1" executed="True" success="True" time="0.000" asserts="2" />
                  <test-case name="RCL.Test.CoreTest2.TestRangeD2" executed="True" success="True" time="0.000" asserts="2" />
                  <test-case name="RCL.Test.CoreTest2.TestRangeD3" executed="True" success="True" time="0.000" asserts="2" />
                  <test-case name="RCL.Test.CoreTest2.TestRangeL" executed="True" success="True" time="0.001" asserts="2" />
                  <test-case name="RCL.Test.CoreTest2.TestRangeL1" executed="True" success="True" time="0.000" asserts="2" />
                  <test-case name="RCL.Test.CoreTest2.TestRangeL2" executed="True" success="True" time="0.000" asserts="2" />
                  <test-case name="RCL.Test.CoreTest2.TestRangeL3" executed="True" success="True" time="0.000" asserts="2" />
                  <test-case name="RCL.Test.CoreTest2.TestRangeM" executed="True" success="True" time="0.001" asserts="2" />
                  <test-case name="RCL.Test.CoreTest2.TestRangeM1" executed="True" success="True" time="0.000" asserts="2" />
                  <test-case name="RCL.Test.CoreTest2.TestRangeM2" executed="True" success="True" time="0.000" asserts="2" />
                  <test-case name="RCL.Test.CoreTest2.TestRangeM3" executed="True" success="True" time="0.000" asserts="2" />
                  <test-case name="RCL.Test.CoreTest2.TestRangeS" executed="True" success="True" time="0.001" asserts="2" />
                  <test-case name="RCL.Test.CoreTest2.TestRangeS1" executed="True" success="True" time="0.000" asserts="2" />
                  <test-case name="RCL.Test.CoreTest2.TestRangeS2" executed="True" success="True" time="0.000" asserts="2" />
                  <test-case name="RCL.Test.CoreTest2.TestRangeS3" executed="True" success="True" time="0.000" asserts="2" />
                  <test-case name="RCL.Test.CoreTest2.TestRangeT" executed="True" success="True" time="0.001" asserts="2" />
                  <test-case name="RCL.Test.CoreTest2.TestRangeT1" executed="True" success="True" time="0.000" asserts="2" />
                  <test-case name="RCL.Test.CoreTest2.TestRangeT2" executed="True" success="True" time="0.000" asserts="2" />
                  <test-case name="RCL.Test.CoreTest2.TestRangeT3" executed="True" success="True" time="0.000" asserts="2" />
                  <test-case name="RCL.Test.CoreTest2.TestRangeX" executed="True" success="True" time="0.001" asserts="2" />
                  <test-case name="RCL.Test.CoreTest2.TestRangeX1" executed="True" success="True" time="0.000" asserts="2" />
                  <test-case name="RCL.Test.CoreTest2.TestRangeX2" executed="True" success="True" time="0.000" asserts="2" />
                  <test-case name="RCL.Test.CoreTest2.TestRangeX3" executed="True" success="True" time="0.000" asserts="2" />
                  <test-case name="RCL.Test.CoreTest2.TestRangeY" executed="True" success="True" time="0.000" asserts="2" />
                  <test-case name="RCL.Test.CoreTest2.TestRangeY1" executed="True" success="True" time="0.000" asserts="2" />
                  <test-case name="RCL.Test.CoreTest2.TestRangeY2" executed="True" success="True" time="0.000" asserts="2" />
                  <test-case name="RCL.Test.CoreTest2.TestRangeY3" executed="True" success="True" time="0.000" asserts="2" />
                  <test-case name="RCL.Test.CoreTest2.TestRankAbsAscB" executed="True" success="True" time="0.002" asserts="2" />
                  <test-case name="RCL.Test.CoreTest2.TestRankAbsAscD" executed="True" success="True" time="0.001" asserts="2" />
                  <test-case name="RCL.Test.CoreTest2.TestRankAbsAscL" executed="True" success="True" time="0.001" asserts="2" />
                  <test-case name="RCL.Test.CoreTest2.TestRankAbsAscM" executed="True" success="True" time="0.001" asserts="2" />
                  <test-case name="RCL.Test.CoreTest2.TestRankAbsAscS" executed="True" success="True" time="0.001" asserts="2" />
                  <test-case name="RCL.Test.CoreTest2.TestRankAbsAscT" executed="True" success="True" time="0.001" asserts="2" />
                  <test-case name="RCL.Test.CoreTest2.TestRankAbsAscX" executed="True" success="True" time="0.001" asserts="2" />
                  <test-case name="RCL.Test.CoreTest2.TestRankAbsAscY" executed="False">
                    <reason>
                      <message><![CDATA[]]></message>
                    </reason>
                  </test-case>
                  <test-case name="RCL.Test.CoreTest2.TestRankAbsDescB" executed="True" success="True" time="0.000" asserts="2" />
                  <test-case name="RCL.Test.CoreTest2.TestRankAbsDescD" executed="True" success="True" time="0.000" asserts="2" />
                  <test-case name="RCL.Test.CoreTest2.TestRankAbsDescL" executed="True" success="True" time="0.000" asserts="2" />
                  <test-case name="RCL.Test.CoreTest2.TestRankAbsDescM" executed="True" success="True" time="0.000" asserts="2" />
                  <test-case name="RCL.Test.CoreTest2.TestRankAbsDescS" executed="True" success="True" time="0.000" asserts="2" />
                  <test-case name="RCL.Test.CoreTest2.TestRankAbsDescT" executed="True" success="True" time="0.000" asserts="2" />
                  <test-case name="RCL.Test.CoreTest2.TestRankAbsDescX" executed="True" success="True" time="0.000" asserts="2" />
                  <test-case name="RCL.Test.CoreTest2.TestRankAbsDescY" executed="False">
                    <reason>
                      <message><![CDATA[]]></message>
                    </reason>
                  </test-case>
                  <test-case name="RCL.Test.CoreTest2.TestRankAscB" executed="True" success="True" time="0.000" asserts="2" />
                  <test-case name="RCL.Test.CoreTest2.TestRankAscD" executed="True" success="True" time="0.000" asserts="2" />
                  <test-case name="RCL.Test.CoreTest2.TestRankAscL" executed="True" success="True" time="0.000" asserts="2" />
                  <test-case name="RCL.Test.CoreTest2.TestRankAscM" executed="True" success="True" time="0.000" asserts="2" />
                  <test-case name="RCL.Test.CoreTest2.TestRankAscS" executed="True" success="True" time="0.000" asserts="2" />
                  <test-case name="RCL.Test.CoreTest2.TestRankAscT" executed="True" success="True" time="0.000" asserts="2" />
                  <test-case name="RCL.Test.CoreTest2.TestRankAscX" executed="True" success="True" time="0.000" asserts="2" />
                  <test-case name="RCL.Test.CoreTest2.TestRankAscY" executed="False">
                    <reason>
                      <message><![CDATA[]]></message>
                    </reason>
                  </test-case>
                  <test-case name="RCL.Test.CoreTest2.TestRankDescB" executed="True" success="True" time="0.000" asserts="2" />
                  <test-case name="RCL.Test.CoreTest2.TestRankDescD" executed="True" success="True" time="0.000" asserts="2" />
                  <test-case name="RCL.Test.CoreTest2.TestRankDescL" executed="True" success="True" time="0.000" asserts="2" />
                  <test-case name="RCL.Test.CoreTest2.TestRankDescM" executed="True" success="True" time="0.000" asserts="2" />
                  <test-case name="RCL.Test.CoreTest2.TestRankDescS" executed="True" success="True" time="0.000" asserts="2" />
                  <test-case name="RCL.Test.CoreTest2.TestRankDescT" executed="True" success="True" time="0.000" asserts="2" />
                  <test-case name="RCL.Test.CoreTest2.TestRankDescX" executed="True" success="True" time="0.000" asserts="2" />
                  <test-case name="RCL.Test.CoreTest2.TestRankDescY" executed="False">
                    <reason>
                      <message><![CDATA[]]></message>
                    </reason>
                  </test-case>
                  <test-case name="RCL.Test.CoreTest2.TestRename" executed="True" success="True" time="0.000" asserts="2" />
                  <test-case name="RCL.Test.CoreTest2.TestRenameY" executed="True" success="True" time="0.000" asserts="2" />
                  <test-case name="RCL.Test.CoreTest2.TestReplace" executed="True" success="True" time="0.000" asserts="2" />
                  <test-case name="RCL.Test.CoreTest2.TestSetK0" executed="True" success="True" time="0.000" asserts="2" />
                  <test-case name="RCL.Test.CoreTest2.TestShuffleB" executed="True" success="True" time="0.000" asserts="2" />
                  <test-case name="RCL.Test.CoreTest2.TestShuffleD" executed="True" success="True" time="0.000" asserts="2" />
                  <test-case name="RCL.Test.CoreTest2.TestShuffleK" executed="True" success="True" time="0.000" asserts="2" />
                  <test-case name="RCL.Test.CoreTest2.TestShuffleL" executed="True" success="True" time="0.000" asserts="2" />
                  <test-case name="RCL.Test.CoreTest2.TestShuffleLB" executed="True" success="True" time="0.000" asserts="2" />
                  <test-case name="RCL.Test.CoreTest2.TestShuffleLD" executed="True" success="True" time="0.000" asserts="2" />
                  <test-case name="RCL.Test.CoreTest2.TestShuffleLK" executed="True" success="True" time="0.000" asserts="2" />
                  <test-case name="RCL.Test.CoreTest2.TestShuffleLL" executed="True" success="True" time="0.000" asserts="2" />
                  <test-case name="RCL.Test.CoreTest2.TestShuffleLM" executed="True" success="True" time="0.000" asserts="2" />
                  <test-case name="RCL.Test.CoreTest2.TestShuffleLS" executed="True" success="True" time="0.000" asserts="2" />
                  <test-case name="RCL.Test.CoreTest2.TestShuffleLT" executed="True" success="True" time="0.000" asserts="2" />
                  <test-case name="RCL.Test.CoreTest2.TestShuffleLX" executed="True" success="True" time="0.000" asserts="2" />
                  <test-case name="RCL.Test.CoreTest2.TestShuffleM" executed="True" success="True" time="0.000" asserts="2" />
                  <test-case name="RCL.Test.CoreTest2.TestShuffleS" executed="True" success="True" time="0.000" asserts="2" />
                  <test-case name="RCL.Test.CoreTest2.TestShuffleT" executed="True" success="True" time="0.000" asserts="2" />
                  <test-case name="RCL.Test.CoreTest2.TestShuffleX" executed="True" success="True" time="0.000" asserts="2" />
                  <test-case name="RCL.Test.CoreTest2.TestShuffleY" executed="True" success="True" time="0.000" asserts="2" />
                  <test-case name="RCL.Test.CoreTest2.TestSleepD" executed="True" success="True" time="0.107" asserts="2" />
                  <test-case name="RCL.Test.CoreTest2.TestSleepL" executed="True" success="True" time="0.105" asserts="2" />
                  <test-case name="RCL.Test.CoreTest2.TestSleepM" executed="True" success="True" time="0.101" asserts="2" />
                  <test-case name="RCL.Test.CoreTest2.TestSleepX" executed="True" success="True" time="0.100" asserts="2" />
                  <test-case name="RCL.Test.CoreTest2.TestSlice0" executed="True" success="True" time="0.001" asserts="2" />
                  <test-case name="RCL.Test.CoreTest2.TestSlice1" executed="True" success="True" time="0.000" asserts="2" />
                  <test-case name="RCL.Test.CoreTest2.TestSortAbsAscB" executed="True" success="True" time="0.001" asserts="2" />
                  <test-case name="RCL.Test.CoreTest2.TestSortAbsAscD" executed="True" success="True" time="0.001" asserts="2" />
                  <test-case name="RCL.Test.CoreTest2.TestSortAbsAscKL" executed="True" success="True" time="0.001" asserts="2" />
                  <test-case name="RCL.Test.CoreTest2.TestSortAbsAscKX" executed="True" success="True" time="0.000" asserts="2" />
                  <test-case name="RCL.Test.CoreTest2.TestSortAbsAscL" executed="True" success="True" time="0.001" asserts="2" />
                  <test-case name="RCL.Test.CoreTest2.TestSortAbsAscM" executed="True" success="True" time="0.001" asserts="2" />
                  <test-case name="RCL.Test.CoreTest2.TestSortAbsAscS" executed="True" success="True" time="0.001" asserts="2" />
                  <test-case name="RCL.Test.CoreTest2.TestSortAbsAscT" executed="True" success="True" time="0.001" asserts="2" />
                  <test-case name="RCL.Test.CoreTest2.TestSortAbsAscX" executed="True" success="True" time="0.001" asserts="2" />
                  <test-case name="RCL.Test.CoreTest2.TestSortAbsAscY" executed="False">
                    <reason>
                      <message><![CDATA[]]></message>
                    </reason>
                  </test-case>
                  <test-case name="RCL.Test.CoreTest2.TestSortAbsDescB" executed="True" success="True" time="0.000" asserts="2" />
                  <test-case name="RCL.Test.CoreTest2.TestSortAbsDescD" executed="True" success="True" time="0.000" asserts="2" />
                  <test-case name="RCL.Test.CoreTest2.TestSortAbsDescKL" executed="True" success="True" time="0.000" asserts="2" />
                  <test-case name="RCL.Test.CoreTest2.TestSortAbsDescKX" executed="True" success="True" time="0.000" asserts="2" />
                  <test-case name="RCL.Test.CoreTest2.TestSortAbsDescL" executed="True" success="True" time="0.000" asserts="2" />
                  <test-case name="RCL.Test.CoreTest2.TestSortAbsDescM" executed="True" success="True" time="0.000" asserts="2" />
                  <test-case name="RCL.Test.CoreTest2.TestSortAbsDescS" executed="True" success="True" time="0.000" asserts="2" />
                  <test-case name="RCL.Test.CoreTest2.TestSortAbsDescT" executed="True" success="True" time="0.000" asserts="2" />
                  <test-case name="RCL.Test.CoreTest2.TestSortAbsDescX" executed="True" success="True" time="0.000" asserts="2" />
                  <test-case name="RCL.Test.CoreTest2.TestSortAbsDescY" executed="False">
                    <reason>
                      <message><![CDATA[]]></message>
                    </reason>
                  </test-case>
                  <test-case name="RCL.Test.CoreTest2.TestSortAscB" executed="True" success="True" time="0.000" asserts="2" />
                  <test-case name="RCL.Test.CoreTest2.TestSortAscD" executed="True" success="True" time="0.000" asserts="2" />
                  <test-case name="RCL.Test.CoreTest2.TestSortAscKL" executed="True" success="True" time="0.000" asserts="2" />
                  <test-case name="RCL.Test.CoreTest2.TestSortAscKX" executed="True" success="True" time="0.000" asserts="2" />
                  <test-case name="RCL.Test.CoreTest2.TestSortAscL" executed="True" success="True" time="0.000" asserts="2" />
                  <test-case name="RCL.Test.CoreTest2.TestSortAscM" executed="True" success="True" time="0.000" asserts="2" />
                  <test-case name="RCL.Test.CoreTest2.TestSortAscS" executed="True" success="True" time="0.000" asserts="2" />
                  <test-case name="RCL.Test.CoreTest2.TestSortAscT" executed="True" success="True" time="0.000" asserts="2" />
                  <test-case name="RCL.Test.CoreTest2.TestSortAscX" executed="True" success="True" time="0.000" asserts="2" />
                  <test-case name="RCL.Test.CoreTest2.TestSortAscY" executed="False">
                    <reason>
                      <message><![CDATA[]]></message>
                    </reason>
                  </test-case>
                  <test-case name="RCL.Test.CoreTest2.TestSortDescB" executed="True" success="True" time="0.000" asserts="2" />
                  <test-case name="RCL.Test.CoreTest2.TestSortDescD" executed="True" success="True" time="0.000" asserts="2" />
                  <test-case name="RCL.Test.CoreTest2.TestSortDescKL" executed="True" success="True" time="0.000" asserts="2" />
                  <test-case name="RCL.Test.CoreTest2.TestSortDescKT" executed="True" success="True" time="0.000" asserts="2" />
                  <test-case name="RCL.Test.CoreTest2.TestSortDescKX" executed="True" success="True" time="0.000" asserts="2" />
                  <test-case name="RCL.Test.CoreTest2.TestSortDescL" executed="True" success="True" time="0.001" asserts="2" />
                  <test-case name="RCL.Test.CoreTest2.TestSortDescM" executed="True" success="True" time="0.000" asserts="2" />
                  <test-case name="RCL.Test.CoreTest2.TestSortDescS" executed="True" success="True" time="0.000" asserts="2" />
                  <test-case name="RCL.Test.CoreTest2.TestSortDescT" executed="True" success="True" time="0.000" asserts="2" />
                  <test-case name="RCL.Test.CoreTest2.TestSortDescX" executed="True" success="True" time="0.000" asserts="2" />
                  <test-case name="RCL.Test.CoreTest2.TestSortDescY" executed="False">
                    <reason>
                      <message><![CDATA[]]></message>
                    </reason>
                  </test-case>
                  <test-case name="RCL.Test.CoreTest2.TestSplit" executed="True" success="True" time="0.000" asserts="2" />
                  <test-case name="RCL.Test.CoreTest2.TestSplitw0" executed="True" success="True" time="0.000" asserts="2" />
                  <test-case name="RCL.Test.CoreTest2.TestSplitw1" executed="True" success="True" time="0.000" asserts="2" />
                  <test-case name="RCL.Test.CoreTest2.TestStartsWith" executed="True" success="True" time="0.000" asserts="2" />
                  <test-case name="RCL.Test.CoreTest2.TestSubB" executed="True" success="True" time="0.000" asserts="2" />
                  <test-case name="RCL.Test.CoreTest2.TestSubD" executed="True" success="True" time="0.000" asserts="2" />
                  <test-case name="RCL.Test.CoreTest2.TestSubD0" executed="True" success="True" time="0.000" asserts="2" />
                  <test-case name="RCL.Test.CoreTest2.TestSubD1" executed="True" success="True" time="0.000" asserts="2" />
                  <test-case name="RCL.Test.CoreTest2.TestSubL" executed="True" success="True" time="0.000" asserts="2" />
                  <test-case name="RCL.Test.CoreTest2.TestSubM" executed="True" success="True" time="0.000" asserts="2" />
                  <test-case name="RCL.Test.CoreTest2.TestSubS" executed="True" success="True" time="0.000" asserts="2" />
                  <test-case name="RCL.Test.CoreTest2.TestSubstring0" executed="True" success="True" time="0.000" asserts="2" />
                  <test-case name="RCL.Test.CoreTest2.TestSubstring1" executed="True" success="True" time="0.000" asserts="2" />
                  <test-case name="RCL.Test.CoreTest2.TestSubT" executed="True" success="True" time="0.000" asserts="2" />
                  <test-case name="RCL.Test.CoreTest2.TestSubX" executed="True" success="True" time="0.000" asserts="2" />
                  <test-case name="RCL.Test.CoreTest2.TestSubY" executed="True" success="True" time="0.000" asserts="2" />
                  <test-case name="RCL.Test.CoreTest2.TestSwitchBK0" executed="True" success="True" time="0.000" asserts="2" />
                  <test-case name="RCL.Test.CoreTest2.TestSwitchBK1" executed="True" success="True" time="0.000" asserts="2" />
                  <test-case name="RCL.Test.CoreTest2.TestSwitchLK0" executed="True" success="True" time="0.000" asserts="2" />
                  <test-case name="RCL.Test.CoreTest2.TestSwitchLK1" executed="True" success="True" time="0.000" asserts="2" />
                  <test-case name="RCL.Test.CoreTest2.TestSwitchLK2" executed="True" success="True" time="0.000" asserts="2" />
                  <test-case name="RCL.Test.CoreTest2.TestSwitchLK3" executed="True" success="True" time="0.000" asserts="2" />
                  <test-case name="RCL.Test.CoreTest2.TestSwitchXK" executed="True" success="True" time="0.000" asserts="2" />
                  <test-case name="RCL.Test.CoreTest2.TestSwitchYK0" executed="True" success="True" time="0.000" asserts="2" />
                  <test-case name="RCL.Test.CoreTest2.TestSwitchYK1" executed="True" success="True" time="0.000" asserts="2" />
                  <test-case name="RCL.Test.CoreTest2.TestToD" executed="True" success="True" time="0.000" asserts="2" />
                  <test-case name="RCL.Test.CoreTest2.TestToL" executed="True" success="True" time="0.000" asserts="2" />
                  <test-case name="RCL.Test.CoreTest2.TestToM" executed="True" success="True" time="0.000" asserts="2" />
                  <test-case name="RCL.Test.CoreTest2.TestToX" executed="True" success="True" time="0.000" asserts="2" />
                  <test-case name="RCL.Test.CoreTest2.TestTrim" executed="True" success="True" time="0.000" asserts="2" />
                  <test-case name="RCL.Test.CoreTest2.TestTrim1" executed="True" success="True" time="0.000" asserts="2" />
                  <test-case name="RCL.Test.CoreTest2.TestTrim2" executed="True" success="True" time="0.000" asserts="2" />
                  <test-case name="RCL.Test.CoreTest2.TestTrim3" executed="True" success="True" time="0.000" asserts="2" />
                  <test-case name="RCL.Test.CoreTest2.TestTypecodeB" executed="True" success="True" time="0.000" asserts="2" />
                  <test-case name="RCL.Test.CoreTest2.TestTypecodeD" executed="True" success="True" time="0.000" asserts="2" />
                  <test-case name="RCL.Test.CoreTest2.TestTypecodeK" executed="True" success="True" time="0.000" asserts="2" />
                  <test-case name="RCL.Test.CoreTest2.TestTypecodeL" executed="True" success="True" time="0.000" asserts="2" />
                  <test-case name="RCL.Test.CoreTest2.TestTypecodeM" executed="True" success="True" time="0.000" asserts="2" />
                  <test-case name="RCL.Test.CoreTest2.TestTypecodeS" executed="True" success="True" time="0.000" asserts="2" />
                  <test-case name="RCL.Test.CoreTest2.TestTypecodeT" executed="True" success="True" time="0.000" asserts="2" />
                  <test-case name="RCL.Test.CoreTest2.TestTypecodeU" executed="True" success="True" time="0.000" asserts="2" />
                  <test-case name="RCL.Test.CoreTest2.TestTypecodeX" executed="True" success="True" time="0.000" asserts="2" />
                  <test-case name="RCL.Test.CoreTest2.TestTypecodeY" executed="True" success="True" time="0.000" asserts="2" />
                  <test-case name="RCL.Test.CoreTest2.TestTypenameB" executed="True" success="True" time="0.000" asserts="2" />
                  <test-case name="RCL.Test.CoreTest2.TestTypenameD" executed="True" success="True" time="0.000" asserts="2" />
                  <test-case name="RCL.Test.CoreTest2.TestTypenameK" executed="True" success="True" time="0.000" asserts="2" />
                  <test-case name="RCL.Test.CoreTest2.TestTypenameL" executed="True" success="True" time="0.000" asserts="2" />
                  <test-case name="RCL.Test.CoreTest2.TestTypenameM" executed="True" success="True" time="0.000" asserts="2" />
                  <test-case name="RCL.Test.CoreTest2.TestTypenameS" executed="True" success="True" time="0.000" asserts="2" />
                  <test-case name="RCL.Test.CoreTest2.TestTypenameT" executed="True" success="True" time="0.000" asserts="2" />
                  <test-case name="RCL.Test.CoreTest2.TestTypenameU" executed="True" success="True" time="0.000" asserts="2" />
                  <test-case name="RCL.Test.CoreTest2.TestTypenameX" executed="True" success="True" time="0.000" asserts="2" />
                  <test-case name="RCL.Test.CoreTest2.TestTypenameY" executed="True" success="True" time="0.000" asserts="2" />
                  <test-case name="RCL.Test.CoreTest2.TestUnflipK" executed="True" success="True" time="0.000" asserts="2" />
                  <test-case name="RCL.Test.CoreTest2.TestUnionB" executed="True" success="True" time="0.000" asserts="2" />
                  <test-case name="RCL.Test.CoreTest2.TestUnionD" executed="True" success="True" time="0.001" asserts="2" />
                  <test-case name="RCL.Test.CoreTest2.TestUnionL" executed="True" success="True" time="0.001" asserts="2" />
                  <test-case name="RCL.Test.CoreTest2.TestUnionM" executed="True" success="True" time="0.001" asserts="2" />
                  <test-case name="RCL.Test.CoreTest2.TestUnionS" executed="True" success="True" time="0.000" asserts="2" />
                  <test-case name="RCL.Test.CoreTest2.TestUnionT" executed="True" success="True" time="0.001" asserts="2" />
                  <test-case name="RCL.Test.CoreTest2.TestUnionX" executed="True" success="True" time="0.001" asserts="2" />
                  <test-case name="RCL.Test.CoreTest2.TestUnionY" executed="True" success="True" time="0.000" asserts="2" />
                  <test-case name="RCL.Test.CoreTest2.TestUniqueB" executed="True" success="True" time="0.000" asserts="2" />
                  <test-case name="RCL.Test.CoreTest2.TestUniqueD" executed="True" success="True" time="0.000" asserts="2" />
                  <test-case name="RCL.Test.CoreTest2.TestUniqueK" executed="False">
                    <reason>
                      <message><![CDATA[]]></message>
                    </reason>
                  </test-case>
                  <test-case name="RCL.Test.CoreTest2.TestUniqueL" executed="True" success="True" time="0.000" asserts="2" />
                  <test-case name="RCL.Test.CoreTest2.TestUniqueM" executed="True" success="True" time="0.001" asserts="2" />
                  <test-case name="RCL.Test.CoreTest2.TestUniqueS" executed="True" success="True" time="0.001" asserts="2" />
                  <test-case name="RCL.Test.CoreTest2.TestUniqueT" executed="True" success="True" time="0.000" asserts="2" />
                  <test-case name="RCL.Test.CoreTest2.TestUniqueX" executed="True" success="True" time="0.000" asserts="2" />
                  <test-case name="RCL.Test.CoreTest2.TestUniqueY" executed="True" success="True" time="0.000" asserts="2" />
                  <test-case name="RCL.Test.CoreTest2.TestUnwrap" executed="True" success="True" time="0.000" asserts="2" />
                  <test-case name="RCL.Test.CoreTest2.TestUnwrapEx" executed="True" success="True" time="0.002" asserts="0" />
                  <test-case name="RCL.Test.CoreTest2.TestUpperS" executed="True" success="True" time="0.000" asserts="2" />
                  <test-case name="RCL.Test.CoreTest2.TestWhereDB" executed="True" success="True" time="0.000" asserts="2" />
                  <test-case name="RCL.Test.CoreTest2.TestWhereLB" executed="True" success="True" time="0.000" asserts="2" />
                  <test-case name="RCL.Test.CoreTest2.TestWhereMB" executed="True" success="True" time="0.000" asserts="2" />
                  <test-case name="RCL.Test.CoreTest2.TestWhereNB" executed="True" success="True" time="0.000" asserts="2" />
                  <test-case name="RCL.Test.CoreTest2.TestWhereSB" executed="True" success="True" time="0.000" asserts="2" />
                  <test-case name="RCL.Test.CoreTest2.TestWhereTB" executed="True" success="True" time="0.000" asserts="2" />
                  <test-case name="RCL.Test.CoreTest2.TestWhereXB" executed="True" success="True" time="0.000" asserts="2" />
                  <test-case name="RCL.Test.CoreTest2.TestWhereYB" executed="True" success="True" time="0.000" asserts="2" />
                </results>
              </test-suite>
              <test-suite name="CoreTest3" success="True" time="0.121" asserts="0">
                <results>
                  <test-case name="RCL.Test.CoreTest3.TestBinaryContainers" executed="True" success="True" time="0.005" asserts="8" />
                  <test-case name="RCL.Test.CoreTest3.TestBinaryCube" executed="True" success="True" time="0.002" asserts="4" />
                  <test-case name="RCL.Test.CoreTest3.TestBinaryFixed" executed="True" success="True" time="0.002" asserts="16" />
                  <test-case name="RCL.Test.CoreTest3.TestBinaryReference" executed="True" success="True" time="0.001" asserts="6" />
                  <test-case name="RCL.Test.CoreTest3.TestBinaryString" executed="True" success="True" time="0.000" asserts="4" />
                  <test-case name="RCL.Test.CoreTest3.TestBinarySymbol" executed="True" success="True" time="0.001" asserts="10" />
                  <test-case name="RCL.Test.CoreTest3.TestBotWithChildFibers" executed="True" success="True" time="0.004" asserts="2" />
                  <test-case name="RCL.Test.CoreTest3.TestCompare0" executed="True" success="True" time="0.001" asserts="2" />
                  <test-case name="RCL.Test.CoreTest3.TestCompare1" executed="True" success="True" time="0.000" asserts="2" />
                  <test-case name="RCL.Test.CoreTest3.TestCompare2" executed="True" success="True" time="0.000" asserts="2" />
                  <test-case name="RCL.Test.CoreTest3.TestCompare3" executed="True" success="True" time="0.000" asserts="2" />
                  <test-case name="RCL.Test.CoreTest3.TestCompare4" executed="True" success="True" time="0.000" asserts="2" />
                  <test-case name="RCL.Test.CoreTest3.TestCompare5" executed="True" success="True" time="0.000" asserts="2" />
                  <test-case name="RCL.Test.CoreTest3.TestCompare6" executed="True" success="True" time="0.000" asserts="2" />
                  <test-case name="RCL.Test.CoreTest3.TestCompare7" executed="True" success="True" time="0.000" asserts="2" />
                  <test-case name="RCL.Test.CoreTest3.TestExec" executed="False">
                    <reason>
                      <message><![CDATA[Ditto for unix commands like ls and rm]]></message>
                    </reason>
                  </test-case>
                  <test-case name="RCL.Test.CoreTest3.TestExec2" executed="False">
                    <reason>
                      <message><![CDATA[There some issue spawning a bash shell under the debugger env. Would like to know why.]]></message>
                    </reason>
                  </test-case>
                  <test-case name="RCL.Test.CoreTest3.TestFiberWithChildFibers" executed="True" success="True" time="0.000" asserts="2" />
                  <test-case name="RCL.Test.CoreTest3.TestFile" executed="True" success="True" time="0.002" asserts="2" />
                  <test-case name="RCL.Test.CoreTest3.TestFileAndPath" executed="True" success="True" time="0.001" asserts="2" />
                  <test-case name="RCL.Test.CoreTest3.TestFormatLog" executed="True" success="True" time="0.001" asserts="2" />
                  <test-case name="RCL.Test.CoreTest3.TestFormatPretty" executed="True" success="True" time="0.001" asserts="10" />
                  <test-case name="RCL.Test.CoreTest3.TestFormatPretty1" executed="True" success="True" time="0.000" asserts="2" />
                  <test-case name="RCL.Test.CoreTest3.TestFormatText" executed="True" success="True" time="0.000" asserts="2" />
                  <test-case name="RCL.Test.CoreTest3.TestGetm" executed="True" success="True" time="0.001" asserts="1" />
                  <test-case name="RCL.Test.CoreTest3.TestGetm1" executed="True" success="True" time="0.000" asserts="2" />
                  <test-case name="RCL.Test.CoreTest3.TestGetm2" executed="True" success="True" time="0.001" asserts="2" />
                  <test-case name="RCL.Test.CoreTest3.TestKillAfterThrow" executed="True" success="True" time="0.001" asserts="2" />
                  <test-case name="RCL.Test.CoreTest3.TestModule" executed="True" success="True" time="0.001" asserts="2" />
                  <test-case name="RCL.Test.CoreTest3.TestModule1" executed="True" success="True" time="0.000" asserts="2" />
                  <test-case name="RCL.Test.CoreTest3.TestModule2" executed="True" success="True" time="0.000" asserts="2" />
                  <test-case name="RCL.Test.CoreTest3.TestOpenSendReceiveCloseCube" executed="False">
                    <reason>
                      <message><![CDATA[]]></message>
                    </reason>
                  </test-case>
                  <test-case name="RCL.Test.CoreTest3.TestParseCSV" executed="True" success="True" time="0.002" asserts="6" />
                  <test-case name="RCL.Test.CoreTest3.TestParseDefault" executed="True" success="True" time="0.000" asserts="4" />
                  <test-case name="RCL.Test.CoreTest3.TestParseJSON" executed="True" success="True" time="0.003" asserts="24" />
                  <test-case name="RCL.Test.CoreTest3.TestParseXML" executed="True" success="True" time="0.002" asserts="16" />
                  <test-case name="RCL.Test.CoreTest3.TestParseXML1" executed="True" success="True" time="0.001" asserts="16" />
                  <test-case name="RCL.Test.CoreTest3.TestParseXML2" executed="True" success="True" time="0.001" asserts="16" />
                  <test-case name="RCL.Test.CoreTest3.TestPath" executed="True" success="True" time="0.000" asserts="2" />
                  <test-case name="RCL.Test.CoreTest3.TestSavebinLoadbinDelete" executed="True" success="True" time="0.001" asserts="2" />
                  <test-case name="RCL.Test.CoreTest3.TestSaveLoadDelete" executed="True" success="True" time="0.001" asserts="2" />
                  <test-case name="RCL.Test.CoreTest3.TestSaveLoadExtraLine" executed="True" success="True" time="0.001" asserts="2" />
                  <test-case name="RCL.Test.CoreTest3.TestSaveLoadUnderline" executed="True" success="True" time="0.001" asserts="2" />
                  <test-case name="RCL.Test.CoreTest3.TestTryAssert" executed="True" success="True" time="0.001" asserts="2" />
                  <test-case name="RCL.Test.CoreTest3.TestTryAsync0" executed="True" success="True" time="0.000" asserts="2" />
                  <test-case name="RCL.Test.CoreTest3.TestTryAsync1" executed="True" success="True" time="0.000" asserts="2" />
                  <test-case name="RCL.Test.CoreTest3.TestTryAsync2" executed="True" success="True" time="0.001" asserts="2" />
                  <test-case name="RCL.Test.CoreTest3.TestTryAsync3" executed="True" success="True" time="0.000" asserts="2" />
                  <test-case name="RCL.Test.CoreTest3.TestTryAsync4" executed="True" success="True" time="0.000" asserts="2" />
                  <test-case name="RCL.Test.CoreTest3.TestTryBadReference" executed="True" success="True" time="0.000" asserts="2" />
                  <test-case name="RCL.Test.CoreTest3.TestTryEval" executed="True" success="True" time="0.000" asserts="2" />
                  <test-case name="RCL.Test.CoreTest3.TestTryEval1" executed="True" success="True" time="0.000" asserts="2" />
                  <test-case name="RCL.Test.CoreTest3.TestTryEval2" executed="True" success="True" time="0.000" asserts="2" />
                  <test-case name="RCL.Test.CoreTest3.TestTryFail" executed="True" success="True" time="0.000" asserts="2" />
                  <test-case name="RCL.Test.CoreTest3.TestTryFail1" executed="True" success="True" time="0.000" asserts="2" />
                  <test-case name="RCL.Test.CoreTest3.TestTryFailAssert" executed="True" success="True" time="0.000" asserts="2" />
                  <test-case name="RCL.Test.CoreTest3.TestTryOk" executed="True" success="True" time="0.000" asserts="2" />
                  <test-case name="RCL.Test.CoreTest3.TestTrySwitchLast" executed="True" success="True" time="0.000" asserts="2" />
                  <test-case name="RCL.Test.CoreTest3.TestTryWaitKill" executed="True" success="True" time="0.008" asserts="2" />
                  <test-case name="RCL.Test.CoreTest3.TestTryWaitKill1" executed="True" success="True" time="0.001" asserts="2" />
                  <test-case name="RCL.Test.CoreTest3.TestTryWaitKill2" executed="True" success="True" time="0.001" asserts="2" />
                  <test-case name="RCL.Test.CoreTest3.TestTryWaitKill3" executed="True" success="True" time="0.000" asserts="2" />
                  <test-case name="RCL.Test.CoreTest3.TestTryWaitKill4" executed="True" success="True" time="0.001" asserts="2" />
                  <test-case name="RCL.Test.CoreTest3.TestTryWaitKill5" executed="True" success="True" time="0.001" asserts="2" />
                  <test-case name="RCL.Test.CoreTest3.TestTryWaitKill6" executed="True" success="True" time="0.001" asserts="2" />
                  <test-case name="RCL.Test.CoreTest3.TestTryWaitx" executed="True" success="True" time="0.052" asserts="20" />
                  <test-case name="RCL.Test.CoreTest3.TestWatchf" executed="False">
                    <reason>
                      <message><![CDATA[This test fails to expose the bugs in watchf all the time. Need a better test then implement buffer fixes.]]></message>
                    </reason>
                  </test-case>
                </results>
              </test-suite>
              <test-suite name="CubeTest" success="True" time="0.164" asserts="0">
                <results>
                  <test-case name="RCL.Test.CubeTest.SortVariousDataTypes" executed="True" success="True" time="0.009" asserts="14" />
                  <test-case name="RCL.Test.CubeTest.TestAbs" executed="True" success="True" time="0.001" asserts="6" />
                  <test-case name="RCL.Test.CubeTest.TestAnd" executed="True" success="True" time="0.003" asserts="6" />
                  <test-case name="RCL.Test.CubeTest.TestAppendRect0" executed="True" success="True" time="0.000" asserts="2" />
                  <test-case name="RCL.Test.CubeTest.TestAppendRect1" executed="True" success="True" time="0.000" asserts="2" />
                  <test-case name="RCL.Test.CubeTest.TestAppendRect2" executed="True" success="True" time="0.000" asserts="2" />
                  <test-case name="RCL.Test.CubeTest.TestAppendRect3" executed="True" success="True" time="0.000" asserts="2" />
                  <test-case name="RCL.Test.CubeTest.TestAppendRect4" executed="True" success="True" time="0.000" asserts="2" />
                  <test-case name="RCL.Test.CubeTest.TestAppendRect5" executed="True" success="True" time="0.000" asserts="2" />
                  <test-case name="RCL.Test.CubeTest.TestAppendSymbol0" executed="True" success="True" time="0.000" asserts="2" />
                  <test-case name="RCL.Test.CubeTest.TestAppendSymbol1" executed="True" success="True" time="0.000" asserts="2" />
                  <test-case name="RCL.Test.CubeTest.TestAppendSymbol2" executed="True" success="True" time="0.000" asserts="2" />
                  <test-case name="RCL.Test.CubeTest.TestAppendSymbol3" executed="True" success="True" time="0.000" asserts="2" />
                  <test-case name="RCL.Test.CubeTest.TestAppendTime0" executed="False">
                    <reason>
                      <message><![CDATA[]]></message>
                    </reason>
                  </test-case>
                  <test-case name="RCL.Test.CubeTest.TestAppendTime1" executed="True" success="True" time="0.000" asserts="2" />
                  <test-case name="RCL.Test.CubeTest.TestAppendTime2" executed="True" success="True" time="0.000" asserts="2" />
                  <test-case name="RCL.Test.CubeTest.TestAppendTime3" executed="True" success="True" time="0.000" asserts="2" />
                  <test-case name="RCL.Test.CubeTest.TestAppendTime4" executed="True" success="True" time="0.000" asserts="2" />
                  <test-case name="RCL.Test.CubeTest.TestAt" executed="True" success="True" time="0.000" asserts="2" />
                  <test-case name="RCL.Test.CubeTest.TestAvg" executed="True" success="True" time="0.003" asserts="2" />
                  <test-case name="RCL.Test.CubeTest.TestAvg0" executed="True" success="True" time="0.001" asserts="2" />
                  <test-case name="RCL.Test.CubeTest.TestBang0" executed="True" success="True" time="0.002" asserts="18" />
                  <test-case name="RCL.Test.CubeTest.TestBang1" executed="True" success="True" time="0.003" asserts="24" />
                  <test-case name="RCL.Test.CubeTest.TestBang2" executed="True" success="True" time="0.001" asserts="2" />
                  <test-case name="RCL.Test.CubeTest.TestBang3" executed="True" success="True" time="0.000" asserts="2" />
                  <test-case name="RCL.Test.CubeTest.TestBang4" executed="True" success="True" time="0.000" asserts="2" />
                  <test-case name="RCL.Test.CubeTest.TestBang5" executed="True" success="True" time="0.000" asserts="2" />
                  <test-case name="RCL.Test.CubeTest.TestBang6" executed="True" success="True" time="0.000" asserts="2" />
                  <test-case name="RCL.Test.CubeTest.TestBang7" executed="True" success="True" time="0.000" asserts="2" />
                  <test-case name="RCL.Test.CubeTest.TestBlock" executed="True" success="True" time="0.001" asserts="2" />
                  <test-case name="RCL.Test.CubeTest.TestBlockCubeConversions" executed="True" success="True" time="0.003" asserts="12" />
                  <test-case name="RCL.Test.CubeTest.TestBlockCubeConversions1" executed="True" success="True" time="0.001" asserts="2" />
                  <test-case name="RCL.Test.CubeTest.TestBlockCubeConversions2" executed="True" success="True" time="0.000" asserts="2" />
                  <test-case name="RCL.Test.CubeTest.TestBlockCubeConversions3" executed="True" success="True" time="0.000" asserts="2" />
                  <test-case name="RCL.Test.CubeTest.TestBlockCubeConversions4" executed="True" success="True" time="0.000" asserts="2" />
                  <test-case name="RCL.Test.CubeTest.TestBlockCubeConversions5" executed="True" success="True" time="0.000" asserts="2" />
                  <test-case name="RCL.Test.CubeTest.TestBlockCubeConversions6" executed="True" success="True" time="0.000" asserts="2" />
                  <test-case name="RCL.Test.CubeTest.TestBlockCubeCorrespondence" executed="False">
                    <reason>
                      <message><![CDATA[]]></message>
                    </reason>
                  </test-case>
                  <test-case name="RCL.Test.CubeTest.TestBoolean" executed="True" success="True" time="0.001" asserts="2" />
                  <test-case name="RCL.Test.CubeTest.TestByte" executed="True" success="True" time="0.001" asserts="2" />
                  <test-case name="RCL.Test.CubeTest.TestChart1" executed="True" success="True" time="0.001" asserts="2" />
                  <test-case name="RCL.Test.CubeTest.TestChart10" executed="True" success="True" time="0.000" asserts="2" />
                  <test-case name="RCL.Test.CubeTest.TestChart11" executed="True" success="True" time="0.000" asserts="2" />
                  <test-case name="RCL.Test.CubeTest.TestChart12" executed="True" success="True" time="0.000" asserts="2" />
                  <test-case name="RCL.Test.CubeTest.TestChart13" executed="True" success="True" time="0.000" asserts="2" />
                  <test-case name="RCL.Test.CubeTest.TestChart14" executed="True" success="True" time="0.001" asserts="2" />
                  <test-case name="RCL.Test.CubeTest.TestChart15" executed="True" success="True" time="0.000" asserts="2" />
                  <test-case name="RCL.Test.CubeTest.TestChart16" executed="True" success="True" time="0.000" asserts="2" />
                  <test-case name="RCL.Test.CubeTest.TestChart2" executed="True" success="True" time="0.000" asserts="2" />
                  <test-case name="RCL.Test.CubeTest.TestChart3" executed="True" success="True" time="0.000" asserts="2" />
                  <test-case name="RCL.Test.CubeTest.TestChart4" executed="True" success="True" time="0.000" asserts="2" />
                  <test-case name="RCL.Test.CubeTest.TestChart5" executed="True" success="True" time="0.000" asserts="2" />
                  <test-case name="RCL.Test.CubeTest.TestChart6" executed="True" success="True" time="0.000" asserts="2" />
                  <test-case name="RCL.Test.CubeTest.TestChart7" executed="True" success="True" time="0.000" asserts="2" />
                  <test-case name="RCL.Test.CubeTest.TestChart8" executed="True" success="True" time="0.000" asserts="2" />
                  <test-case name="RCL.Test.CubeTest.TestChart9" executed="True" success="True" time="0.000" asserts="2" />
                  <test-case name="RCL.Test.CubeTest.TestChartB" executed="True" success="True" time="0.000" asserts="2" />
                  <test-case name="RCL.Test.CubeTest.TestChartD" executed="True" success="True" time="0.000" asserts="2" />
                  <test-case name="RCL.Test.CubeTest.TestChartL" executed="True" success="True" time="0.000" asserts="2" />
                  <test-case name="RCL.Test.CubeTest.TestChartM" executed="True" success="True" time="0.000" asserts="2" />
                  <test-case name="RCL.Test.CubeTest.TestChartS" executed="True" success="True" time="0.000" asserts="2" />
                  <test-case name="RCL.Test.CubeTest.TestChartY" executed="True" success="True" time="0.000" asserts="2" />
                  <test-case name="RCL.Test.CubeTest.TestColofb" executed="True" success="True" time="0.001" asserts="8" />
                  <test-case name="RCL.Test.CubeTest.TestColofd0" executed="True" success="True" time="0.000" asserts="2" />
                  <test-case name="RCL.Test.CubeTest.TestColofd1" executed="True" success="True" time="0.000" asserts="2" />
                  <test-case name="RCL.Test.CubeTest.TestColofd2" executed="True" success="True" time="0.000" asserts="2" />
                  <test-case name="RCL.Test.CubeTest.TestColofd3" executed="True" success="True" time="0.000" asserts="2" />
                  <test-case name="RCL.Test.CubeTest.TestColofd4" executed="True" success="True" time="0.000" asserts="2" />
                  <test-case name="RCL.Test.CubeTest.TestColofError" executed="True" success="True" time="0.003" asserts="14" />
                  <test-case name="RCL.Test.CubeTest.TestColofl" executed="True" success="True" time="0.001" asserts="8" />
                  <test-case name="RCL.Test.CubeTest.TestColofl0" executed="True" success="True" time="0.000" asserts="2" />
                  <test-case name="RCL.Test.CubeTest.TestColofl1" executed="True" success="True" time="0.000" asserts="2" />
                  <test-case name="RCL.Test.CubeTest.TestColofm" executed="True" success="True" time="0.001" asserts="8" />
                  <test-case name="RCL.Test.CubeTest.TestColofs" executed="True" success="True" time="0.001" asserts="8" />
                  <test-case name="RCL.Test.CubeTest.TestColoft" executed="True" success="True" time="0.001" asserts="8" />
                  <test-case name="RCL.Test.CubeTest.TestColofx" executed="True" success="True" time="0.001" asserts="8" />
                  <test-case name="RCL.Test.CubeTest.TestColofy" executed="True" success="True" time="0.001" asserts="8" />
                  <test-case name="RCL.Test.CubeTest.TestCount" executed="True" success="True" time="0.000" asserts="6" />
                  <test-case name="RCL.Test.CubeTest.TestCube" executed="True" success="True" time="0.002" asserts="18" />
                  <test-case name="RCL.Test.CubeTest.TestCubeAddSymbol" executed="True" success="True" time="0.001" asserts="2" />
                  <test-case name="RCL.Test.CubeTest.TestCubeColumns" executed="True" success="True" time="0.001" asserts="2" />
                  <test-case name="RCL.Test.CubeTest.TestCubeColumns1" executed="True" success="True" time="0.000" asserts="2" />
                  <test-case name="RCL.Test.CubeTest.TestCubeLeftCube" executed="True" success="True" time="0.000" asserts="2" />
                  <test-case name="RCL.Test.CubeTest.TestCubeLeftEmpty" executed="True" success="True" time="0.000" asserts="2" />
                  <test-case name="RCL.Test.CubeTest.TestCubeLeftSymbol" executed="True" success="True" time="0.000" asserts="2" />
                  <test-case name="RCL.Test.CubeTest.TestCubeLeftSymbol1" executed="True" success="True" time="0.000" asserts="2" />
                  <test-case name="RCL.Test.CubeTest.TestCubeLeftSymbol2" executed="True" success="True" time="0.000" asserts="2" />
                  <test-case name="RCL.Test.CubeTest.TestCubeLeftSymbol3" executed="True" success="True" time="0.000" asserts="2" />
                  <test-case name="RCL.Test.CubeTest.TestCubeMathMonadic" executed="True" success="True" time="0.000" asserts="2" />
                  <test-case name="RCL.Test.CubeTest.TestCubeMathMonadicWithDups" executed="True" success="True" time="0.001" asserts="2" />
                  <test-case name="RCL.Test.CubeTest.TestCubeMathObject" executed="True" success="True" time="0.001" asserts="2" />
                  <test-case name="RCL.Test.CubeTest.TestCubeMathObject1" executed="True" success="True" time="0.000" asserts="2" />
                  <test-case name="RCL.Test.CubeTest.TestCubeMathObject2" executed="True" success="True" time="0.000" asserts="2" />
                  <test-case name="RCL.Test.CubeTest.TestCubeMathOneSymbolNoNulls" executed="True" success="True" time="0.001" asserts="2" />
                  <test-case name="RCL.Test.CubeTest.TestCubeMathOneSymbolWithNulls" executed="True" success="True" time="0.000" asserts="2" />
                  <test-case name="RCL.Test.CubeTest.TestCubeMathOneSymbolWithNullsReverse" executed="True" success="True" time="0.000" asserts="2" />
                  <test-case name="RCL.Test.CubeTest.TestCubeMathSequential" executed="True" success="True" time="0.002" asserts="2" />
                  <test-case name="RCL.Test.CubeTest.TestCubeMathTime" executed="True" success="True" time="0.001" asserts="2" />
                  <test-case name="RCL.Test.CubeTest.TestCubeMathWithMultipleKeys" executed="True" success="True" time="0.000" asserts="2" />
                  <test-case name="RCL.Test.CubeTest.TestCubeMathWithMultipleKeys1" executed="True" success="True" time="0.000" asserts="2" />
                  <test-case name="RCL.Test.CubeTest.TestCubeMathWithMultipleTimelines" executed="True" success="True" time="0.001" asserts="2" />
                  <test-case name="RCL.Test.CubeTest.TestCubeMathWithSymbol" executed="True" success="True" time="0.000" asserts="2" />
                  <test-case name="RCL.Test.CubeTest.TestCubeMathWithSymbol1" executed="True" success="True" time="0.000" asserts="2" />
                  <test-case name="RCL.Test.CubeTest.TestCubeMathWithTwoSymbolsWithNull" executed="True" success="True" time="0.000" asserts="2" />
                  <test-case name="RCL.Test.CubeTest.TestCubeMathWithTwoSymbolsWithNullReverse" executed="True" success="True" time="0.000" asserts="2" />
                  <test-case name="RCL.Test.CubeTest.TestCubeNoSymbol" executed="True" success="True" time="0.000" asserts="4" />
                  <test-case name="RCL.Test.CubeTest.TestCubeNoSymbolWithBlock" executed="True" success="True" time="0.001" asserts="10" />
                  <test-case name="RCL.Test.CubeTest.TestCubeNoSymbolWithBlock1" executed="True" success="True" time="0.000" asserts="2" />
                  <test-case name="RCL.Test.CubeTest.TestCubeNoTimeline" executed="True" success="True" time="0.000" asserts="2" />
                  <test-case name="RCL.Test.CubeTest.TestCubeNoTimeline1" executed="True" success="True" time="0.000" asserts="2" />
                  <test-case name="RCL.Test.CubeTest.TestCubeReplaceSymbol" executed="True" success="True" time="0.001" asserts="4" />
                  <test-case name="RCL.Test.CubeTest.TestCubeWithSInBlock" executed="True" success="True" time="0.000" asserts="2" />
                  <test-case name="RCL.Test.CubeTest.TestDecimal" executed="True" success="True" time="0.001" asserts="2" />
                  <test-case name="RCL.Test.CubeTest.TestDivide" executed="True" success="True" time="0.001" asserts="8" />
                  <test-case name="RCL.Test.CubeTest.TestDouble" executed="True" success="True" time="0.001" asserts="2" />
                  <test-case name="RCL.Test.CubeTest.TestEquals" executed="True" success="True" time="0.001" asserts="8" />
                  <test-case name="RCL.Test.CubeTest.TestExcept" executed="True" success="True" time="0.001" asserts="2" />
                  <test-case name="RCL.Test.CubeTest.TestExcept1" executed="True" success="True" time="0.000" asserts="2" />
                  <test-case name="RCL.Test.CubeTest.TestExcept2" executed="True" success="True" time="0.000" asserts="2" />
                  <test-case name="RCL.Test.CubeTest.TestFill" executed="True" success="True" time="0.001" asserts="2" />
                  <test-case name="RCL.Test.CubeTest.TestFill1" executed="True" success="True" time="0.000" asserts="2" />
                  <test-case name="RCL.Test.CubeTest.TestFind" executed="False">
                    <reason>
                      <message><![CDATA[]]></message>
                    </reason>
                  </test-case>
                  <test-case name="RCL.Test.CubeTest.TestFormatCsv" executed="True" success="True" time="0.000" asserts="2" />
                  <test-case name="RCL.Test.CubeTest.TestFormatCsvEscapeDoubleQuote" executed="True" success="True" time="0.000" asserts="2" />
                  <test-case name="RCL.Test.CubeTest.TestFormatCsvEscapeStringAndSymbols" executed="True" success="True" time="0.000" asserts="2" />
                  <test-case name="RCL.Test.CubeTest.TestFormatCsvWithBoolean" executed="True" success="True" time="0.000" asserts="2" />
                  <test-case name="RCL.Test.CubeTest.TestFormatHtml" executed="True" success="True" time="0.001" asserts="2" />
                  <test-case name="RCL.Test.CubeTest.TestFormatHtmlWithG" executed="True" success="True" time="0.002" asserts="2" />
                  <test-case name="RCL.Test.CubeTest.TestFormatPretty" executed="True" success="True" time="0.000" asserts="2" />
                  <test-case name="RCL.Test.CubeTest.TestFrom" executed="True" success="True" time="0.000" asserts="2" />
                  <test-case name="RCL.Test.CubeTest.TestFrom1" executed="False">
                    <reason>
                      <message><![CDATA[]]></message>
                    </reason>
                  </test-case>
                  <test-case name="RCL.Test.CubeTest.TestGreaterThan" executed="True" success="True" time="0.002" asserts="6" />
                  <test-case name="RCL.Test.CubeTest.TestGreaterThanOrEqual" executed="True" success="True" time="0.000" asserts="6" />
                  <test-case name="RCL.Test.CubeTest.TestHigh" executed="True" success="True" time="0.002" asserts="2" />
                  <test-case name="RCL.Test.CubeTest.TestHigh1" executed="True" success="True" time="0.000" asserts="2" />
                  <test-case name="RCL.Test.CubeTest.TestHigh2" executed="True" success="True" time="0.000" asserts="2" />
                  <test-case name="RCL.Test.CubeTest.TestHigh3" executed="True" success="True" time="0.000" asserts="2" />
                  <test-case name="RCL.Test.CubeTest.TestIn" executed="True" success="True" time="0.001" asserts="2" />
                  <test-case name="RCL.Test.CubeTest.TestInitialValue" executed="True" success="True" time="0.001" asserts="6" />
                  <test-case name="RCL.Test.CubeTest.TestInter" executed="True" success="True" time="0.000" asserts="2" />
                  <test-case name="RCL.Test.CubeTest.TestInter1" executed="True" success="True" time="0.000" asserts="2" />
                  <test-case name="RCL.Test.CubeTest.TestInter2" executed="True" success="True" time="0.000" asserts="2" />
                  <test-case name="RCL.Test.CubeTest.TestJoin" executed="True" success="True" time="0.001" asserts="2" />
                  <test-case name="RCL.Test.CubeTest.TestJoin1" executed="True" success="True" time="0.000" asserts="2" />
                  <test-case name="RCL.Test.CubeTest.TestJoin2" executed="True" success="True" time="0.000" asserts="2" />
                  <test-case name="RCL.Test.CubeTest.TestJoin3" executed="True" success="True" time="0.000" asserts="2" />
                  <test-case name="RCL.Test.CubeTest.TestKey0" executed="True" success="True" time="0.000" asserts="2" />
                  <test-case name="RCL.Test.CubeTest.TestKey1" executed="True" success="True" time="0.000" asserts="2" />
                  <test-case name="RCL.Test.CubeTest.TestKey2" executed="True" success="True" time="0.000" asserts="2" />
                  <test-case name="RCL.Test.CubeTest.TestKey3" executed="True" success="True" time="0.000" asserts="2" />
                  <test-case name="RCL.Test.CubeTest.TestLatestTimestamp" executed="True" success="True" time="0.000" asserts="4" />
                  <test-case name="RCL.Test.CubeTest.TestLength0" executed="True" success="True" time="0.001" asserts="2" />
                  <test-case name="RCL.Test.CubeTest.TestLength1" executed="False">
                    <reason>
                      <message><![CDATA[]]></message>
                    </reason>
                  </test-case>
                  <test-case name="RCL.Test.CubeTest.TestLessThan" executed="True" success="True" time="0.000" asserts="6" />
                  <test-case name="RCL.Test.CubeTest.TestLessThanOrEqual" executed="True" success="True" time="0.000" asserts="6" />
                  <test-case name="RCL.Test.CubeTest.TestLong" executed="True" success="True" time="0.000" asserts="2" />
                  <test-case name="RCL.Test.CubeTest.TestLow" executed="True" success="True" time="0.002" asserts="2" />
                  <test-case name="RCL.Test.CubeTest.TestLow1" executed="True" success="True" time="0.000" asserts="2" />
                  <test-case name="RCL.Test.CubeTest.TestLow2" executed="True" success="True" time="0.000" asserts="2" />
                  <test-case name="RCL.Test.CubeTest.TestLow4" executed="True" success="True" time="0.000" asserts="2" />
                  <test-case name="RCL.Test.CubeTest.TestLower" executed="True" success="True" time="0.000" asserts="2" />
                  <test-case name="RCL.Test.CubeTest.TestLower1" executed="False">
                    <reason>
                      <message><![CDATA[We need to make these operators work on cubes without time.]]></message>
                    </reason>
                  </test-case>
                  <test-case name="RCL.Test.CubeTest.TestMap" executed="True" success="True" time="0.001" asserts="2" />
                  <test-case name="RCL.Test.CubeTest.TestMax" executed="True" success="True" time="0.001" asserts="4" />
                  <test-case name="RCL.Test.CubeTest.TestMeta" executed="True" success="True" time="0.001" asserts="14" />
                  <test-case name="RCL.Test.CubeTest.TestMin" executed="True" success="True" time="0.000" asserts="4" />
                  <test-case name="RCL.Test.CubeTest.TestMinus" executed="True" success="True" time="0.001" asserts="8" />
                  <test-case name="RCL.Test.CubeTest.TestMultiply" executed="True" success="True" time="0.001" asserts="10" />
                  <test-case name="RCL.Test.CubeTest.TestNames" executed="True" success="True" time="0.000" asserts="2" />
                  <test-case name="RCL.Test.CubeTest.TestNot" executed="True" success="True" time="0.000" asserts="2" />
                  <test-case name="RCL.Test.CubeTest.TestObject" executed="True" success="True" time="0.000" asserts="2" />
                  <test-case name="RCL.Test.CubeTest.TestObject1" executed="True" success="True" time="0.000" asserts="2" />
                  <test-case name="RCL.Test.CubeTest.TestObject2" executed="True" success="True" time="0.000" asserts="2" />
                  <test-case name="RCL.Test.CubeTest.TestObject3" executed="True" success="True" time="0.000" asserts="2" />
                  <test-case name="RCL.Test.CubeTest.TestObject4" executed="True" success="True" time="0.000" asserts="2" />
                  <test-case name="RCL.Test.CubeTest.TestObject5" executed="False">
                    <reason>
                      <message><![CDATA[]]></message>
                    </reason>
                  </test-case>
                  <test-case name="RCL.Test.CubeTest.TestOr" executed="True" success="True" time="0.000" asserts="6" />
                  <test-case name="RCL.Test.CubeTest.TestPart" executed="True" success="True" time="0.000" asserts="2" />
                  <test-case name="RCL.Test.CubeTest.TestPeek" executed="True" success="True" time="0.001" asserts="4" />
                  <test-case name="RCL.Test.CubeTest.TestPlus" executed="True" success="True" time="0.001" asserts="14" />
                  <test-case name="RCL.Test.CubeTest.TestPlusWithOneColNoTimeline" executed="True" success="True" time="0.000" asserts="6" />
                  <test-case name="RCL.Test.CubeTest.TestPoll" executed="True" success="True" time="0.000" asserts="4" />
                  <test-case name="RCL.Test.CubeTest.TestRank" executed="False">
                    <reason>
                      <message><![CDATA[]]></message>
                    </reason>
                  </test-case>
                  <test-case name="RCL.Test.CubeTest.TestRename" executed="False">
                    <reason>
                      <message><![CDATA[]]></message>
                    </reason>
                  </test-case>
                  <test-case name="RCL.Test.CubeTest.TestRepeat" executed="False">
                    <reason>
                      <message><![CDATA[]]></message>
                    </reason>
                  </test-case>
                  <test-case name="RCL.Test.CubeTest.TestReplace" executed="True" success="True" time="0.000" asserts="2" />
                  <test-case name="RCL.Test.CubeTest.TestRetimeline0" executed="True" success="True" time="0.001" asserts="2" />
                  <test-case name="RCL.Test.CubeTest.TestRetimeline1" executed="True" success="True" time="0.000" asserts="2" />
                  <test-case name="RCL.Test.CubeTest.TestRetimeline2" executed="False">
                    <reason>
                      <message><![CDATA[]]></message>
                    </reason>
                  </test-case>
                  <test-case name="RCL.Test.CubeTest.TestRows" executed="True" success="True" time="0.001" asserts="2" />
                  <test-case name="RCL.Test.CubeTest.TestRowsColumnsWithOnlyNulls" executed="True" success="True" time="0.000" asserts="2" />
                  <test-case name="RCL.Test.CubeTest.TestRowsWithInitialNulls" executed="True" success="True" time="0.000" asserts="2" />
                  <test-case name="RCL.Test.CubeTest.TestSortByTime" executed="True" success="True" time="0.001" asserts="2" />
                  <test-case name="RCL.Test.CubeTest.TestSortColumnsStayInOrder" executed="True" success="True" time="0.000" asserts="2" />
                  <test-case name="RCL.Test.CubeTest.TestSortOutOfOrder" executed="True" success="True" time="0.001" asserts="2" />
                  <test-case name="RCL.Test.CubeTest.TestSortWithNoTimeline" executed="True" success="True" time="0.001" asserts="20" />
                  <test-case name="RCL.Test.CubeTest.TestSortWithNoTimelineButBigger" executed="True" success="True" time="0.001" asserts="10" />
                  <test-case name="RCL.Test.CubeTest.TestSplit" executed="False">
                    <reason>
                      <message><![CDATA[]]></message>
                    </reason>
                  </test-case>
                  <test-case name="RCL.Test.CubeTest.TestString" executed="True" success="True" time="0.001" asserts="2" />
                  <test-case name="RCL.Test.CubeTest.TestSum" executed="True" success="True" time="0.002" asserts="2" />
                  <test-case name="RCL.Test.CubeTest.TestSum0" executed="True" success="True" time="0.000" asserts="2" />
                  <test-case name="RCL.Test.CubeTest.TestSum1" executed="True" success="True" time="0.000" asserts="2" />
                  <test-case name="RCL.Test.CubeTest.TestSum2" executed="True" success="True" time="0.000" asserts="2" />
                  <test-case name="RCL.Test.CubeTest.TestSum3" executed="True" success="True" time="0.000" asserts="2" />
                  <test-case name="RCL.Test.CubeTest.TestSum4" executed="True" success="True" time="0.000" asserts="2" />
                  <test-case name="RCL.Test.CubeTest.TestSum5" executed="True" success="True" time="0.000" asserts="2" />
                  <test-case name="RCL.Test.CubeTest.TestSum6" executed="True" success="True" time="0.000" asserts="2" />
                  <test-case name="RCL.Test.CubeTest.TestSum7" executed="True" success="True" time="0.000" asserts="2" />
                  <test-case name="RCL.Test.CubeTest.TestSum8" executed="True" success="True" time="0.000" asserts="2" />
                  <test-case name="RCL.Test.CubeTest.TestSwitch" executed="True" success="True" time="0.000" asserts="4" />
                  <test-case name="RCL.Test.CubeTest.TestSwitchOnEmptyCube" executed="True" success="True" time="0.000" asserts="2" />
                  <test-case name="RCL.Test.CubeTest.TestSymbol" executed="True" success="True" time="0.000" asserts="2" />
                  <test-case name="RCL.Test.CubeTest.TestThrottle" executed="True" success="True" time="0.001" asserts="4" />
                  <test-case name="RCL.Test.CubeTest.TestTime" executed="True" success="True" time="0.000" asserts="2" />
                  <test-case name="RCL.Test.CubeTest.TestTree1" executed="True" success="True" time="0.002" asserts="2" />
                  <test-case name="RCL.Test.CubeTest.TestTree10" executed="True" success="True" time="0.000" asserts="2" />
                  <test-case name="RCL.Test.CubeTest.TestTree11" executed="True" success="True" time="0.000" asserts="2" />
                  <test-case name="RCL.Test.CubeTest.TestTree12" executed="True" success="True" time="0.000" asserts="2" />
                  <test-case name="RCL.Test.CubeTest.TestTree13" executed="True" success="True" time="0.000" asserts="2" />
                  <test-case name="RCL.Test.CubeTest.TestTree14" executed="True" success="True" time="0.001" asserts="2" />
                  <test-case name="RCL.Test.CubeTest.TestTree15" executed="True" success="True" time="0.000" asserts="2" />
                  <test-case name="RCL.Test.CubeTest.TestTree16" executed="True" success="True" time="0.000" asserts="2" />
                  <test-case name="RCL.Test.CubeTest.TestTree17" executed="True" success="True" time="0.000" asserts="2" />
                  <test-case name="RCL.Test.CubeTest.TestTree18" executed="True" success="True" time="0.000" asserts="2" />
                  <test-case name="RCL.Test.CubeTest.TestTree2" executed="True" success="True" time="0.000" asserts="2" />
                  <test-case name="RCL.Test.CubeTest.TestTree3" executed="True" success="True" time="0.000" asserts="2" />
                  <test-case name="RCL.Test.CubeTest.TestTree4" executed="True" success="True" time="0.000" asserts="2" />
                  <test-case name="RCL.Test.CubeTest.TestTree5" executed="True" success="True" time="0.000" asserts="2" />
                  <test-case name="RCL.Test.CubeTest.TestTree6" executed="True" success="True" time="0.000" asserts="2" />
                  <test-case name="RCL.Test.CubeTest.TestTree7" executed="True" success="True" time="0.000" asserts="2" />
                  <test-case name="RCL.Test.CubeTest.TestTree8" executed="True" success="True" time="0.000" asserts="2" />
                  <test-case name="RCL.Test.CubeTest.TestTree9" executed="True" success="True" time="0.000" asserts="2" />
                  <test-case name="RCL.Test.CubeTest.TestTreeB" executed="True" success="True" time="0.001" asserts="2" />
                  <test-case name="RCL.Test.CubeTest.TestTreeD" executed="True" success="True" time="0.001" asserts="4" />
                  <test-case name="RCL.Test.CubeTest.TestTreeL" executed="True" success="True" time="0.000" asserts="4" />
                  <test-case name="RCL.Test.CubeTest.TestTreeM" executed="True" success="True" time="0.001" asserts="4" />
                  <test-case name="RCL.Test.CubeTest.TestTreeS" executed="True" success="True" time="0.001" asserts="2" />
                  <test-case name="RCL.Test.CubeTest.TestTreeY" executed="True" success="True" time="0.000" asserts="2" />
                  <test-case name="RCL.Test.CubeTest.TestUpper" executed="True" success="True" time="0.000" asserts="2" />
                  <test-case name="RCL.Test.CubeTest.TestVectorEquals" executed="True" success="True" time="0.000" asserts="6" />
                  <test-case name="RCL.Test.CubeTest.TestVectorNotEquals" executed="True" success="True" time="0.000" asserts="6" />
                  <test-case name="RCL.Test.CubeTest.TestWhere" executed="True" success="True" time="0.001" asserts="2" />
                  <test-case name="RCL.Test.CubeTest.TestWhere1" executed="True" success="True" time="0.001" asserts="2" />
                  <test-case name="RCL.Test.CubeTest.TestWhere2" executed="True" success="True" time="0.000" asserts="2" />
                  <test-case name="RCL.Test.CubeTest.TestWhere3" executed="True" success="True" time="0.000" asserts="2" />
                  <test-case name="RCL.Test.CubeTest.TestWhere4" executed="True" success="True" time="0.000" asserts="2" />
                  <test-case name="RCL.Test.CubeTest.TestWhere5" executed="True" success="True" time="0.000" asserts="2" />
                  <test-case name="RCL.Test.CubeTest.TestWhere6" executed="True" success="True" time="0.001" asserts="2" />
                  <test-case name="RCL.Test.CubeTest.TestWhere7" executed="True" success="True" time="0.000" asserts="2" />
                  <test-case name="RCL.Test.CubeTest.TestWhere8" executed="True" success="True" time="0.000" asserts="2" />
                  <test-case name="RCL.Test.CubeTest.TestWhere9" executed="True" success="True" time="0.000" asserts="2" />
                  <test-case name="RCL.Test.CubeTest.TestWriteDispatch" executed="True" success="True" time="0.000" asserts="4" />
                  <test-case name="RCL.Test.CubeTest.TestWriteGawk" executed="True" success="True" time="0.001" asserts="4" />
                  <test-case name="RCL.Test.CubeTest.TestWriteRead" executed="True" success="True" time="0.000" asserts="4" />
                </results>
              </test-suite>
              <test-suite name="EvalTest" success="True" time="0.692" asserts="0">
                <results>
                  <test-case name="RCL.Test.EvalTest.TestAssignAtEndOfBlock" executed="True" success="True" time="0.002" asserts="2" />
                  <test-case name="RCL.Test.EvalTest.TestBlocksAsArguments" executed="True" success="True" time="0.000" asserts="2" />
                  <test-case name="RCL.Test.EvalTest.TestBlocksAsArgumentsNested" executed="True" success="True" time="0.000" asserts="2" />
                  <test-case name="RCL.Test.EvalTest.TestBlocksAsArgumentsNotEvaluated" executed="True" success="True" time="0.000" asserts="2" />
                  <test-case name="RCL.Test.EvalTest.TestBlockTypeInference" executed="True" success="True" time="0.000" asserts="2" />
                  <test-case name="RCL.Test.EvalTest.TestBlockWithMultipleVariables" executed="True" success="True" time="0.000" asserts="2" />
                  <test-case name="RCL.Test.EvalTest.TestBlockWithOneVariable" executed="True" success="True" time="0.000" asserts="2" />
                  <test-case name="RCL.Test.EvalTest.TestBot" executed="True" success="True" time="0.001" asserts="2" />
                  <test-case name="RCL.Test.EvalTest.TestCalcSpread" executed="True" success="True" time="0.000" asserts="2" />
                  <test-case name="RCL.Test.EvalTest.TestCannotWriteGOutOfOrder" executed="True" success="True" time="0.001" asserts="2" />
                  <test-case name="RCL.Test.EvalTest.TestCubeArgumentsLU" executed="True" success="True" time="0.001" asserts="8" />
                  <test-case name="RCL.Test.EvalTest.TestCubeArgumentsUL" executed="True" success="True" time="0.001" asserts="8" />
                  <test-case name="RCL.Test.EvalTest.TestCubeEmptyArguments" executed="True" success="True" time="0.001" asserts="10" />
                  <test-case name="RCL.Test.EvalTest.TestCubeOpWithNoResult" executed="True" success="True" time="0.000" asserts="4" />
                  <test-case name="RCL.Test.EvalTest.TestDyadicInlineOperator" executed="True" success="True" time="0.000" asserts="2" />
                  <test-case name="RCL.Test.EvalTest.TestDyadicOpInTakeBlock" executed="True" success="True" time="0.001" asserts="2" />
                  <test-case name="RCL.Test.EvalTest.TestEach" executed="True" success="True" time="0.000" asserts="2" />
                  <test-case name="RCL.Test.EvalTest.TestEachEmptyK" executed="True" success="True" time="0.000" asserts="2" />
                  <test-case name="RCL.Test.EvalTest.TestEachEmptyL" executed="True" success="True" time="0.002" asserts="2" />
                  <test-case name="RCL.Test.EvalTest.TestEachNames" executed="True" success="True" time="0.000" asserts="2" />
                  <test-case name="RCL.Test.EvalTest.TestEachWithBlock" executed="True" success="True" time="0.000" asserts="2" />
                  <test-case name="RCL.Test.EvalTest.TestEachWithMultipleStatementsBlock" executed="True" success="True" time="0.000" asserts="2" />
                  <test-case name="RCL.Test.EvalTest.TestEachWithMultipleStatementsVector" executed="True" success="True" time="0.000" asserts="2" />
                  <test-case name="RCL.Test.EvalTest.TestEachWithParent" executed="True" success="True" time="0.000" asserts="2" />
                  <test-case name="RCL.Test.EvalTest.TestEachWithParentOfLast" executed="True" success="True" time="0.005" asserts="2" />
                  <test-case name="RCL.Test.EvalTest.TestEmptyBlock" executed="True" success="True" time="0.000" asserts="2" />
                  <test-case name="RCL.Test.EvalTest.TestEmptyEval" executed="True" success="True" time="0.000" asserts="2" />
                  <test-case name="RCL.Test.EvalTest.TestEvalBlock" executed="True" success="True" time="0.000" asserts="2" />
                  <test-case name="RCL.Test.EvalTest.TestEvalBlockNested" executed="True" success="True" time="0.000" asserts="2" />
                  <test-case name="RCL.Test.EvalTest.TestEvalBlockNested1" executed="True" success="True" time="0.000" asserts="2" />
                  <test-case name="RCL.Test.EvalTest.TestEvalBlockNested2" executed="True" success="True" time="0.000" asserts="2" />
                  <test-case name="RCL.Test.EvalTest.TestEvalBlockYield" executed="True" success="True" time="0.000" asserts="2" />
                  <test-case name="RCL.Test.EvalTest.TestEvalOperatorReference" executed="True" success="True" time="0.000" asserts="2" />
                  <test-case name="RCL.Test.EvalTest.TestEvalOperatorReference1" executed="True" success="True" time="0.000" asserts="2" />
                  <test-case name="RCL.Test.EvalTest.TestEvalOperatorReference2" executed="True" success="True" time="0.000" asserts="2" />
                  <test-case name="RCL.Test.EvalTest.TestEvalReference" executed="True" success="True" time="0.000" asserts="2" />
                  <test-case name="RCL.Test.EvalTest.TestEvalReference1" executed="True" success="True" time="0.000" asserts="2" />
                  <test-case name="RCL.Test.EvalTest.TestEvalTemplateIndent" executed="True" success="True" time="0.002" asserts="2" />
                  <test-case name="RCL.Test.EvalTest.TestEvalTemplateIndent0" executed="True" success="True" time="0.000" asserts="2" />
                  <test-case name="RCL.Test.EvalTest.TestEvalTemplateIndent1" executed="True" success="True" time="0.000" asserts="2" />
                  <test-case name="RCL.Test.EvalTest.TestEvalTemplateIndent2" executed="True" success="True" time="0.000" asserts="2" />
                  <test-case name="RCL.Test.EvalTest.TestEvalTemplateIndent3" executed="True" success="True" time="0.000" asserts="2" />
                  <test-case name="RCL.Test.EvalTest.TestEvalTemplateIndent4" executed="True" success="True" time="0.000" asserts="2" />
                  <test-case name="RCL.Test.EvalTest.TestEvalTemplateIndent5" executed="True" success="True" time="0.000" asserts="2" />
                  <test-case name="RCL.Test.EvalTest.TestEvalTemplateIndent6" executed="True" success="True" time="0.000" asserts="2" />
                  <test-case name="RCL.Test.EvalTest.TestEvalTemplateIndent7" executed="True" success="True" time="0.000" asserts="2" />
                  <test-case name="RCL.Test.EvalTest.TestEvalTemplateIndent8" executed="True" success="True" time="0.000" asserts="2" />
                  <test-case name="RCL.Test.EvalTest.TestEvalTemplateIndent9" executed="True" success="True" time="0.000" asserts="2" />
                  <test-case name="RCL.Test.EvalTest.TestEvalTemplateLeadingNewline" executed="True" success="True" time="0.000" asserts="2" />
                  <test-case name="RCL.Test.EvalTest.TestEvalTemplateMinimal" executed="True" success="True" time="0.000" asserts="2" />
                  <test-case name="RCL.Test.EvalTest.TestEvalTemplateMultiSection" executed="True" success="True" time="0.000" asserts="2" />
                  <test-case name="RCL.Test.EvalTest.TestEvalTemplateMultiSection1" executed="True" success="True" time="0.000" asserts="2" />
                  <test-case name="RCL.Test.EvalTest.TestEvalTemplateMultiSection2" executed="True" success="True" time="0.000" asserts="2" />
                  <test-case name="RCL.Test.EvalTest.TestEvalTemplateMultiSection3" executed="True" success="True" time="0.000" asserts="2" />
                  <test-case name="RCL.Test.EvalTest.TestEvalTemplateNested" executed="True" success="True" time="0.000" asserts="2" />
                  <test-case name="RCL.Test.EvalTest.TestEvalTemplateNestedFormatted" executed="True" success="True" time="0.000" asserts="2" />
                  <test-case name="RCL.Test.EvalTest.TestEvalTemplateNestedFormattedCRLF" executed="True" success="True" time="0.003" asserts="2" />
                  <test-case name="RCL.Test.EvalTest.TestEvalTemplateTailCall" executed="True" success="True" time="0.000" asserts="2" />
                  <test-case name="RCL.Test.EvalTest.TestEvalWithStateAndReference" executed="True" success="True" time="0.000" asserts="2" />
                  <test-case name="RCL.Test.EvalTest.TestExpressionInBlocks" executed="True" success="True" time="0.000" asserts="2" />
                  <test-case name="RCL.Test.EvalTest.TestFiberUnparented0" executed="True" success="True" time="0.000" asserts="2" />
                  <test-case name="RCL.Test.EvalTest.TestFiberUnparented1" executed="True" success="True" time="0.000" asserts="2" />
                  <test-case name="RCL.Test.EvalTest.TestFormatTemplate" executed="True" success="True" time="0.000" asserts="2" />
                  <test-case name="RCL.Test.EvalTest.TestHttpSendMulti" executed="False">
                    <reason>
                      <message><![CDATA[]]></message>
                    </reason>
                  </test-case>
                  <test-case name="RCL.Test.EvalTest.TestImpliedBlock" executed="True" success="True" time="0.000" asserts="2" />
                  <test-case name="RCL.Test.EvalTest.TestKillBot" executed="True" success="True" time="0.001" asserts="2" />
                  <test-case name="RCL.Test.EvalTest.TestLastValueInRootPosition" executed="True" success="True" time="0.000" asserts="2" />
                  <test-case name="RCL.Test.EvalTest.TestLeadingStars" executed="True" success="True" time="0.001" asserts="4" />
                  <test-case name="RCL.Test.EvalTest.TestLeadingStars1" executed="True" success="True" time="0.000" asserts="2" />
                  <test-case name="RCL.Test.EvalTest.TestMeaninglessParensAroundVector" executed="True" success="True" time="0.000" asserts="2" />
                  <test-case name="RCL.Test.EvalTest.TestMeaninglessParensInComplexExpression" executed="True" success="True" time="0.000" asserts="2" />
                  <test-case name="RCL.Test.EvalTest.TestMeaninglessParensWithMultipleLiterals" executed="True" success="True" time="0.000" asserts="2" />
                  <test-case name="RCL.Test.EvalTest.TestMinusProblem" executed="True" success="True" time="0.000" asserts="2" />
                  <test-case name="RCL.Test.EvalTest.TestMixedNestingExpressions" executed="True" success="True" time="0.000" asserts="2" />
                  <test-case name="RCL.Test.EvalTest.TestMonadicInlineOperator" executed="True" success="True" time="0.000" asserts="2" />
                  <test-case name="RCL.Test.EvalTest.TestMonadicInlineOpWithLiteralNoYield" executed="True" success="True" time="0.000" asserts="2" />
                  <test-case name="RCL.Test.EvalTest.TestMonadicInlineWithBlockRight" executed="False">
                    <reason>
                      <message><![CDATA[]]></message>
                    </reason>
                  </test-case>
                  <test-case name="RCL.Test.EvalTest.TestMonadicUserOpWithLiteralNoYield" executed="True" success="True" time="0.000" asserts="2" />
                  <test-case name="RCL.Test.EvalTest.TestMultipleMixedNestedExpressions" executed="True" success="True" time="0.000" asserts="2" />
                  <test-case name="RCL.Test.EvalTest.TestMultipleNestedExpressions" executed="True" success="True" time="0.000" asserts="2" />
                  <test-case name="RCL.Test.EvalTest.TestNestedBlock" executed="True" success="True" time="0.000" asserts="2" />
                  <test-case name="RCL.Test.EvalTest.TestNestedBlockWithExpression" executed="True" success="True" time="0.000" asserts="2" />
                  <test-case name="RCL.Test.EvalTest.TestNestedBlockWithMultipleVariables" executed="True" success="True" time="0.000" asserts="2" />
                  <test-case name="RCL.Test.EvalTest.TestNestedBlockWithMultipleVariablesBothLevels" executed="True" success="True" time="0.000" asserts="2" />
                  <test-case name="RCL.Test.EvalTest.TestNestedEmptyBlock" executed="True" success="True" time="0.000" asserts="2" />
                  <test-case name="RCL.Test.EvalTest.TestNestedMonadicExpressions" executed="True" success="True" time="0.000" asserts="2" />
                  <test-case name="RCL.Test.EvalTest.TestNestedSwitch" executed="True" success="True" time="0.000" asserts="2" />
                  <test-case name="RCL.Test.EvalTest.TestNestedSwitch1" executed="True" success="True" time="0.000" asserts="2" />
                  <test-case name="RCL.Test.EvalTest.TestNestedSwitch2" executed="True" success="True" time="0.000" asserts="2" />
                  <test-case name="RCL.Test.EvalTest.TestPage" executed="True" success="True" time="0.001" asserts="2" />
                  <test-case name="RCL.Test.EvalTest.TestPageBackwards" executed="True" success="True" time="0.001" asserts="2" />
                  <test-case name="RCL.Test.EvalTest.TestRecursionFactorial" executed="True" success="True" time="0.000" asserts="2" />
                  <test-case name="RCL.Test.EvalTest.TestRecursionFibonacci" executed="True" success="True" time="0.004" asserts="2" />
                  <test-case name="RCL.Test.EvalTest.TestRecursionMutual" executed="True" success="True" time="0.016" asserts="2" />
                  <test-case name="RCL.Test.EvalTest.TestRecursionTailCall" executed="True" success="True" time="0.008" asserts="2" />
                  <test-case name="RCL.Test.EvalTest.TestRecursionTailCallFinite" executed="True" success="True" time="0.003" asserts="2" />
                  <test-case name="RCL.Test.EvalTest.TestRecursionTailCallInfinite" executed="True" success="True" time="0.015" asserts="2" />
                  <test-case name="RCL.Test.EvalTest.TestRecursionWithSideEffect" executed="True" success="True" time="0.001" asserts="2" />
                  <test-case name="RCL.Test.EvalTest.TestReferenceToACube" executed="True" success="True" time="0.000" asserts="2" />
                  <test-case name="RCL.Test.EvalTest.TestReferenceToEmptyCube" executed="True" success="True" time="0.000" asserts="2" />
                  <test-case name="RCL.Test.EvalTest.TestReferenceToMissingColumn" executed="True" success="True" time="0.000" asserts="2" />
                  <test-case name="RCL.Test.EvalTest.TestReferenceToReference" executed="True" success="True" time="0.000" asserts="2" />
                  <test-case name="RCL.Test.EvalTest.TestReferenceToTimelineColumn" executed="True" success="True" time="0.000" asserts="2" />
                  <test-case name="RCL.Test.EvalTest.TestRInEval" executed="True" success="True" time="0.000" asserts="2" />
                  <test-case name="RCL.Test.EvalTest.TestSelect" executed="True" success="True" time="0.006" asserts="58" />
                  <test-case name="RCL.Test.EvalTest.TestSelfExecWithExit" executed="True" success="True" time="0.167" asserts="4" />
                  <test-case name="RCL.Test.EvalTest.TestServer" executed="False">
                    <reason>
                      <message><![CDATA[]]></message>
                    </reason>
                  </test-case>
                  <test-case name="RCL.Test.EvalTest.TestSimpleDyadicExpressionWithLiteral" executed="True" success="True" time="0.000" asserts="2" />
                  <test-case name="RCL.Test.EvalTest.TestSimpleMonadicExpressionWithLiteral" executed="True" success="True" time="0.000" asserts="2" />
                  <test-case name="RCL.Test.EvalTest.TestSnap" executed="True" success="True" time="0.001" asserts="2" />
                  <test-case name="RCL.Test.EvalTest.TestSnapChanges1Level" executed="True" success="True" time="0.001" asserts="2" />
                  <test-case name="RCL.Test.EvalTest.TestSnapChanges2Level" executed="True" success="True" time="0.001" asserts="2" />
                  <test-case name="RCL.Test.EvalTest.TestSnapDups" executed="True" success="True" time="0.001" asserts="2" />
                  <test-case name="RCL.Test.EvalTest.TestSnapSparseFirstRow" executed="True" success="True" time="0.000" asserts="2" />
                  <test-case name="RCL.Test.EvalTest.TestSnapSparseFirstRow1" executed="True" success="True" time="0.000" asserts="2" />
                  <test-case name="RCL.Test.EvalTest.TestSnapSparseFirstRow2" executed="True" success="True" time="0.001" asserts="2" />
                  <test-case name="RCL.Test.EvalTest.TestStringTemplateCoercion" executed="True" success="True" time="0.000" asserts="2" />
                  <test-case name="RCL.Test.EvalTest.TestStringTemplateCoercionMulti" executed="True" success="True" time="0.000" asserts="2" />
                  <test-case name="RCL.Test.EvalTest.TestStringTemplateEscaped" executed="True" success="True" time="0.000" asserts="2" />
                  <test-case name="RCL.Test.EvalTest.TestSwitchAndEval" executed="True" success="True" time="0.000" asserts="2" />
                  <test-case name="RCL.Test.EvalTest.TestSwitchAndEval1" executed="True" success="True" time="0.000" asserts="2" />
                  <test-case name="RCL.Test.EvalTest.TestSwitchAndEval2" executed="True" success="True" time="0.000" asserts="2" />
                  <test-case name="RCL.Test.EvalTest.TestSwitchInTake" executed="True" success="True" time="0.001" asserts="2" />
                  <test-case name="RCL.Test.EvalTest.TestSwitchWithSwitch" executed="True" success="True" time="0.000" asserts="2" />
                  <test-case name="RCL.Test.EvalTest.TestTakeWithSwitch" executed="True" success="True" time="0.000" asserts="2" />
                  <test-case name="RCL.Test.EvalTest.TestTemplateToBlockCoercion" executed="True" success="True" time="0.000" asserts="2" />
                  <test-case name="RCL.Test.EvalTest.TestThisContext" executed="True" success="True" time="0.000" asserts="2" />
                  <test-case name="RCL.Test.EvalTest.TestThisContextDynamic" executed="True" success="True" time="0.001" asserts="2" />
                  <test-case name="RCL.Test.EvalTest.TestTwiceNestedEmptyBlock" executed="True" success="True" time="0.000" asserts="2" />
                  <test-case name="RCL.Test.EvalTest.TestUnnamedBlock" executed="True" success="True" time="0.000" asserts="2" />
                  <test-case name="RCL.Test.EvalTest.TestUnnamedBlockWithTwoExpressions" executed="True" success="True" time="0.000" asserts="2" />
                  <test-case name="RCL.Test.EvalTest.TestUnnamedBlockWithTwoVariables" executed="True" success="True" time="0.000" asserts="2" />
                  <test-case name="RCL.Test.EvalTest.TestUnnamedImpliedBlock" executed="True" success="True" time="0.000" asserts="2" />
                  <test-case name="RCL.Test.EvalTest.TestUserOp" executed="True" success="True" time="0.000" asserts="2" />
                  <test-case name="RCL.Test.EvalTest.TestUserOpConflictsWithBuiltin" executed="True" success="True" time="0.000" asserts="2" />
                  <test-case name="RCL.Test.EvalTest.TestUserOpNested" executed="True" success="True" time="0.000" asserts="2" />
                  <test-case name="RCL.Test.EvalTest.TestUserOpVariableCapture" executed="True" success="True" time="0.000" asserts="2" />
                  <test-case name="RCL.Test.EvalTest.TestUserOpWithEval" executed="True" success="True" time="0.000" asserts="2" />
                  <test-case name="RCL.Test.EvalTest.TestUserOpWithEval1" executed="True" success="True" time="0.000" asserts="2" />
                  <test-case name="RCL.Test.EvalTest.TestUserOpWithEvalModule1" executed="True" success="True" time="0.000" asserts="2" />
                  <test-case name="RCL.Test.EvalTest.TestUserOpWithEvalModule1WithoutModule" executed="True" success="True" time="0.000" asserts="2" />
                  <test-case name="RCL.Test.EvalTest.TestUserOpWithFiber" executed="True" success="True" time="0.000" asserts="2" />
                  <test-case name="RCL.Test.EvalTest.TestUserOpWithSwitch0" executed="True" success="True" time="0.000" asserts="2" />
                  <test-case name="RCL.Test.EvalTest.TestUserOpWithSwitch1" executed="True" success="True" time="0.000" asserts="2" />
                  <test-case name="RCL.Test.EvalTest.TestUserOpWithSwitch2" executed="True" success="True" time="0.000" asserts="2" />
                  <test-case name="RCL.Test.EvalTest.TestUserOpWithTake" executed="True" success="True" time="0.000" asserts="2" />
                  <test-case name="RCL.Test.EvalTest.TestVariableOverriding" executed="True" success="True" time="0.000" asserts="2" />
                  <test-case name="RCL.Test.EvalTest.TestWriteChecksCount" executed="True" success="True" time="0.001" asserts="0" />
                  <test-case name="RCL.Test.EvalTest.TestWriteClearWriteK" executed="True" success="True" time="0.001" asserts="2" />
                  <test-case name="RCL.Test.EvalTest.TestWriteClearWriteSyncK" executed="True" success="True" time="0.000" asserts="2" />
                  <test-case name="RCL.Test.EvalTest.TestWriteClearWriteSyncU" executed="True" success="True" time="0.000" asserts="2" />
                  <test-case name="RCL.Test.EvalTest.TestWriteClearWriteU" executed="True" success="True" time="0.001" asserts="2" />
                  <test-case name="RCL.Test.EvalTest.TestWriteCubeIncrementsG" executed="True" success="True" time="0.001" asserts="2" />
                  <test-case name="RCL.Test.EvalTest.TestWriteDispatchAggregateSymbols" executed="True" success="True" time="0.001" asserts="2" />
                  <test-case name="RCL.Test.EvalTest.TestWriteDispatchFutureNullsNotAccepted" executed="True" success="True" time="0.001" asserts="2" />
                  <test-case name="RCL.Test.EvalTest.TestWriteDispatchMultiSymbolSuspended" executed="True" success="True" time="0.103" asserts="2" />
                  <test-case name="RCL.Test.EvalTest.TestWriteDispatchNoCandidates" executed="True" success="True" time="0.001" asserts="2" />
                  <test-case name="RCL.Test.EvalTest.TestWriteDispatchSingleSymbol" executed="True" success="True" time="0.000" asserts="2" />
                  <test-case name="RCL.Test.EvalTest.TestWriteDispatchSingleSymbolSuspended" executed="True" success="True" time="0.000" asserts="2" />
                  <test-case name="RCL.Test.EvalTest.TestWriteDispatchWildcard" executed="True" success="True" time="0.001" asserts="2" />
                  <test-case name="RCL.Test.EvalTest.TestWriteDispatchWildcard1" executed="True" success="True" time="0.001" asserts="2" />
                  <test-case name="RCL.Test.EvalTest.TestWriteDispatchWildcard2" executed="True" success="True" time="0.001" asserts="2" />
                  <test-case name="RCL.Test.EvalTest.TestWriteDispatchWildcardMultipleMultipleTimes" executed="True" success="True" time="0.021" asserts="2" />
                  <test-case name="RCL.Test.EvalTest.TestWriteDispatchWildcardMultipleTimes" executed="True" success="True" time="0.001" asserts="2" />
                  <test-case name="RCL.Test.EvalTest.TestWriteDispatchWindowUnder" executed="True" success="True" time="0.001" asserts="2" />
                  <test-case name="RCL.Test.EvalTest.TestWriteDispatchZero" executed="True" success="True" time="0.022" asserts="2" />
                  <test-case name="RCL.Test.EvalTest.TestWriteDispatchZeroWithDups0" executed="True" success="True" time="0.000" asserts="2" />
                  <test-case name="RCL.Test.EvalTest.TestWriteDispatchZeroWithDups1" executed="True" success="True" time="0.001" asserts="2" />
                  <test-case name="RCL.Test.EvalTest.TestWriteEmptyCube" executed="True" success="True" time="0.000" asserts="2" />
                  <test-case name="RCL.Test.EvalTest.TestWriteGawkConcrete" executed="True" success="True" time="0.001" asserts="2" />
                  <test-case name="RCL.Test.EvalTest.TestWriteGawkDoesNotDispatch" executed="True" success="True" time="0.000" asserts="2" />
                  <test-case name="RCL.Test.EvalTest.TestWriteGawkZero" executed="True" success="True" time="0.001" asserts="2" />
                  <test-case name="RCL.Test.EvalTest.TestWriteGContinuesAfterClear" executed="True" success="True" time="0.003" asserts="2" />
                  <test-case name="RCL.Test.EvalTest.TestWriteGTSWithBlock" executed="False">
                    <reason>
                      <message><![CDATA[]]></message>
                    </reason>
                  </test-case>
                  <test-case name="RCL.Test.EvalTest.TestWriteIncrementE" executed="True" success="True" time="0.000" asserts="2" />
                  <test-case name="RCL.Test.EvalTest.TestWriteLast" executed="True" success="True" time="0.000" asserts="2" />
                  <test-case name="RCL.Test.EvalTest.TestWriteLastReadFirstWithLast" executed="True" success="True" time="0.000" asserts="2" />
                  <test-case name="RCL.Test.EvalTest.TestWriteLastSparse" executed="True" success="True" time="0.000" asserts="2" />
                  <test-case name="RCL.Test.EvalTest.TestWriteLastSparser" executed="True" success="True" time="0.000" asserts="2" />
                  <test-case name="RCL.Test.EvalTest.TestWriteLastStartPoint" executed="True" success="True" time="0.042" asserts="2" />
                  <test-case name="RCL.Test.EvalTest.TestWriteLastSuspended" executed="True" success="True" time="0.021" asserts="2" />
                  <test-case name="RCL.Test.EvalTest.TestWriteNoDupsInTimeline" executed="True" success="True" time="0.001" asserts="2" />
                  <test-case name="RCL.Test.EvalTest.TestWritePeek" executed="True" success="True" time="0.000" asserts="2" />
                  <test-case name="RCL.Test.EvalTest.TestWritePeekDispatchCounter" executed="True" success="True" time="0.000" asserts="2" />
                  <test-case name="RCL.Test.EvalTest.TestWritePeekZero" executed="True" success="True" time="0.000" asserts="2" />
                  <test-case name="RCL.Test.EvalTest.TestWritePoll" executed="True" success="True" time="0.000" asserts="2" />
                  <test-case name="RCL.Test.EvalTest.TestWriteRead" executed="True" success="True" time="0.000" asserts="2" />
                  <test-case name="RCL.Test.EvalTest.TestWriteReadAll" executed="True" success="True" time="0.000" asserts="2" />
                  <test-case name="RCL.Test.EvalTest.TestWriteReadAllMissingSymbol" executed="True" success="True" time="0.000" asserts="2" />
                  <test-case name="RCL.Test.EvalTest.TestWriteReadAndDispatchSameRows" executed="True" success="True" time="0.000" asserts="2" />
                  <test-case name="RCL.Test.EvalTest.TestWriteReadCube" executed="True" success="True" time="0.000" asserts="2" />
                  <test-case name="RCL.Test.EvalTest.TestWriteReadDuplicates" executed="True" success="True" time="0.000" asserts="2" />
                  <test-case name="RCL.Test.EvalTest.TestWriteReadDupSymbol" executed="True" success="True" time="0.000" asserts="2" />
                  <test-case name="RCL.Test.EvalTest.TestWriteReadFirstNull" executed="True" success="True" time="0.000" asserts="2" />
                  <test-case name="RCL.Test.EvalTest.TestWriteReadFirstWithLastWithMore" executed="True" success="True" time="0.000" asserts="2" />
                  <test-case name="RCL.Test.EvalTest.TestWriteReadFromCubeAfterClear" executed="True" success="True" time="0.000" asserts="2" />
                  <test-case name="RCL.Test.EvalTest.TestWriteReadFromCubeAfterClear1" executed="True" success="True" time="0.000" asserts="2" />
                  <test-case name="RCL.Test.EvalTest.TestWriteReadFromCubeAfterClear2" executed="True" success="True" time="0.000" asserts="2" />
                  <test-case name="RCL.Test.EvalTest.TestWriteReadIncr" executed="True" success="True" time="0.000" asserts="2" />
                  <test-case name="RCL.Test.EvalTest.TestWriteReadLimit" executed="True" success="True" time="0.000" asserts="2" />
                  <test-case name="RCL.Test.EvalTest.TestWriteReadLinesIsThreadSafe" executed="True" success="True" time="0.000" asserts="2" />
                  <test-case name="RCL.Test.EvalTest.TestWriteReadMultipleSymbols" executed="True" success="True" time="0.000" asserts="2" />
                  <test-case name="RCL.Test.EvalTest.TestWriteReadMultipleTimes" executed="True" success="True" time="0.000" asserts="2" />
                  <test-case name="RCL.Test.EvalTest.TestWriteReadNegLimit" executed="True" success="True" time="0.000" asserts="2" />
                  <test-case name="RCL.Test.EvalTest.TestWriteReadSeesDispatchedRows" executed="True" success="True" time="0.000" asserts="2" />
                  <test-case name="RCL.Test.EvalTest.TestWriteReadSparse" executed="True" success="True" time="0.000" asserts="2" />
                  <test-case name="RCL.Test.EvalTest.TestWriteReadSparseMultipleSymbol" executed="True" success="True" time="0.000" asserts="2" />
                  <test-case name="RCL.Test.EvalTest.TestWriteReadSuspended" executed="True" success="True" time="0.000" asserts="2" />
                  <test-case name="RCL.Test.EvalTest.TestWriteReadSuspendedLimit" executed="True" success="True" time="0.001" asserts="2" />
                  <test-case name="RCL.Test.EvalTest.TestWriteReadSuspendedWildcard" executed="True" success="True" time="0.000" asserts="2" />
                  <test-case name="RCL.Test.EvalTest.TestWriteReadSuspends" executed="True" success="True" time="0.100" asserts="2" />
                  <test-case name="RCL.Test.EvalTest.TestWriteReadX" executed="True" success="True" time="0.001" asserts="4" />
                  <test-case name="RCL.Test.EvalTest.TestWriteSnapColumnRemoval" executed="True" success="True" time="0.000" asserts="2" />
                  <test-case name="RCL.Test.EvalTest.TestWriteSnapConcrete" executed="True" success="True" time="0.000" asserts="2" />
                  <test-case name="RCL.Test.EvalTest.TestWriteThrottle" executed="True" success="True" time="0.001" asserts="2" />
                  <test-case name="RCL.Test.EvalTest.TestWriteThrottleWithDispatchWild" executed="True" success="True" time="0.000" asserts="2" />
                  <test-case name="RCL.Test.EvalTest.TestWriteThrottleWithDispatchWild1" executed="True" success="True" time="0.001" asserts="2" />
                  <test-case name="RCL.Test.EvalTest.TestWriteThrottleZero" executed="True" success="True" time="0.022" asserts="2" />
                  <test-case name="RCL.Test.EvalTest.TestWriteTReadTAndG" executed="True" success="True" time="0.000" asserts="2" />
                  <test-case name="RCL.Test.EvalTest.TestYieldFromTakeNoOp" executed="True" success="True" time="0.000" asserts="2" />
                </results>
              </test-suite>
              <test-suite name="LexerTest" success="True" time="0.019" asserts="0">
                <results>
                  <test-case name="RCL.Test.LexerTest.Test3Spacers" executed="True" success="True" time="0.001" asserts="12" />
                  <test-case name="RCL.Test.LexerTest.TestAnonymousBlocks" executed="True" success="True" time="0.000" asserts="22" />
                  <test-case name="RCL.Test.LexerTest.TestBackslashInStringToken" executed="True" success="True" time="0.000" asserts="20" />
                  <test-case name="RCL.Test.LexerTest.TestBoolean" executed="True" success="True" time="0.000" asserts="4" />
                  <test-case name="RCL.Test.LexerTest.TestBooleanWithWhitespace" executed="True" success="True" time="0.000" asserts="8" />
                  <test-case name="RCL.Test.LexerTest.TestByteLiterals" executed="True" success="True" time="0.000" asserts="12" />
                  <test-case name="RCL.Test.LexerTest.TestConsecutiveSpecialOperators" executed="True" success="True" time="0.000" asserts="14" />
                  <test-case name="RCL.Test.LexerTest.TestDashNotAllowedInNames" executed="True" success="True" time="0.000" asserts="12" />
                  <test-case name="RCL.Test.LexerTest.TestDate" executed="True" success="True" time="0.000" asserts="4" />
                  <test-case name="RCL.Test.LexerTest.TestDatetime" executed="True" success="True" time="0.000" asserts="4" />
                  <test-case name="RCL.Test.LexerTest.TestDouble" executed="True" success="True" time="0.000" asserts="12" />
                  <test-case name="RCL.Test.LexerTest.TestEmptyBlock" executed="True" success="True" time="0.000" asserts="6" />
                  <test-case name="RCL.Test.LexerTest.TestEmptySymbol" executed="True" success="True" time="0.000" asserts="4" />
                  <test-case name="RCL.Test.LexerTest.TestEscapedBackslashJunk" executed="True" success="True" time="0.000" asserts="4" />
                  <test-case name="RCL.Test.LexerTest.TestGteExpression" executed="True" success="True" time="0.000" asserts="8" />
                  <test-case name="RCL.Test.LexerTest.TestIncr" executed="True" success="True" time="0.000" asserts="4" />
                  <test-case name="RCL.Test.LexerTest.TestLeadingUnderscore" executed="True" success="True" time="0.000" asserts="4" />
                  <test-case name="RCL.Test.LexerTest.TestMixingNestedNamedAndAnonymousBlocks" executed="True" success="True" time="0.000" asserts="40" />
                  <test-case name="RCL.Test.LexerTest.TestMultiLeadingUnderscore" executed="True" success="True" time="0.000" asserts="4" />
                  <test-case name="RCL.Test.LexerTest.TestMultipleEscapedBackslashInString" executed="True" success="True" time="0.000" asserts="4" />
                  <test-case name="RCL.Test.LexerTest.TestNamedBlocks" executed="True" success="True" time="0.000" asserts="28" />
                  <test-case name="RCL.Test.LexerTest.TestNestedOperator" executed="True" success="True" time="0.000" asserts="38" />
                  <test-case name="RCL.Test.LexerTest.TestNestedReference" executed="True" success="True" time="0.000" asserts="4" />
                  <test-case name="RCL.Test.LexerTest.TestNumber" executed="True" success="True" time="0.000" asserts="8" />
                  <test-case name="RCL.Test.LexerTest.TestNumbers" executed="True" success="True" time="0.000" asserts="12" />
                  <test-case name="RCL.Test.LexerTest.TestNumberWithE" executed="True" success="True" time="0.000" asserts="4" />
                  <test-case name="RCL.Test.LexerTest.TestNumberWithEPlus" executed="True" success="True" time="0.000" asserts="4" />
                  <test-case name="RCL.Test.LexerTest.TestOperator" executed="True" success="True" time="0.000" asserts="22" />
                  <test-case name="RCL.Test.LexerTest.TestOperatorNextToName" executed="True" success="True" time="0.000" asserts="8" />
                  <test-case name="RCL.Test.LexerTest.TestOperatorNextToNameAndFollowedByDecimalPoint" executed="True" success="True" time="0.000" asserts="8" />
                  <test-case name="RCL.Test.LexerTest.TestPipe" executed="True" success="True" time="0.000" asserts="8" />
                  <test-case name="RCL.Test.LexerTest.TestQuotedName" executed="True" success="True" time="0.000" asserts="20" />
                  <test-case name="RCL.Test.LexerTest.TestQuotedSymbols" executed="True" success="True" time="0.000" asserts="12" />
                  <test-case name="RCL.Test.LexerTest.TestReference" executed="True" success="True" time="0.000" asserts="4" />
                  <test-case name="RCL.Test.LexerTest.TestString" executed="True" success="True" time="0.000" asserts="4" />
                  <test-case name="RCL.Test.LexerTest.TestStringWithSyntaxEmbedded" executed="True" success="True" time="0.000" asserts="4" />
                  <test-case name="RCL.Test.LexerTest.TestStringWithWhitespace" executed="True" success="True" time="0.000" asserts="4" />
                  <test-case name="RCL.Test.LexerTest.TestSymbol" executed="True" success="True" time="0.000" asserts="4" />
                  <test-case name="RCL.Test.LexerTest.TestSymbolThreePart" executed="True" success="True" time="0.000" asserts="4" />
                  <test-case name="RCL.Test.LexerTest.TestSymbolTwoPart" executed="True" success="True" time="0.000" asserts="4" />
                  <test-case name="RCL.Test.LexerTest.TestSymbolTyped" executed="True" success="True" time="0.000" asserts="4" />
                  <test-case name="RCL.Test.LexerTest.TestSymbolWithDollarSign" executed="True" success="True" time="0.000" asserts="8" />
                  <test-case name="RCL.Test.LexerTest.TestSymbolWithDouble" executed="True" success="True" time="0.000" asserts="4" />
                  <test-case name="RCL.Test.LexerTest.TestTime" executed="True" success="True" time="0.000" asserts="4" />
                  <test-case name="RCL.Test.LexerTest.TestTimespan" executed="True" success="True" time="0.000" asserts="12" />
                  <test-case name="RCL.Test.LexerTest.TestTimestamp" executed="True" success="True" time="0.000" asserts="4" />
                  <test-case name="RCL.Test.LexerTest.TestTimestamp1" executed="True" success="True" time="0.000" asserts="8" />
                  <test-case name="RCL.Test.LexerTest.TestTypedReference" executed="True" success="True" time="0.002" asserts="4" />
                  <test-case name="RCL.Test.LexerTest.TestUnderscoreAllowedInNames" executed="True" success="True" time="0.000" asserts="4" />
                  <test-case name="RCL.Test.LexerTest.TestWhiteSpace" executed="True" success="True" time="0.000" asserts="4" />
                  <test-case name="RCL.Test.LexerTest.TestWildcardSymbol" executed="True" success="True" time="0.000" asserts="4" />
                </results>
              </test-suite>
              <test-suite name="ParserTest" success="True" time="0.035" asserts="0">
                <results>
                  <test-case name="RCL.Test.ParserTest.TestBlocksAsArguments" executed="True" success="True" time="0.000" asserts="2" />
                  <test-case name="RCL.Test.ParserTest.TestBlockWithMultipleVariables" executed="True" success="True" time="0.000" asserts="2" />
                  <test-case name="RCL.Test.ParserTest.TestBlockWithOneVariable" executed="True" success="True" time="0.000" asserts="2" />
                  <test-case name="RCL.Test.ParserTest.TestBoolean" executed="True" success="True" time="0.000" asserts="2" />
                  <test-case name="RCL.Test.ParserTest.TestByte" executed="True" success="True" time="0.000" asserts="2" />
                  <test-case name="RCL.Test.ParserTest.TestColumnOrderStableWithNullsInTheFirstRow" executed="True" success="True" time="0.000" asserts="2" />
                  <test-case name="RCL.Test.ParserTest.TestCubeDupsAreNotIgnored" executed="True" success="True" time="0.000" asserts="2" />
                  <test-case name="RCL.Test.ParserTest.TestCubeDupsAreNotIgnoredBoolean" executed="True" success="True" time="0.000" asserts="2" />
                  <test-case name="RCL.Test.ParserTest.TestCubeDupsAreNotIgnoredEvent" executed="True" success="True" time="0.000" asserts="2" />
                  <test-case name="RCL.Test.ParserTest.TestCubeDupWithTwoColumns" executed="True" success="True" time="0.000" asserts="2" />
                  <test-case name="RCL.Test.ParserTest.TestCubeEmpty" executed="True" success="True" time="0.000" asserts="2" />
                  <test-case name="RCL.Test.ParserTest.TestCubeIncrColumn" executed="True" success="True" time="0.000" asserts="2" />
                  <test-case name="RCL.Test.ParserTest.TestCubeInExpression" executed="True" success="True" time="0.000" asserts="2" />
                  <test-case name="RCL.Test.ParserTest.TestCubeMultiCol" executed="True" success="True" time="0.000" asserts="2" />
                  <test-case name="RCL.Test.ParserTest.TestCubeMultiRow" executed="True" success="True" time="0.000" asserts="2" />
                  <test-case name="RCL.Test.ParserTest.TestCubesWithNoTimeline" executed="True" success="True" time="0.001" asserts="20" />
                  <test-case name="RCL.Test.ParserTest.TestCubesWithNoTimelineHavingGETS" executed="True" success="True" time="0.000" asserts="8" />
                  <test-case name="RCL.Test.ParserTest.TestCubeSymbolColumn" executed="True" success="True" time="0.000" asserts="2" />
                  <test-case name="RCL.Test.ParserTest.TestCubeWithColumnOfBlock" executed="False">
                    <reason>
                      <message><![CDATA[]]></message>
                    </reason>
                  </test-case>
                  <test-case name="RCL.Test.ParserTest.TestCubeWithExplicitTime" executed="True" success="True" time="0.000" asserts="4" />
                  <test-case name="RCL.Test.ParserTest.TestCubeWithExplicitTimeAndNulls" executed="True" success="True" time="0.000" asserts="2" />
                  <test-case name="RCL.Test.ParserTest.TestCubeWithG" executed="True" success="True" time="0.000" asserts="2" />
                  <test-case name="RCL.Test.ParserTest.TestCubeWithNull" executed="True" success="True" time="0.000" asserts="2" />
                  <test-case name="RCL.Test.ParserTest.TestCubeWithNullInFirstRow" executed="True" success="True" time="0.000" asserts="2" />
                  <test-case name="RCL.Test.ParserTest.TestCubeWithNullInLastRow" executed="True" success="True" time="0.000" asserts="2" />
                  <test-case name="RCL.Test.ParserTest.TestDate" executed="True" success="True" time="0.000" asserts="2" />
                  <test-case name="RCL.Test.ParserTest.TestDatetime" executed="True" success="True" time="0.000" asserts="2" />
                  <test-case name="RCL.Test.ParserTest.TestDecimal" executed="True" success="True" time="0.000" asserts="2" />
                  <test-case name="RCL.Test.ParserTest.TestDotsDefaultToDouble" executed="True" success="True" time="0.000" asserts="2" />
                  <test-case name="RCL.Test.ParserTest.TestDouble" executed="True" success="True" time="0.000" asserts="2" />
                  <test-case name="RCL.Test.ParserTest.TestDoubleWithThousands" executed="True" success="True" time="0.000" asserts="2" />
                  <test-case name="RCL.Test.ParserTest.TestEmptyBlock" executed="True" success="True" time="0.000" asserts="2" />
                  <test-case name="RCL.Test.ParserTest.TestEmptyBlocksAsArgumentsNested" executed="True" success="True" time="0.000" asserts="2" />
                  <test-case name="RCL.Test.ParserTest.TestEmptyVector" executed="True" success="True" time="0.001" asserts="16" />
                  <test-case name="RCL.Test.ParserTest.TestEscapedForwardSlashInString" executed="True" success="True" time="0.000" asserts="2" />
                  <test-case name="RCL.Test.ParserTest.TestEscapedUnicodeString" executed="True" success="True" time="0.000" asserts="2" />
                  <test-case name="RCL.Test.ParserTest.TestExpressionInBlocks" executed="True" success="True" time="0.000" asserts="2" />
                  <test-case name="RCL.Test.ParserTest.TestImpliedBlock" executed="True" success="True" time="0.000" asserts="2" />
                  <test-case name="RCL.Test.ParserTest.TestImpliedBlockNested" executed="True" success="True" time="0.000" asserts="2" />
                  <test-case name="RCL.Test.ParserTest.TestIncr" executed="True" success="True" time="0.000" asserts="2" />
                  <test-case name="RCL.Test.ParserTest.TestIncrementalVectorParsing" executed="True" success="True" time="0.000" asserts="2" />
                  <test-case name="RCL.Test.ParserTest.TestLeftParenInExpression" executed="True" success="True" time="0.000" asserts="2" />
                  <test-case name="RCL.Test.ParserTest.TestLeftParenInExpressionWithLiteral" executed="True" success="True" time="0.000" asserts="2" />
                  <test-case name="RCL.Test.ParserTest.TestMeaninglessParens" executed="True" success="True" time="0.000" asserts="2" />
                  <test-case name="RCL.Test.ParserTest.TestMeaninglessParensAroundVector" executed="True" success="True" time="0.000" asserts="2" />
                  <test-case name="RCL.Test.ParserTest.TestMeaninglessParensInComplexExpression" executed="True" success="True" time="0.000" asserts="2" />
                  <test-case name="RCL.Test.ParserTest.TestMeaninglessParensWithMultipleLiterals" executed="True" success="True" time="0.000" asserts="2" />
                  <test-case name="RCL.Test.ParserTest.TestMeaninglessParensWithMultipleOperators" executed="True" success="True" time="0.000" asserts="2" />
                  <test-case name="RCL.Test.ParserTest.TestMinusProblem" executed="True" success="True" time="0.000" asserts="2" />
                  <test-case name="RCL.Test.ParserTest.TestMinusProblemAlone" executed="True" success="True" time="0.000" asserts="2" />
                  <test-case name="RCL.Test.ParserTest.TestMinusProblemWithBlock" executed="True" success="True" time="0.000" asserts="2" />
                  <test-case name="RCL.Test.ParserTest.TestMinusProblemWithParen" executed="True" success="True" time="0.000" asserts="2" />
                  <test-case name="RCL.Test.ParserTest.TestMinusProblemWithParen1" executed="True" success="True" time="0.000" asserts="2" />
                  <test-case name="RCL.Test.ParserTest.TestMinusProblemWithSymbol" executed="True" success="True" time="0.000" asserts="2" />
                  <test-case name="RCL.Test.ParserTest.TestMixedNestingExpressions" executed="True" success="True" time="0.000" asserts="2" />
                  <test-case name="RCL.Test.ParserTest.TestMixedNestingExpressions1" executed="True" success="True" time="0.000" asserts="2" />
                  <test-case name="RCL.Test.ParserTest.TestMixedNestingExpressionsWithReference" executed="True" success="True" time="0.000" asserts="2" />
                  <test-case name="RCL.Test.ParserTest.TestMultipleMixedNestedExpressions" executed="True" success="True" time="0.000" asserts="2" />
                  <test-case name="RCL.Test.ParserTest.TestMultipleNestedExpressions" executed="True" success="True" time="0.000" asserts="2" />
                  <test-case name="RCL.Test.ParserTest.TestMultipleOperatorsInExpression" executed="True" success="True" time="0.000" asserts="2" />
                  <test-case name="RCL.Test.ParserTest.TestNaN" executed="True" success="True" time="0.000" asserts="2" />
                  <test-case name="RCL.Test.ParserTest.TestNestedBlock" executed="True" success="True" time="0.000" asserts="2" />
                  <test-case name="RCL.Test.ParserTest.TestNestedBlockWithExpression" executed="True" success="True" time="0.000" asserts="2" />
                  <test-case name="RCL.Test.ParserTest.TestNestedEmptyBlock" executed="True" success="True" time="0.000" asserts="2" />
                  <test-case name="RCL.Test.ParserTest.TestNestedMonadicExpressions" executed="True" success="True" time="0.000" asserts="2" />
                  <test-case name="RCL.Test.ParserTest.TestNoDotOrSuffixDefaultsToLong" executed="True" success="True" time="0.000" asserts="2" />
                  <test-case name="RCL.Test.ParserTest.TestNoDotsDefaultToLong" executed="True" success="True" time="0.000" asserts="2" />
                  <test-case name="RCL.Test.ParserTest.TestOperatorConsecutiveNames" executed="True" success="True" time="0.000" asserts="2" />
                  <test-case name="RCL.Test.ParserTest.TestOperatorInlineDyadic" executed="True" success="True" time="0.000" asserts="2" />
                  <test-case name="RCL.Test.ParserTest.TestOperatorInlineMonadic" executed="True" success="True" time="0.000" asserts="2" />
                  <test-case name="RCL.Test.ParserTest.TestOperatorWithLeftBlock" executed="True" success="True" time="0.000" asserts="2" />
                  <test-case name="RCL.Test.ParserTest.TestQuotedNamesInReferences" executed="True" success="True" time="0.000" asserts="6" />
                  <test-case name="RCL.Test.ParserTest.TestQuotedNamesInSymbol" executed="True" success="True" time="0.000" asserts="2" />
                  <test-case name="RCL.Test.ParserTest.TestQuotedNamesInSymbol1" executed="True" success="True" time="0.000" asserts="2" />
                  <test-case name="RCL.Test.ParserTest.TestQuotedNamesInSymbol2" executed="True" success="True" time="0.000" asserts="2" />
                  <test-case name="RCL.Test.ParserTest.TestRandom" executed="True" success="True" time="0.000" asserts="2" />
                  <test-case name="RCL.Test.ParserTest.TestSimpleDyadicExpressionWithLiteral" executed="True" success="True" time="0.000" asserts="2" />
                  <test-case name="RCL.Test.ParserTest.TestSimpleDyadicExpressionWithReference" executed="True" success="True" time="0.000" asserts="2" />
                  <test-case name="RCL.Test.ParserTest.TestSimpleMonadicExpressionWithLiteral" executed="True" success="True" time="0.000" asserts="2" />
                  <test-case name="RCL.Test.ParserTest.TestSimpleMonadicExpressionWithReference" executed="True" success="True" time="0.000" asserts="2" />
                  <test-case name="RCL.Test.ParserTest.TestString" executed="True" success="True" time="0.000" asserts="2" />
                  <test-case name="RCL.Test.ParserTest.TestStringEscapeChars" executed="True" success="True" time="0.000" asserts="2" />
                  <test-case name="RCL.Test.ParserTest.TestStringUnescapedChars" executed="True" success="True" time="0.000" asserts="2" />
                  <test-case name="RCL.Test.ParserTest.TestSymbolEmpty" executed="True" success="True" time="0.000" asserts="2" />
                  <test-case name="RCL.Test.ParserTest.TestSymbolInBlock" executed="True" success="True" time="0.000" asserts="2" />
                  <test-case name="RCL.Test.ParserTest.TestSymbolInExpression" executed="True" success="True" time="0.000" asserts="2" />
                  <test-case name="RCL.Test.ParserTest.TestSymbolMixed" executed="True" success="True" time="0.000" asserts="2" />
                  <test-case name="RCL.Test.ParserTest.TestSymbolMulti" executed="True" success="True" time="0.000" asserts="2" />
                  <test-case name="RCL.Test.ParserTest.TestSymbolNegative" executed="True" success="True" time="0.000" asserts="2" />
                  <test-case name="RCL.Test.ParserTest.TestSymbolNegative1" executed="True" success="True" time="0.000" asserts="2" />
                  <test-case name="RCL.Test.ParserTest.TestSymbolSimple" executed="True" success="True" time="0.000" asserts="2" />
                  <test-case name="RCL.Test.ParserTest.TestSymbolTyped" executed="True" success="True" time="0.000" asserts="2" />
                  <test-case name="RCL.Test.ParserTest.TestSymbolWithDouble" executed="True" success="True" time="0.000" asserts="2" />
                  <test-case name="RCL.Test.ParserTest.TestTemplateMultiline" executed="True" success="True" time="0.000" asserts="4" />
                  <test-case name="RCL.Test.ParserTest.TestTemplateMultiline1" executed="True" success="True" time="0.000" asserts="2" />
                  <test-case name="RCL.Test.ParserTest.TestTemplateMultilineCRLF" executed="True" success="True" time="0.000" asserts="6" />
                  <test-case name="RCL.Test.ParserTest.TestTemplateMultilineEx" executed="True" success="True" time="0.000" asserts="2" />
                  <test-case name="RCL.Test.ParserTest.TestTemplateMultilineMultipleCodeSections0" executed="True" success="True" time="0.000" asserts="2" />
                  <test-case name="RCL.Test.ParserTest.TestTemplateMultilineMultipleCodeSections1" executed="True" success="True" time="0.000" asserts="2" />
                  <test-case name="RCL.Test.ParserTest.TestTemplateMultilineMultipleCodeSections2" executed="True" success="True" time="0.000" asserts="2" />
                  <test-case name="RCL.Test.ParserTest.TestTemplateMultilineMultipleCodeSections3" executed="True" success="True" time="0.000" asserts="2" />
                  <test-case name="RCL.Test.ParserTest.TestTemplateMultilineMultipleCodeSections4" executed="True" success="True" time="0.000" asserts="2" />
                  <test-case name="RCL.Test.ParserTest.TestTemplateMultilineWithMultipleSectionsOnOne" executed="True" success="True" time="0.000" asserts="2" />
                  <test-case name="RCL.Test.ParserTest.TestTemplateWithCode" executed="True" success="True" time="0.001" asserts="30" />
                  <test-case name="RCL.Test.ParserTest.TestTemplateWithCodeEx" executed="True" success="True" time="0.000" asserts="6" />
                  <test-case name="RCL.Test.ParserTest.TestTemplateWithLongArray" executed="True" success="True" time="0.000" asserts="2" />
                  <test-case name="RCL.Test.ParserTest.TestTemplateWithoutCode" executed="True" success="True" time="0.001" asserts="16" />
                  <test-case name="RCL.Test.ParserTest.TestTemplateWithStringArray" executed="True" success="True" time="0.000" asserts="2" />
                  <test-case name="RCL.Test.ParserTest.TestTime" executed="True" success="True" time="0.000" asserts="2" />
                  <test-case name="RCL.Test.ParserTest.TestTimespan" executed="True" success="True" time="0.000" asserts="2" />
                  <test-case name="RCL.Test.ParserTest.TestTimestamp" executed="True" success="True" time="0.000" asserts="2" />
                  <test-case name="RCL.Test.ParserTest.TestTwiceNestedEmptyBlock" executed="True" success="True" time="0.000" asserts="2" />
                  <test-case name="RCL.Test.ParserTest.TestUnnamedBlock" executed="True" success="True" time="0.000" asserts="2" />
                  <test-case name="RCL.Test.ParserTest.TestUnnamedBlockWithTwoExpressions" executed="True" success="True" time="0.000" asserts="2" />
                  <test-case name="RCL.Test.ParserTest.TestUnnamedBlockWithTwoVariables" executed="True" success="True" time="0.000" asserts="2" />
                  <test-case name="RCL.Test.ParserTest.TestUnnamedImpliedBlock" executed="True" success="True" time="0.000" asserts="2" />
                  <test-case name="RCL.Test.ParserTest.TestUserOperator" executed="True" success="True" time="0.000" asserts="2" />
                  <test-case name="RCL.Test.ParserTest.TestVectorWithNegativeLong" executed="True" success="True" time="0.000" asserts="2" />
                </results>
              </test-suite>
              <test-suite name="RunnerTest" success="True" time="2.534" asserts="0">
                <results>
                  <test-case name="RCL.Test.RunnerTest.TestBlockAfterReadingVariable" executed="True" success="True" time="0.001" asserts="4" />
                  <test-case name="RCL.Test.RunnerTest.TestCdWithQuotes" executed="True" success="True" time="0.132" asserts="1" />
                  <test-case name="RCL.Test.RunnerTest.TestEmptyStringAfterStatement" executed="True" success="True" time="0.000" asserts="2" />
                  <test-case name="RCL.Test.RunnerTest.TestEmptyStringIsNoop" executed="True" success="True" time="0.000" asserts="1" />
                  <test-case name="RCL.Test.RunnerTest.TestEvalBlock" executed="True" success="True" time="0.000" asserts="1" />
                  <test-case name="RCL.Test.RunnerTest.TestExceptionsDoNotGetStuck" executed="True" success="True" time="0.000" asserts="1" />
                  <test-case name="RCL.Test.RunnerTest.TestExecError" executed="True" success="True" time="0.131" asserts="1" />
                  <test-case name="RCL.Test.RunnerTest.TestExitFromScript" executed="True" success="True" time="0.675" asserts="0" />
                  <test-case name="RCL.Test.RunnerTest.TestExitFromShell" executed="True" success="True" time="0.003" asserts="5" />
                  <test-case name="RCL.Test.RunnerTest.TestExitFromShellRemote" executed="True" success="True" time="0.646" asserts="0" />
                  <test-case name="RCL.Test.RunnerTest.TestExitFromShellRemoteEval" executed="True" success="True" time="0.652" asserts="0" />
                  <test-case name="RCL.Test.RunnerTest.TestForConflictingResults" executed="True" success="True" time="0.001" asserts="1" />
                  <test-case name="RCL.Test.RunnerTest.TestInteractive" executed="True" success="True" time="0.000" asserts="3" />
                  <test-case name="RCL.Test.RunnerTest.TestInvokeNestedOperatorAndSave" executed="True" success="True" time="0.000" asserts="3" />
                  <test-case name="RCL.Test.RunnerTest.TestInvokeNestedOperatorDefinition" executed="True" success="True" time="0.000" asserts="2" />
                  <test-case name="RCL.Test.RunnerTest.TestLiteral" executed="True" success="True" time="0.000" asserts="1" />
                  <test-case name="RCL.Test.RunnerTest.TestMultipleCustomArguments" executed="True" success="True" time="0.149" asserts="1" />
                  <test-case name="RCL.Test.RunnerTest.TestMultipleCustomOptions" executed="True" success="True" time="0.134" asserts="2" />
                  <test-case name="RCL.Test.RunnerTest.TestNestedBlock" executed="True" success="True" time="0.001" asserts="2" />
                  <test-case name="RCL.Test.RunnerTest.TestNestedBlockWithPriorVariables" executed="True" success="True" time="0.001" asserts="4" />
                  <test-case name="RCL.Test.RunnerTest.TestReplBotWorks" executed="True" success="True" time="0.001" asserts="2" />
                  <test-case name="RCL.Test.RunnerTest.TestTryError" executed="True" success="True" time="0.001" asserts="1" />
                  <test-case name="RCL.Test.RunnerTest.TestYieldingABlock" executed="True" success="True" time="0.000" asserts="3" />
                </results>
              </test-suite>
            </results>
          </test-suite>
        </results>
      </test-suite>
    </results>
  </test-suite>
</test-results>